Log file open, 11/27/22 16:08:48
LogWindows: Failed to load 'aqProf.dll' (GetLastError=126)
LogWindows: File 'aqProf.dll' does not exist
LogWindows: Failed to load 'VtuneApi.dll' (GetLastError=126)
LogWindows: File 'VtuneApi.dll' does not exist
LogWindows: Failed to load 'VtuneApi32e.dll' (GetLastError=126)
LogWindows: File 'VtuneApi32e.dll' does not exist
LogConsoleResponse: Display: Failed to find resolution value strings in scalability ini. Falling back to default.
LogConsoleResponse: Display: Failed to find resolution value strings in scalability ini. Falling back to default.
LogInit: Display: Running engine for game: Final_game
LogPlatformFile: Not using cached read wrapper
LogTaskGraph: Started task graph with 5 named threads and 23 total threads with 3 sets of task threads.
LogStats: Stats thread started at 2.822255
LogICUInternationalization: ICU TimeZone Detection - Raw Offset: -6:00, Platform Override: ''
LogInit: Display: Loading text-based GConfig....
LogPluginManager: Mounting plugin MeshPainting
LogPluginManager: Mounting plugin XGEController
LogPluginManager: Mounting plugin Paper2D
LogPluginManager: Mounting plugin LightPropagationVolume
LogPluginManager: Mounting plugin CameraShakePreviewer
LogPluginManager: Mounting plugin GameplayCameras
LogPluginManager: Mounting plugin EnvironmentQueryEditor
LogPluginManager: Mounting plugin AISupport
LogPluginManager: Mounting plugin LiveLink
LogPluginManager: Mounting plugin OodleData
LogPluginManager: Mounting plugin OodleNetwork
LogPluginManager: Mounting plugin DatasmithContent
LogPluginManager: Mounting plugin Niagara
LogPluginManager: Mounting plugin VariantManagerContent
LogPluginManager: Mounting plugin AssetManagerEditor
LogPluginManager: Mounting plugin CurveEditorTools
LogPluginManager: Mounting plugin CryptoKeys
LogPluginManager: Mounting plugin DataValidation
LogPluginManager: Mounting plugin GeometryMode
LogPluginManager: Mounting plugin MacGraphicsSwitching
LogPluginManager: Mounting plugin FacialAnimation
LogPluginManager: Mounting plugin GameplayTagsEditor
LogPluginManager: Mounting plugin MaterialAnalyzer
LogPluginManager: Mounting plugin AnimationSharing
LogPluginManager: Mounting plugin MobileLauncherProfileWizard
LogPluginManager: Mounting plugin PluginBrowser
LogPluginManager: Mounting plugin SpeedTreeImporter
LogPluginManager: Mounting plugin CodeLiteSourceCodeAccess
LogPluginManager: Mounting plugin CLionSourceCodeAccess
LogPluginManager: Mounting plugin GitSourceControl
LogPluginManager: Mounting plugin KDevelopSourceCodeAccess
LogPluginManager: Mounting plugin NullSourceCodeAccess
LogPluginManager: Mounting plugin PerforceSourceControl
LogPluginManager: Mounting plugin PixWinPlugin
LogPluginManager: Mounting plugin PlasticSourceControl
LogPluginManager: Mounting plugin PropertyAccessNode
LogPluginManager: Mounting plugin PluginUtils
LogPluginManager: Mounting plugin RiderSourceCodeAccess
LogPluginManager: Mounting plugin TextureFormatOodle
LogPluginManager: Mounting plugin SubversionSourceControl
LogPluginManager: Mounting plugin UObjectPlugin
LogPluginManager: Mounting plugin VisualStudioCodeSourceCodeAccess
LogPluginManager: Mounting plugin VisualStudioSourceCodeAccess
LogPluginManager: Mounting plugin XCodeSourceCodeAccess
LogPluginManager: Mounting plugin LuminPlatformFeatures
LogPluginManager: Mounting plugin MagicLeap
LogPluginManager: Mounting plugin MagicLeapMedia
LogPluginManager: Mounting plugin MagicLeapLightEstimation
LogPluginManager: Mounting plugin MagicLeapPassableWorld
LogPluginManager: Mounting plugin MLSDK
LogPluginManager: Mounting plugin AlembicImporter
LogPluginManager: Mounting plugin BackChannel
LogPluginManager: Mounting plugin AutomationUtils
LogPluginManager: Mounting plugin ChaosClothEditor
LogPluginManager: Mounting plugin ChaosCloth
LogPluginManager: Mounting plugin ChaosNiagara
LogPluginManager: Mounting plugin CharacterAI
LogPluginManager: Mounting plugin ChaosSolverPlugin
LogPluginManager: Mounting plugin ChaosEditor
LogPluginManager: Mounting plugin TcpMessaging
LogPluginManager: Mounting plugin UdpMessaging
LogPluginManager: Mounting plugin ActorSequence
LogPluginManager: Mounting plugin MatineeToLevelSequence
LogPluginManager: Mounting plugin LevelSequenceEditor
LogPluginManager: Mounting plugin TemplateSequence
LogPluginManager: Mounting plugin AndroidMedia
LogPluginManager: Mounting plugin AvfMedia
LogPluginManager: Mounting plugin MediaCompositing
LogPluginManager: Mounting plugin ImgMedia
LogPluginManager: Mounting plugin MediaPlayerEditor
LogPluginManager: Mounting plugin WmfMedia
LogPluginManager: Mounting plugin WebMMedia
LogPluginManager: Mounting plugin GeometryCache
LogPluginManager: Mounting plugin GeometryCollectionPlugin
LogPluginManager: Mounting plugin GeometryProcessing
LogPluginManager: Mounting plugin PlanarCut
LogPluginManager: Mounting plugin MotoSynth
LogPluginManager: Mounting plugin OpenImageDenoise
LogPluginManager: Mounting plugin ProxyLODPlugin
LogPluginManager: Mounting plugin PlatformCrypto
LogPluginManager: Mounting plugin PythonScriptPlugin
LogPluginManager: Mounting plugin OnlineSubsystem
LogPluginManager: Mounting plugin OnlineSubsystemNull
LogPluginManager: Mounting plugin OnlineSubsystemUtils
LogPluginManager: Mounting plugin SkeletalReduction
LogPluginManager: Mounting plugin LauncherChunkInstaller
LogPluginManager: Mounting plugin ActorLayerUtilities
LogPluginManager: Mounting plugin AndroidPermission
LogPluginManager: Mounting plugin AndroidDeviceProfileSelector
LogPluginManager: Mounting plugin AndroidMoviePlayer
LogPluginManager: Mounting plugin AppleMoviePlayer
LogPluginManager: Mounting plugin AudioCapture
LogPluginManager: Mounting plugin AppleImageUtils
LogPluginManager: Mounting plugin ArchVisCharacter
LogPluginManager: Mounting plugin AudioSynesthesia
LogPluginManager: Mounting plugin AssetTags
LogPluginManager: Mounting plugin CableComponent
LogPluginManager: Mounting plugin ChunkDownloader
LogPluginManager: Mounting plugin CustomMeshComponent
LogPluginManager: Mounting plugin EditableMesh
LogPluginManager: Mounting plugin ExampleDeviceProfileSelector
LogPluginManager: Mounting plugin ScreenshotTools
LogPluginManager: Mounting plugin Takes
LogPluginManager: Mounting plugin GoogleCloudMessaging
LogPluginManager: Mounting plugin GooglePAD
LogPluginManager: Mounting plugin IOSDeviceProfileSelector
LogPluginManager: Mounting plugin LinuxDeviceProfileSelector
LogPluginManager: Mounting plugin LocationServicesBPLibrary
LogPluginManager: Mounting plugin MobilePatchingUtils
LogPluginManager: Mounting plugin OpenXREyeTracker
LogPluginManager: Mounting plugin OpenXR
LogPluginManager: Mounting plugin PostSplashScreen
LogPluginManager: Mounting plugin OpenXRHandTracking
LogPluginManager: Mounting plugin ProceduralMeshComponent
LogPluginManager: Mounting plugin PhysXVehicles
LogPluginManager: Mounting plugin PropertyAccessEditor
LogPluginManager: Mounting plugin RuntimePhysXCooking
LogPluginManager: Mounting plugin SoundFields
LogPluginManager: Mounting plugin SignificanceManager
LogPluginManager: Mounting plugin Synthesis
LogPluginManager: Mounting plugin WebMMoviePlayer
LogPluginManager: Mounting plugin WindowsMoviePlayer
LogPluginManager: Mounting plugin ContentBrowserAssetDataSource
LogPluginManager: Mounting plugin ContentBrowserFileDataSource
LogPluginManager: Mounting plugin ContentBrowserClassDataSource
LogPluginManager: Mounting plugin OnlineSubsystemGooglePlay
LogPluginManager: Mounting plugin OnlineSubsystemIOS
LogPluginManager: Mounting plugin OculusVR
LogPluginManager: Mounting plugin SteamVR
PixWinPlugin: PIX capture plugin failed to initialize! Check that the process is launched from PIX.
LogInit: Using libcurl 7.55.1-DEV
LogInit:  - built for x86_64-pc-win32
LogInit:  - supports SSL with OpenSSL/1.1.1
LogInit:  - supports HTTP deflate (compression) using libz 1.2.8
LogInit:  - other features:
LogInit:      CURL_VERSION_SSL
LogInit:      CURL_VERSION_LIBZ
LogInit:      CURL_VERSION_IPV6
LogInit:      CURL_VERSION_ASYNCHDNS
LogInit:      CURL_VERSION_LARGEFILE
LogInit:      CURL_VERSION_IDN
LogInit:  CurlRequestOptions (configurable via config and command line):
LogInit:  - bVerifyPeer = true  - Libcurl will verify peer certificate
LogInit:  - bUseHttpProxy = false  - Libcurl will NOT use HTTP proxy
LogInit:  - bDontReuseConnections = false  - Libcurl will reuse connections
LogInit:  - MaxHostConnections = 16  - Libcurl will limit the number of connections to a host
LogInit:  - LocalHostAddr = Default
LogInit:  - BufferSize = 65536
LogOnline: OSS: Creating online subsystem instance for: NULL
LogInit: WinSock: version 1.1 (2.2), MaxSocks=32767, MaxUdp=65467
LogOnline: OSS: TryLoadSubsystemAndSetDefault: Loaded subsystem for module [NULL]
LogOculusPluginWrapper: OculusPlugin initialized successfully
LogHMD: Failed initializing OVRPlugin 1.59.0
LogInit: Build: ++UE4+Release-4.27-CL-18319896
LogInit: Engine Version: 4.27.2-18319896+++UE4+Release-4.27
LogInit: Compatible Engine Version: 4.27.0-17155196+++UE4+Release-4.27
LogInit: Net CL: 17155196
LogInit: OS: Windows 10 (Release 2009) (), CPU: Intel(R) Core(TM) i5-10210U CPU @ 1.60GHz, GPU: Intel(R) UHD Graphics
LogInit: Compiled (64-bit): Nov 30 2021 07:12:08
LogInit: Compiled with Visual C++: 19.24.28315.00
LogInit: Build Configuration: Development
LogInit: Branch Name: ++UE4+Release-4.27
LogInit: Command Line: 
LogInit: Base Directory: C:/Program Files/Epic Games/UE_4.27/Engine/Binaries/Win64/
LogInit: Allocator: TBB
LogInit: Installed Engine Build: 1
LogDevObjectVersion: Number of dev versions registered: 29
LogDevObjectVersion:   Dev-Blueprints (B0D832E4-1F89-4F0D-ACCF-7EB736FD4AA2): 10
LogDevObjectVersion:   Dev-Build (E1C64328-A22C-4D53-A36C-8E866417BD8C): 0
LogDevObjectVersion:   Dev-Core (375EC13C-06E4-48FB-B500-84F0262A717E): 4
LogDevObjectVersion:   Dev-Editor (E4B068ED-F494-42E9-A231-DA0B2E46BB41): 40
LogDevObjectVersion:   Dev-Framework (CFFC743F-43B0-4480-9391-14DF171D2073): 37
LogDevObjectVersion:   Dev-Mobile (B02B49B5-BB20-44E9-A304-32B752E40360): 3
LogDevObjectVersion:   Dev-Networking (A4E4105C-59A1-49B5-A7C5-40C4547EDFEE): 0
LogDevObjectVersion:   Dev-Online (39C831C9-5AE6-47DC-9A44-9C173E1C8E7C): 0
LogDevObjectVersion:   Dev-Physics (78F01B33-EBEA-4F98-B9B4-84EACCB95AA2): 14
LogDevObjectVersion:   Dev-Platform (6631380F-2D4D-43E0-8009-CF276956A95A): 0
LogDevObjectVersion:   Dev-Rendering (12F88B9F-8875-4AFC-A67C-D90C383ABD29): 45
LogDevObjectVersion:   Dev-Sequencer (7B5AE74C-D270-4C10-A958-57980B212A5A): 13
LogDevObjectVersion:   Dev-VR (D7296918-1DD6-4BDD-9DE2-64A83CC13884): 3
LogDevObjectVersion:   Dev-LoadTimes (C2A15278-BFE7-4AFE-6C17-90FF531DF755): 1
LogDevObjectVersion:   Private-Geometry (6EACA3D4-40EC-4CC1-B786-8BED09428FC5): 3
LogDevObjectVersion:   Dev-AnimPhys (29E575DD-E0A3-4627-9D10-D276232CDCEA): 17
LogDevObjectVersion:   Dev-Anim (AF43A65D-7FD3-4947-9873-3E8ED9C1BB05): 15
LogDevObjectVersion:   Dev-ReflectionCapture (6B266CEC-1EC7-4B8F-A30B-E4D90942FC07): 1
LogDevObjectVersion:   Dev-Automation (0DF73D61-A23F-47EA-B727-89E90C41499A): 1
LogDevObjectVersion:   FortniteMain (601D1886-AC64-4F84-AA16-D3DE0DEAC7D6): 47
LogDevObjectVersion:   FortniteRelease (E7086368-6B23-4C58-8439-1B7016265E91): 1
LogDevObjectVersion:   Dev-Enterprise (9DFFBCD6-494F-0158-E221-12823C92A888): 10
LogDevObjectVersion:   Dev-Niagara (F2AED0AC-9AFE-416F-8664-AA7FFA26D6FC): 1
LogDevObjectVersion:   Dev-Destruction (174F1F0B-B4C6-45A5-B13F-2EE8D0FB917D): 10
LogDevObjectVersion:   Dev-Physics-Ext (35F94A83-E258-406C-A318-09F59610247C): 41
LogDevObjectVersion:   Dev-PhysicsMaterial-Chaos (B68FC16E-8B1B-42E2-B453-215C058844FE): 1
LogDevObjectVersion:   Dev-CineCamera (B2E18506-4273-CFC2-A54E-F4BB758BBA07): 1
LogDevObjectVersion:   Dev-VirtualProduction (64F58936-FD1B-42BA-BA96-7289D5D0FA4E): 1
LogDevObjectVersion:   Dev-MediaFramework (6F0ED827-A609-4895-9C91-998D90180EA4): 2
LogInit: Presizing for max 25165824 objects, including 0 objects not considered by GC, pre-allocating 0 bytes for permanent pool.
LogConfig: Applying CVar settings from Section [/Script/Engine.StreamingSettings] File [C:/Users/houccstudent/OneDrive - Houston Community College/Documents/Unreal Projects/Final_game/Saved/Config/Windows/Engine.ini]
LogConfig: Setting CVar [[s.MinBulkDataSizeForAsyncLoading:131072]]
LogConfig: Setting CVar [[s.AsyncLoadingThreadEnabled:0]]
LogConfig: Setting CVar [[s.EventDrivenLoaderEnabled:1]]
LogConfig: Setting CVar [[s.WarnIfTimeLimitExceeded:0]]
LogConfig: Setting CVar [[s.TimeLimitExceededMultiplier:1.5]]
LogConfig: Setting CVar [[s.TimeLimitExceededMinTime:0.005]]
LogConfig: Setting CVar [[s.UseBackgroundLevelStreaming:1]]
LogConfig: Setting CVar [[s.PriorityAsyncLoadingExtraTime:15.0]]
LogConfig: Setting CVar [[s.LevelStreamingActorsUpdateTimeLimit:5.0]]
LogConfig: Setting CVar [[s.PriorityLevelStreamingActorsUpdateExtraTime:5.0]]
LogConfig: Setting CVar [[s.LevelStreamingComponentsRegistrationGranularity:10]]
LogConfig: Setting CVar [[s.UnregisterComponentsTimeLimit:1.0]]
LogConfig: Setting CVar [[s.LevelStreamingComponentsUnregistrationGranularity:5]]
LogConfig: Setting CVar [[s.FlushStreamingOnExit:1]]
LogInit: Object subsystem initialized
LogConfig: Setting CVar [[con.DebugEarlyDefault:1]]
LogConfig: Setting CVar [[r.setres:1280x720]]
[2022.11.27-22.08.51:781][  0]LogConfig: Setting CVar [[r.VSync:0]]
[2022.11.27-22.08.51:781][  0]LogConfig: Setting CVar [[r.RHICmdBypass:0]]
[2022.11.27-22.08.51:781][  0]LogConfig: Applying CVar settings from Section [/Script/Engine.RendererSettings] File [C:/Users/houccstudent/OneDrive - Houston Community College/Documents/Unreal Projects/Final_game/Saved/Config/Windows/Engine.ini]
[2022.11.27-22.08.51:781][  0]LogConfig: Setting CVar [[r.GPUCrashDebugging:0]]
[2022.11.27-22.08.51:781][  0]LogConfig: Applying CVar settings from Section [/Script/Engine.RendererOverrideSettings] File [C:/Users/houccstudent/OneDrive - Houston Community College/Documents/Unreal Projects/Final_game/Saved/Config/Windows/Engine.ini]
[2022.11.27-22.08.51:781][  0]LogConfig: Applying CVar settings from Section [/Script/Engine.StreamingSettings] File [C:/Users/houccstudent/OneDrive - Houston Community College/Documents/Unreal Projects/Final_game/Saved/Config/Windows/Engine.ini]
[2022.11.27-22.08.51:781][  0]LogConfig: Setting CVar [[s.MinBulkDataSizeForAsyncLoading:131072]]
[2022.11.27-22.08.51:781][  0]LogConfig: Setting CVar [[s.AsyncLoadingThreadEnabled:0]]
[2022.11.27-22.08.51:781][  0]LogConfig: Setting CVar [[s.EventDrivenLoaderEnabled:1]]
[2022.11.27-22.08.51:781][  0]LogConfig: Setting CVar [[s.WarnIfTimeLimitExceeded:0]]
[2022.11.27-22.08.51:781][  0]LogConfig: Setting CVar [[s.TimeLimitExceededMultiplier:1.5]]
[2022.11.27-22.08.51:781][  0]LogConfig: Setting CVar [[s.TimeLimitExceededMinTime:0.005]]
[2022.11.27-22.08.51:781][  0]LogConfig: Setting CVar [[s.UseBackgroundLevelStreaming:1]]
[2022.11.27-22.08.51:781][  0]LogConfig: Setting CVar [[s.PriorityAsyncLoadingExtraTime:15.0]]
[2022.11.27-22.08.51:781][  0]LogConfig: Setting CVar [[s.LevelStreamingActorsUpdateTimeLimit:5.0]]
[2022.11.27-22.08.51:781][  0]LogConfig: Setting CVar [[s.PriorityLevelStreamingActorsUpdateExtraTime:5.0]]
[2022.11.27-22.08.51:781][  0]LogConfig: Setting CVar [[s.LevelStreamingComponentsRegistrationGranularity:10]]
[2022.11.27-22.08.51:781][  0]LogConfig: Setting CVar [[s.UnregisterComponentsTimeLimit:1.0]]
[2022.11.27-22.08.51:781][  0]LogConfig: Setting CVar [[s.LevelStreamingComponentsUnregistrationGranularity:5]]
[2022.11.27-22.08.51:781][  0]LogConfig: Setting CVar [[s.FlushStreamingOnExit:1]]
[2022.11.27-22.08.51:781][  0]LogConfig: Applying CVar settings from Section [/Script/Engine.GarbageCollectionSettings] File [C:/Users/houccstudent/OneDrive - Houston Community College/Documents/Unreal Projects/Final_game/Saved/Config/Windows/Engine.ini]
[2022.11.27-22.08.51:781][  0]LogConfig: Setting CVar [[gc.MaxObjectsNotConsideredByGC:1]]
[2022.11.27-22.08.51:781][  0]LogConfig: Setting CVar [[gc.SizeOfPermanentObjectPool:0]]
[2022.11.27-22.08.51:781][  0]LogConfig: Setting CVar [[gc.FlushStreamingOnGC:0]]
[2022.11.27-22.08.51:781][  0]LogConfig: Setting CVar [[gc.NumRetriesBeforeForcingGC:10]]
[2022.11.27-22.08.51:781][  0]LogConfig: Setting CVar [[gc.AllowParallelGC:1]]
[2022.11.27-22.08.51:781][  0]LogConfig: Setting CVar [[gc.TimeBetweenPurgingPendingKillObjects:61.1]]
[2022.11.27-22.08.51:781][  0]LogConfig: Setting CVar [[gc.MaxObjectsInEditor:25165824]]
[2022.11.27-22.08.51:781][  0]LogConfig: Setting CVar [[gc.IncrementalBeginDestroyEnabled:1]]
[2022.11.27-22.08.51:781][  0]LogConfig: Setting CVar [[gc.CreateGCClusters:1]]
[2022.11.27-22.08.51:781][  0]LogConfig: Setting CVar [[gc.MinGCClusterSize:5]]
[2022.11.27-22.08.51:781][  0]LogConfig: Setting CVar [[gc.ActorClusteringEnabled:0]]
[2022.11.27-22.08.51:781][  0]LogConfig: Setting CVar [[gc.BlueprintClusteringEnabled:0]]
[2022.11.27-22.08.51:781][  0]LogConfig: Setting CVar [[gc.UseDisregardForGCOnDedicatedServers:0]]
[2022.11.27-22.08.51:781][  0]LogConfig: Setting CVar [[gc.MultithreadedDestructionEnabled:1]]
[2022.11.27-22.08.51:781][  0]LogConfig: Applying CVar settings from Section [/Script/Engine.NetworkSettings] File [C:/Users/houccstudent/OneDrive - Houston Community College/Documents/Unreal Projects/Final_game/Saved/Config/Windows/Engine.ini]
[2022.11.27-22.08.51:781][  0]LogConfig: Applying CVar settings from Section [/Script/UnrealEd.CookerSettings] File [C:/Users/houccstudent/OneDrive - Houston Community College/Documents/Unreal Projects/Final_game/Saved/Config/Windows/Engine.ini]
[2022.11.27-22.08.51:798][  0]LogConfig: Applying CVar settings from Section [ViewDistanceQuality@3] File [C:/Users/houccstudent/OneDrive - Houston Community College/Documents/Unreal Projects/Final_game/Saved/Config/Windows/Scalability.ini]
[2022.11.27-22.08.51:799][  0]LogConfig: Setting CVar [[r.SkeletalMeshLODBias:0]]
[2022.11.27-22.08.51:799][  0]LogConfig: Setting CVar [[r.ViewDistanceScale:1.0]]
[2022.11.27-22.08.51:799][  0]LogConfig: Applying CVar settings from Section [AntiAliasingQuality@3] File [C:/Users/houccstudent/OneDrive - Houston Community College/Documents/Unreal Projects/Final_game/Saved/Config/Windows/Scalability.ini]
[2022.11.27-22.08.51:799][  0]LogConfig: Setting CVar [[r.PostProcessAAQuality:4]]
[2022.11.27-22.08.51:799][  0]LogConfig: Applying CVar settings from Section [ShadowQuality@3] File [C:/Users/houccstudent/OneDrive - Houston Community College/Documents/Unreal Projects/Final_game/Saved/Config/Windows/Scalability.ini]
[2022.11.27-22.08.51:799][  0]LogConfig: Setting CVar [[r.LightFunctionQuality:1]]
[2022.11.27-22.08.51:799][  0]LogConfig: Setting CVar [[r.ShadowQuality:5]]
[2022.11.27-22.08.51:799][  0]LogConfig: Setting CVar [[r.Shadow.CSM.MaxCascades:10]]
[2022.11.27-22.08.51:799][  0]LogConfig: Setting CVar [[r.Shadow.MaxResolution:2048]]
[2022.11.27-22.08.51:799][  0]LogConfig: Setting CVar [[r.Shadow.MaxCSMResolution:2048]]
[2022.11.27-22.08.51:799][  0]LogConfig: Setting CVar [[r.Shadow.RadiusThreshold:0.01]]
[2022.11.27-22.08.51:799][  0]LogConfig: Setting CVar [[r.Shadow.DistanceScale:1.0]]
[2022.11.27-22.08.51:799][  0]LogConfig: Setting CVar [[r.Shadow.CSM.TransitionScale:1.0]]
[2022.11.27-22.08.51:799][  0]LogConfig: Setting CVar [[r.Shadow.PreShadowResolutionFactor:1.0]]
[2022.11.27-22.08.51:799][  0]LogConfig: Setting CVar [[r.DistanceFieldShadowing:1]]
[2022.11.27-22.08.51:799][  0]LogConfig: Setting CVar [[r.DistanceFieldAO:1]]
[2022.11.27-22.08.51:799][  0]LogConfig: Setting CVar [[r.AOQuality:2]]
[2022.11.27-22.08.51:799][  0]LogConfig: Setting CVar [[r.VolumetricFog:1]]
[2022.11.27-22.08.51:799][  0]LogConfig: Setting CVar [[r.VolumetricFog.GridPixelSize:8]]
[2022.11.27-22.08.51:799][  0]LogConfig: Setting CVar [[r.VolumetricFog.GridSizeZ:128]]
[2022.11.27-22.08.51:799][  0]LogConfig: Setting CVar [[r.VolumetricFog.HistoryMissSupersampleCount:4]]
[2022.11.27-22.08.51:799][  0]LogConfig: Setting CVar [[r.LightMaxDrawDistanceScale:1]]
[2022.11.27-22.08.51:799][  0]LogConfig: Setting CVar [[r.CapsuleShadows:1]]
[2022.11.27-22.08.51:799][  0]LogConfig: Applying CVar settings from Section [PostProcessQuality@3] File [C:/Users/houccstudent/OneDrive - Houston Community College/Documents/Unreal Projects/Final_game/Saved/Config/Windows/Scalability.ini]
[2022.11.27-22.08.51:800][  0]LogConfig: Setting CVar [[r.MotionBlurQuality:4]]
[2022.11.27-22.08.51:800][  0]LogConfig: Setting CVar [[r.AmbientOcclusionMipLevelFactor:0.4]]
[2022.11.27-22.08.51:800][  0]LogConfig: Setting CVar [[r.AmbientOcclusionMaxQuality:100]]
[2022.11.27-22.08.51:800][  0]LogConfig: Setting CVar [[r.AmbientOcclusionLevels:-1]]
[2022.11.27-22.08.51:800][  0]LogConfig: Setting CVar [[r.AmbientOcclusionRadiusScale:1.0]]
[2022.11.27-22.08.51:800][  0]LogConfig: Setting CVar [[r.DepthOfFieldQuality:2]]
[2022.11.27-22.08.51:800][  0]LogConfig: Setting CVar [[r.RenderTargetPoolMin:400]]
[2022.11.27-22.08.51:800][  0]LogConfig: Setting CVar [[r.LensFlareQuality:2]]
[2022.11.27-22.08.51:800][  0]LogConfig: Setting CVar [[r.SceneColorFringeQuality:1]]
[2022.11.27-22.08.51:800][  0]LogConfig: Setting CVar [[r.EyeAdaptationQuality:2]]
[2022.11.27-22.08.51:800][  0]LogConfig: Setting CVar [[r.BloomQuality:5]]
[2022.11.27-22.08.51:800][  0]LogConfig: Setting CVar [[r.FastBlurThreshold:100]]
[2022.11.27-22.08.51:800][  0]LogConfig: Setting CVar [[r.Upscale.Quality:3]]
[2022.11.27-22.08.51:800][  0]LogConfig: Setting CVar [[r.Tonemapper.GrainQuantization:1]]
[2022.11.27-22.08.51:800][  0]LogConfig: Setting CVar [[r.LightShaftQuality:1]]
[2022.11.27-22.08.51:800][  0]LogConfig: Setting CVar [[r.Filter.SizeScale:1]]
[2022.11.27-22.08.51:800][  0]LogConfig: Setting CVar [[r.Tonemapper.Quality:5]]
[2022.11.27-22.08.51:800][  0]LogConfig: Setting CVar [[r.DOF.Gather.AccumulatorQuality:1        ; higher gathering accumulator quality]]
[2022.11.27-22.08.51:800][  0]LogConfig: Setting CVar [[r.DOF.Gather.PostfilterMethod:1          ; Median3x3 postfilering method]]
[2022.11.27-22.08.51:800][  0]LogConfig: Setting CVar [[r.DOF.Gather.EnableBokehSettings:0       ; no bokeh simulation when gathering]]
[2022.11.27-22.08.51:800][  0]LogConfig: Setting CVar [[r.DOF.Gather.RingCount:4                 ; medium number of samples when gathering]]
[2022.11.27-22.08.51:800][  0]LogConfig: Setting CVar [[r.DOF.Scatter.ForegroundCompositing:1    ; additive foreground scattering]]
[2022.11.27-22.08.51:800][  0]LogConfig: Setting CVar [[r.DOF.Scatter.BackgroundCompositing:2    ; additive background scattering]]
[2022.11.27-22.08.51:800][  0]LogConfig: Setting CVar [[r.DOF.Scatter.EnableBokehSettings:1      ; bokeh simulation when scattering]]
[2022.11.27-22.08.51:801][  0]LogConfig: Setting CVar [[r.DOF.Scatter.MaxSpriteRatio:0.1         ; only a maximum of 10% of scattered bokeh]]
[2022.11.27-22.08.51:801][  0]LogConfig: Setting CVar [[r.DOF.Recombine.Quality:1                ; cheap slight out of focus]]
[2022.11.27-22.08.51:801][  0]LogConfig: Setting CVar [[r.DOF.Recombine.EnableBokehSettings:0    ; no bokeh simulation on slight out of focus]]
[2022.11.27-22.08.51:801][  0]LogConfig: Setting CVar [[r.DOF.TemporalAAQuality:1                ; more stable temporal accumulation]]
[2022.11.27-22.08.51:801][  0]LogConfig: Setting CVar [[r.DOF.Kernel.MaxForegroundRadius:0.025]]
[2022.11.27-22.08.51:801][  0]LogConfig: Setting CVar [[r.DOF.Kernel.MaxBackgroundRadius:0.025]]
[2022.11.27-22.08.51:801][  0]LogConfig: Applying CVar settings from Section [TextureQuality@3] File [C:/Users/houccstudent/OneDrive - Houston Community College/Documents/Unreal Projects/Final_game/Saved/Config/Windows/Scalability.ini]
[2022.11.27-22.08.51:801][  0]LogConfig: Setting CVar [[r.Streaming.MipBias:0]]
[2022.11.27-22.08.51:801][  0]LogConfig: Setting CVar [[r.Streaming.AmortizeCPUToGPUCopy:0]]
[2022.11.27-22.08.51:801][  0]LogConfig: Setting CVar [[r.Streaming.MaxNumTexturesToStreamPerFrame:0]]
[2022.11.27-22.08.51:801][  0]LogConfig: Setting CVar [[r.Streaming.Boost:1]]
[2022.11.27-22.08.51:801][  0]LogConfig: Setting CVar [[r.MaxAnisotropy:8]]
[2022.11.27-22.08.51:801][  0]LogConfig: Setting CVar [[r.VT.MaxAnisotropy:8]]
[2022.11.27-22.08.51:801][  0]LogConfig: Setting CVar [[r.Streaming.LimitPoolSizeToVRAM:0]]
[2022.11.27-22.08.51:801][  0]LogConfig: Setting CVar [[r.Streaming.PoolSize:1000]]
[2022.11.27-22.08.51:801][  0]LogConfig: Setting CVar [[r.Streaming.MaxEffectiveScreenSize:0]]
[2022.11.27-22.08.51:801][  0]LogConfig: Applying CVar settings from Section [EffectsQuality@3] File [C:/Users/houccstudent/OneDrive - Houston Community College/Documents/Unreal Projects/Final_game/Saved/Config/Windows/Scalability.ini]
[2022.11.27-22.08.51:801][  0]LogConfig: Setting CVar [[r.TranslucencyLightingVolumeDim:64]]
[2022.11.27-22.08.51:801][  0]LogConfig: Setting CVar [[r.RefractionQuality:2]]
[2022.11.27-22.08.51:801][  0]LogConfig: Setting CVar [[r.SSR.Quality:3]]
[2022.11.27-22.08.51:802][  0]LogConfig: Setting CVar [[r.SSR.HalfResSceneColor:0]]
[2022.11.27-22.08.51:803][  0]LogConfig: Setting CVar [[r.SceneColorFormat:4]]
[2022.11.27-22.08.51:803][  0]LogConfig: Setting CVar [[r.DetailMode:2]]
[2022.11.27-22.08.51:803][  0]LogConfig: Setting CVar [[r.TranslucencyVolumeBlur:1]]
[2022.11.27-22.08.51:803][  0]LogConfig: Setting CVar [[r.MaterialQualityLevel:1 ; High quality]]
[2022.11.27-22.08.51:803][  0]LogConfig: Setting CVar [[r.AnisotropicMaterials:1]]
[2022.11.27-22.08.51:803][  0]LogConfig: Setting CVar [[r.SSS.Scale:1]]
[2022.11.27-22.08.51:803][  0]LogConfig: Setting CVar [[r.SSS.SampleSet:2]]
[2022.11.27-22.08.51:803][  0]LogConfig: Setting CVar [[r.SSS.Quality:1]]
[2022.11.27-22.08.51:803][  0]LogConfig: Setting CVar [[r.SSS.HalfRes:0]]
[2022.11.27-22.08.51:803][  0]LogConfig: Setting CVar [[r.SSGI.Quality:3]]
[2022.11.27-22.08.51:803][  0]LogConfig: Setting CVar [[r.EmitterSpawnRateScale:1.0]]
[2022.11.27-22.08.51:803][  0]LogConfig: Setting CVar [[r.ParticleLightQuality:2]]
[2022.11.27-22.08.51:803][  0]LogConfig: Setting CVar [[r.SkyAtmosphere.AerialPerspectiveLUT.FastApplyOnOpaque:1 ; Always have FastSkyLUT 1 in this case to avoid wrong sky]]
[2022.11.27-22.08.51:803][  0]LogConfig: Setting CVar [[r.SkyAtmosphere.AerialPerspectiveLUT.SampleCountMaxPerSlice:4]]
[2022.11.27-22.08.51:803][  0]LogConfig: Setting CVar [[r.SkyAtmosphere.AerialPerspectiveLUT.DepthResolution:16.0]]
[2022.11.27-22.08.51:803][  0]LogConfig: Setting CVar [[r.SkyAtmosphere.FastSkyLUT:1]]
[2022.11.27-22.08.51:804][  0]LogConfig: Setting CVar [[r.SkyAtmosphere.FastSkyLUT.SampleCountMin:4.0]]
[2022.11.27-22.08.51:804][  0]LogConfig: Setting CVar [[r.SkyAtmosphere.FastSkyLUT.SampleCountMax:128.0]]
[2022.11.27-22.08.51:804][  0]LogConfig: Setting CVar [[r.SkyAtmosphere.SampleCountMin:4.0]]
[2022.11.27-22.08.51:804][  0]LogConfig: Setting CVar [[r.SkyAtmosphere.SampleCountMax:128.0]]
[2022.11.27-22.08.51:804][  0]LogConfig: Setting CVar [[r.SkyAtmosphere.TransmittanceLUT.UseSmallFormat:0]]
[2022.11.27-22.08.51:804][  0]LogConfig: Setting CVar [[r.SkyAtmosphere.TransmittanceLUT.SampleCount:10.0]]
[2022.11.27-22.08.51:804][  0]LogConfig: Setting CVar [[r.SkyAtmosphere.MultiScatteringLUT.SampleCount:15.0]]
[2022.11.27-22.08.51:804][  0]LogConfig: Setting CVar [[r.SkyLight.RealTimeReflectionCapture:1]]
[2022.11.27-22.08.51:804][  0]LogConfig: Applying CVar settings from Section [FoliageQuality@3] File [C:/Users/houccstudent/OneDrive - Houston Community College/Documents/Unreal Projects/Final_game/Saved/Config/Windows/Scalability.ini]
[2022.11.27-22.08.51:804][  0]LogConfig: Setting CVar [[foliage.DensityScale:1.0]]
[2022.11.27-22.08.51:804][  0]LogConfig: Setting CVar [[grass.DensityScale:1.0]]
[2022.11.27-22.08.51:804][  0]LogConfig: Applying CVar settings from Section [ShadingQuality@3] File [C:/Users/houccstudent/OneDrive - Houston Community College/Documents/Unreal Projects/Final_game/Saved/Config/Windows/Scalability.ini]
[2022.11.27-22.08.51:804][  0]LogConfig: Setting CVar [[r.HairStrands.SkyLighting.IntegrationType:2]]
[2022.11.27-22.08.51:804][  0]LogConfig: Setting CVar [[r.HairStrands.SkyAO.SampleCount:4]]
[2022.11.27-22.08.51:804][  0]LogConfig: Setting CVar [[r.HairStrands.Visibility.MSAA.SamplePerPixel:4]]
[2022.11.27-22.08.51:806][  0]LogInit: Selected Device Profile: [Windows]
[2022.11.27-22.08.51:806][  0]LogInit: Applying CVar settings loaded from the selected device profile: [Windows]
[2022.11.27-22.08.51:806][  0]LogHAL: Display: Platform has ~ 8 GB [8339005440 / 8589934592 / 8], which maps to Default [LargestMinGB=32, LargerMinGB=12, DefaultMinGB=8, SmallerMinGB=6, SmallestMinGB=0)
[2022.11.27-22.08.51:807][  0]LogInit: Going up to parent DeviceProfile []
[2022.11.27-22.08.51:807][  0]LogConfig: Applying CVar settings from Section [ViewDistanceQuality@3] File [C:/Users/houccstudent/OneDrive - Houston Community College/Documents/Unreal Projects/Final_game/Saved/Config/Windows/Scalability.ini]
[2022.11.27-22.08.51:807][  0]LogConfig: Setting CVar [[r.SkeletalMeshLODBias:0]]
[2022.11.27-22.08.51:807][  0]LogConfig: Setting CVar [[r.ViewDistanceScale:1.0]]
[2022.11.27-22.08.51:807][  0]LogConfig: Applying CVar settings from Section [AntiAliasingQuality@3] File [C:/Users/houccstudent/OneDrive - Houston Community College/Documents/Unreal Projects/Final_game/Saved/Config/Windows/Scalability.ini]
[2022.11.27-22.08.51:807][  0]LogConfig: Setting CVar [[r.PostProcessAAQuality:4]]
[2022.11.27-22.08.51:807][  0]LogConfig: Applying CVar settings from Section [ShadowQuality@3] File [C:/Users/houccstudent/OneDrive - Houston Community College/Documents/Unreal Projects/Final_game/Saved/Config/Windows/Scalability.ini]
[2022.11.27-22.08.51:807][  0]LogConfig: Setting CVar [[r.LightFunctionQuality:1]]
[2022.11.27-22.08.51:807][  0]LogConfig: Setting CVar [[r.ShadowQuality:5]]
[2022.11.27-22.08.51:807][  0]LogConfig: Setting CVar [[r.Shadow.CSM.MaxCascades:10]]
[2022.11.27-22.08.51:807][  0]LogConfig: Setting CVar [[r.Shadow.MaxResolution:2048]]
[2022.11.27-22.08.51:807][  0]LogConfig: Setting CVar [[r.Shadow.MaxCSMResolution:2048]]
[2022.11.27-22.08.51:807][  0]LogConfig: Setting CVar [[r.Shadow.RadiusThreshold:0.01]]
[2022.11.27-22.08.51:807][  0]LogConfig: Setting CVar [[r.Shadow.DistanceScale:1.0]]
[2022.11.27-22.08.51:807][  0]LogConfig: Setting CVar [[r.Shadow.CSM.TransitionScale:1.0]]
[2022.11.27-22.08.51:807][  0]LogConfig: Setting CVar [[r.Shadow.PreShadowResolutionFactor:1.0]]
[2022.11.27-22.08.51:807][  0]LogConfig: Setting CVar [[r.DistanceFieldShadowing:1]]
[2022.11.27-22.08.51:807][  0]LogConfig: Setting CVar [[r.DistanceFieldAO:1]]
[2022.11.27-22.08.51:807][  0]LogConfig: Setting CVar [[r.AOQuality:2]]
[2022.11.27-22.08.51:807][  0]LogConfig: Setting CVar [[r.VolumetricFog:1]]
[2022.11.27-22.08.51:807][  0]LogConfig: Setting CVar [[r.VolumetricFog.GridPixelSize:8]]
[2022.11.27-22.08.51:807][  0]LogConfig: Setting CVar [[r.VolumetricFog.GridSizeZ:128]]
[2022.11.27-22.08.51:807][  0]LogConfig: Setting CVar [[r.VolumetricFog.HistoryMissSupersampleCount:4]]
[2022.11.27-22.08.51:808][  0]LogConfig: Setting CVar [[r.LightMaxDrawDistanceScale:1]]
[2022.11.27-22.08.51:808][  0]LogConfig: Setting CVar [[r.CapsuleShadows:1]]
[2022.11.27-22.08.51:808][  0]LogConfig: Applying CVar settings from Section [PostProcessQuality@3] File [C:/Users/houccstudent/OneDrive - Houston Community College/Documents/Unreal Projects/Final_game/Saved/Config/Windows/Scalability.ini]
[2022.11.27-22.08.51:808][  0]LogConfig: Setting CVar [[r.MotionBlurQuality:4]]
[2022.11.27-22.08.51:808][  0]LogConfig: Setting CVar [[r.AmbientOcclusionMipLevelFactor:0.4]]
[2022.11.27-22.08.51:808][  0]LogConfig: Setting CVar [[r.AmbientOcclusionMaxQuality:100]]
[2022.11.27-22.08.51:808][  0]LogConfig: Setting CVar [[r.AmbientOcclusionLevels:-1]]
[2022.11.27-22.08.51:808][  0]LogConfig: Setting CVar [[r.AmbientOcclusionRadiusScale:1.0]]
[2022.11.27-22.08.51:808][  0]LogConfig: Setting CVar [[r.DepthOfFieldQuality:2]]
[2022.11.27-22.08.51:808][  0]LogConfig: Setting CVar [[r.RenderTargetPoolMin:400]]
[2022.11.27-22.08.51:808][  0]LogConfig: Setting CVar [[r.LensFlareQuality:2]]
[2022.11.27-22.08.51:808][  0]LogConfig: Setting CVar [[r.SceneColorFringeQuality:1]]
[2022.11.27-22.08.51:809][  0]LogConfig: Setting CVar [[r.EyeAdaptationQuality:2]]
[2022.11.27-22.08.51:809][  0]LogConfig: Setting CVar [[r.BloomQuality:5]]
[2022.11.27-22.08.51:809][  0]LogConfig: Setting CVar [[r.FastBlurThreshold:100]]
[2022.11.27-22.08.51:809][  0]LogConfig: Setting CVar [[r.Upscale.Quality:3]]
[2022.11.27-22.08.51:809][  0]LogConfig: Setting CVar [[r.Tonemapper.GrainQuantization:1]]
[2022.11.27-22.08.51:809][  0]LogConfig: Setting CVar [[r.LightShaftQuality:1]]
[2022.11.27-22.08.51:809][  0]LogConfig: Setting CVar [[r.Filter.SizeScale:1]]
[2022.11.27-22.08.51:809][  0]LogConfig: Setting CVar [[r.Tonemapper.Quality:5]]
[2022.11.27-22.08.51:809][  0]LogConfig: Setting CVar [[r.DOF.Gather.AccumulatorQuality:1        ; higher gathering accumulator quality]]
[2022.11.27-22.08.51:809][  0]LogConfig: Setting CVar [[r.DOF.Gather.PostfilterMethod:1          ; Median3x3 postfilering method]]
[2022.11.27-22.08.51:809][  0]LogConfig: Setting CVar [[r.DOF.Gather.EnableBokehSettings:0       ; no bokeh simulation when gathering]]
[2022.11.27-22.08.51:809][  0]LogConfig: Setting CVar [[r.DOF.Gather.RingCount:4                 ; medium number of samples when gathering]]
[2022.11.27-22.08.51:809][  0]LogConfig: Setting CVar [[r.DOF.Scatter.ForegroundCompositing:1    ; additive foreground scattering]]
[2022.11.27-22.08.51:809][  0]LogConfig: Setting CVar [[r.DOF.Scatter.BackgroundCompositing:2    ; additive background scattering]]
[2022.11.27-22.08.51:809][  0]LogConfig: Setting CVar [[r.DOF.Scatter.EnableBokehSettings:1      ; bokeh simulation when scattering]]
[2022.11.27-22.08.51:809][  0]LogConfig: Setting CVar [[r.DOF.Scatter.MaxSpriteRatio:0.1         ; only a maximum of 10% of scattered bokeh]]
[2022.11.27-22.08.51:809][  0]LogConfig: Setting CVar [[r.DOF.Recombine.Quality:1                ; cheap slight out of focus]]
[2022.11.27-22.08.51:809][  0]LogConfig: Setting CVar [[r.DOF.Recombine.EnableBokehSettings:0    ; no bokeh simulation on slight out of focus]]
[2022.11.27-22.08.51:809][  0]LogConfig: Setting CVar [[r.DOF.TemporalAAQuality:1                ; more stable temporal accumulation]]
[2022.11.27-22.08.51:809][  0]LogConfig: Setting CVar [[r.DOF.Kernel.MaxForegroundRadius:0.025]]
[2022.11.27-22.08.51:809][  0]LogConfig: Setting CVar [[r.DOF.Kernel.MaxBackgroundRadius:0.025]]
[2022.11.27-22.08.51:809][  0]LogConfig: Applying CVar settings from Section [TextureQuality@3] File [C:/Users/houccstudent/OneDrive - Houston Community College/Documents/Unreal Projects/Final_game/Saved/Config/Windows/Scalability.ini]
[2022.11.27-22.08.51:809][  0]LogConfig: Setting CVar [[r.Streaming.MipBias:0]]
[2022.11.27-22.08.51:810][  0]LogConfig: Setting CVar [[r.Streaming.AmortizeCPUToGPUCopy:0]]
[2022.11.27-22.08.51:810][  0]LogConfig: Setting CVar [[r.Streaming.MaxNumTexturesToStreamPerFrame:0]]
[2022.11.27-22.08.51:810][  0]LogConfig: Setting CVar [[r.Streaming.Boost:1]]
[2022.11.27-22.08.51:810][  0]LogConfig: Setting CVar [[r.MaxAnisotropy:8]]
[2022.11.27-22.08.51:810][  0]LogConfig: Setting CVar [[r.VT.MaxAnisotropy:8]]
[2022.11.27-22.08.51:810][  0]LogConfig: Setting CVar [[r.Streaming.LimitPoolSizeToVRAM:0]]
[2022.11.27-22.08.51:810][  0]LogConfig: Setting CVar [[r.Streaming.PoolSize:1000]]
[2022.11.27-22.08.51:810][  0]LogConfig: Setting CVar [[r.Streaming.MaxEffectiveScreenSize:0]]
[2022.11.27-22.08.51:810][  0]LogConfig: Applying CVar settings from Section [EffectsQuality@3] File [C:/Users/houccstudent/OneDrive - Houston Community College/Documents/Unreal Projects/Final_game/Saved/Config/Windows/Scalability.ini]
[2022.11.27-22.08.51:810][  0]LogConfig: Setting CVar [[r.TranslucencyLightingVolumeDim:64]]
[2022.11.27-22.08.51:810][  0]LogConfig: Setting CVar [[r.RefractionQuality:2]]
[2022.11.27-22.08.51:810][  0]LogConfig: Setting CVar [[r.SSR.Quality:3]]
[2022.11.27-22.08.51:810][  0]LogConfig: Setting CVar [[r.SSR.HalfResSceneColor:0]]
[2022.11.27-22.08.51:810][  0]LogConfig: Setting CVar [[r.SceneColorFormat:4]]
[2022.11.27-22.08.51:810][  0]LogConfig: Setting CVar [[r.DetailMode:2]]
[2022.11.27-22.08.51:810][  0]LogConfig: Setting CVar [[r.TranslucencyVolumeBlur:1]]
[2022.11.27-22.08.51:810][  0]LogConfig: Setting CVar [[r.MaterialQualityLevel:1 ; High quality]]
[2022.11.27-22.08.51:810][  0]LogConfig: Setting CVar [[r.AnisotropicMaterials:1]]
[2022.11.27-22.08.51:810][  0]LogConfig: Setting CVar [[r.SSS.Scale:1]]
[2022.11.27-22.08.51:810][  0]LogConfig: Setting CVar [[r.SSS.SampleSet:2]]
[2022.11.27-22.08.51:810][  0]LogConfig: Setting CVar [[r.SSS.Quality:1]]
[2022.11.27-22.08.51:810][  0]LogConfig: Setting CVar [[r.SSS.HalfRes:0]]
[2022.11.27-22.08.51:810][  0]LogConfig: Setting CVar [[r.SSGI.Quality:3]]
[2022.11.27-22.08.51:810][  0]LogConfig: Setting CVar [[r.EmitterSpawnRateScale:1.0]]
[2022.11.27-22.08.51:810][  0]LogConfig: Setting CVar [[r.ParticleLightQuality:2]]
[2022.11.27-22.08.51:810][  0]LogConfig: Setting CVar [[r.SkyAtmosphere.AerialPerspectiveLUT.FastApplyOnOpaque:1 ; Always have FastSkyLUT 1 in this case to avoid wrong sky]]
[2022.11.27-22.08.51:810][  0]LogConfig: Setting CVar [[r.SkyAtmosphere.AerialPerspectiveLUT.SampleCountMaxPerSlice:4]]
[2022.11.27-22.08.51:810][  0]LogConfig: Setting CVar [[r.SkyAtmosphere.AerialPerspectiveLUT.DepthResolution:16.0]]
[2022.11.27-22.08.51:810][  0]LogConfig: Setting CVar [[r.SkyAtmosphere.FastSkyLUT:1]]
[2022.11.27-22.08.51:810][  0]LogConfig: Setting CVar [[r.SkyAtmosphere.FastSkyLUT.SampleCountMin:4.0]]
[2022.11.27-22.08.51:810][  0]LogConfig: Setting CVar [[r.SkyAtmosphere.FastSkyLUT.SampleCountMax:128.0]]
[2022.11.27-22.08.51:810][  0]LogConfig: Setting CVar [[r.SkyAtmosphere.SampleCountMin:4.0]]
[2022.11.27-22.08.51:810][  0]LogConfig: Setting CVar [[r.SkyAtmosphere.SampleCountMax:128.0]]
[2022.11.27-22.08.51:810][  0]LogConfig: Setting CVar [[r.SkyAtmosphere.TransmittanceLUT.UseSmallFormat:0]]
[2022.11.27-22.08.51:810][  0]LogConfig: Setting CVar [[r.SkyAtmosphere.TransmittanceLUT.SampleCount:10.0]]
[2022.11.27-22.08.51:810][  0]LogConfig: Setting CVar [[r.SkyAtmosphere.MultiScatteringLUT.SampleCount:15.0]]
[2022.11.27-22.08.51:810][  0]LogConfig: Setting CVar [[r.SkyLight.RealTimeReflectionCapture:1]]
[2022.11.27-22.08.51:810][  0]LogConfig: Applying CVar settings from Section [FoliageQuality@3] File [C:/Users/houccstudent/OneDrive - Houston Community College/Documents/Unreal Projects/Final_game/Saved/Config/Windows/Scalability.ini]
[2022.11.27-22.08.51:810][  0]LogConfig: Setting CVar [[foliage.DensityScale:1.0]]
[2022.11.27-22.08.51:811][  0]LogConfig: Setting CVar [[grass.DensityScale:1.0]]
[2022.11.27-22.08.51:811][  0]LogConfig: Applying CVar settings from Section [ShadingQuality@3] File [C:/Users/houccstudent/OneDrive - Houston Community College/Documents/Unreal Projects/Final_game/Saved/Config/Windows/Scalability.ini]
[2022.11.27-22.08.51:811][  0]LogConfig: Setting CVar [[r.HairStrands.SkyLighting.IntegrationType:2]]
[2022.11.27-22.08.51:811][  0]LogConfig: Setting CVar [[r.HairStrands.SkyAO.SampleCount:4]]
[2022.11.27-22.08.51:811][  0]LogConfig: Setting CVar [[r.HairStrands.Visibility.MSAA.SamplePerPixel:4]]
[2022.11.27-22.08.51:811][  0]LogConfig: Applying CVar settings from Section [Startup] File [../../../Engine/Config/ConsoleVariables.ini]
[2022.11.27-22.08.51:812][  0]LogConfig: Setting CVar [[net.UseAdaptiveNetUpdateFrequency:0]]
[2022.11.27-22.08.51:812][  0]LogConfig: Setting CVar [[p.chaos.AllowCreatePhysxBodies:1]]
[2022.11.27-22.08.51:812][  0]LogConfig: Setting CVar [[fx.SkipVectorVMBackendOptimizations:1]]
[2022.11.27-22.08.51:812][  0]LogConfig: Applying CVar settings from Section [ConsoleVariables] File [C:/Users/houccstudent/OneDrive - Houston Community College/Documents/Unreal Projects/Final_game/Saved/Config/Windows/Engine.ini]
[2022.11.27-22.08.51:812][  0]LogConfig: Applying CVar settings from Section [ConsoleVariables] File [C:/Users/houccstudent/OneDrive - Houston Community College/Documents/Unreal Projects/Final_game/Saved/Config/Windows/Editor.ini]
[2022.11.27-22.08.51:813][  0]LogInit: Computer: HCCLIB-A-174838
[2022.11.27-22.08.51:813][  0]LogInit: User: houccstudent
[2022.11.27-22.08.51:813][  0]LogInit: CPU Page size=4096, Cores=4
[2022.11.27-22.08.51:813][  0]LogInit: High frequency timer resolution =10.000000 MHz
[2022.11.27-22.08.51:813][  0]LogMemory: Memory total: Physical=7.8GB (8GB approx)
[2022.11.27-22.08.51:813][  0]LogMemory: Platform Memory Stats for Windows
[2022.11.27-22.08.51:813][  0]LogMemory: Process Physical Memory: 146.28 MB used, 146.28 MB peak
[2022.11.27-22.08.51:813][  0]LogMemory: Process Virtual Memory: 114.45 MB used, 114.45 MB peak
[2022.11.27-22.08.51:813][  0]LogMemory: Physical Memory: 7385.51 MB used,  567.19 MB free, 7952.70 MB total
[2022.11.27-22.08.51:814][  0]LogMemory: Virtual Memory: 134214408.00 MB used,  3322.93 MB free, 134217728.00 MB total
[2022.11.27-22.08.51:834][  0]LogWindows: WindowsPlatformFeatures enabled
[2022.11.27-22.08.51:951][  0]LogInit: Physics initialised using underlying interface: PhysX
[2022.11.27-22.08.51:955][  0]LogInit: Using OS detected language (en-US).
[2022.11.27-22.08.51:955][  0]LogInit: Using OS detected locale (en-US).
[2022.11.27-22.08.51:986][  0]LogTextLocalizationManager: No specific localization for 'en-US' exists, so the 'en' localization will be used.
[2022.11.27-22.08.52:950][  0]LogInit: Setting process to per monitor DPI aware
[2022.11.27-22.08.53:028][  0]LogWindowsTextInputMethodSystem: Display: IME system deactivated.
[2022.11.27-22.08.53:101][  0]LogSlate: New Slate User Created.  User Index 0, Is Virtual User: 0
[2022.11.27-22.08.53:101][  0]LogSlate: Slate User Registered.  User Index 0, Is Virtual User: 0
[2022.11.27-22.08.54:531][  0]LogD3D11RHI: Loaded GFSDK_Aftermath_Lib.x64.dll
[2022.11.27-22.08.54:553][  0]LogHMD: Failed to initialize OpenVR with code 110
[2022.11.27-22.08.54:553][  0]LogD3D11RHI: D3D11 min allowed feature level: 11_0
[2022.11.27-22.08.54:553][  0]LogD3D11RHI: D3D11 max allowed feature level: 11_0
[2022.11.27-22.08.54:553][  0]LogD3D11RHI: D3D11 adapters:
[2022.11.27-22.08.54:966][  0]LogD3D11RHI:    0. 'Intel(R) UHD Graphics' (Feature Level 11_0)
[2022.11.27-22.08.54:967][  0]LogD3D11RHI:       128/0/3976 MB DedicatedVideo/DedicatedSystem/SharedSystem, Outputs:1, VendorId:0x8086
[2022.11.27-22.08.54:980][  0]LogD3D11RHI:    1. 'Microsoft Basic Render Driver' (Feature Level 11_0)
[2022.11.27-22.08.54:980][  0]LogD3D11RHI:       0/0/3976 MB DedicatedVideo/DedicatedSystem/SharedSystem, Outputs:0, VendorId:0x1414
[2022.11.27-22.08.54:980][  0]LogD3D11RHI: Chosen D3D11 Adapter:
[2022.11.27-22.08.54:980][  0]LogD3D11RHI:     Description : Intel(R) UHD Graphics
[2022.11.27-22.08.54:980][  0]LogD3D11RHI:     VendorId    : 8086
[2022.11.27-22.08.54:980][  0]LogD3D11RHI:     DeviceId    : 9b41
[2022.11.27-22.08.54:981][  0]LogD3D11RHI:     SubSysId    : 9ed1028
[2022.11.27-22.08.54:981][  0]LogD3D11RHI:     Revision    : 0002
[2022.11.27-22.08.54:981][  0]LogD3D11RHI:     DedicatedVideoMemory : 134217728 bytes
[2022.11.27-22.08.54:981][  0]LogD3D11RHI:     DedicatedSystemMemory : 0 bytes
[2022.11.27-22.08.54:981][  0]LogD3D11RHI:     SharedSystemMemory : 4169502720 bytes
[2022.11.27-22.08.54:981][  0]LogD3D11RHI:     AdapterLuid : 0 88967
[2022.11.27-22.08.55:015][  0]LogD3D11RHI: Creating new Direct3DDevice
[2022.11.27-22.08.55:016][  0]LogD3D11RHI:     GPU DeviceId: 0x9b41 (for the marketing name, search the web for "GPU Device Id")
[2022.11.27-22.08.55:016][  0]LogWindows: EnumDisplayDevices:
[2022.11.27-22.08.55:016][  0]LogWindows:    0. 'Intel(R) UHD Graphics' (P:1 D:1)
[2022.11.27-22.08.55:016][  0]LogWindows:    1. 'Intel(R) UHD Graphics' (P:0 D:0)
[2022.11.27-22.08.55:018][  0]LogWindows:    2. 'Intel(R) UHD Graphics' (P:0 D:0)
[2022.11.27-22.08.55:019][  0]LogWindows: DebugString: FoundDriverCount:3 
[2022.11.27-22.08.55:020][  0]LogD3D11RHI:     Adapter Name: Intel(R) UHD Graphics
[2022.11.27-22.08.55:020][  0]LogD3D11RHI:   Driver Version: 27.20.100.9664 (internal:27.20.100.9664, unified:27.20.100.9664)
[2022.11.27-22.08.55:020][  0]LogD3D11RHI:      Driver Date: 6-1-2021
[2022.11.27-22.08.55:020][  0]LogRHI: Texture pool is 1481 MB (70% of 2116 MB)
[2022.11.27-22.08.55:281][  0]LogD3D11RHI: Creating D3DDevice using adapter:
[2022.11.27-22.08.55:281][  0]LogD3D11RHI:     Description : Intel(R) UHD Graphics
[2022.11.27-22.08.55:281][  0]LogD3D11RHI:     VendorId    : 8086
[2022.11.27-22.08.55:281][  0]LogD3D11RHI:     DeviceId    : 9b41
[2022.11.27-22.08.55:281][  0]LogD3D11RHI:     SubSysId    : 9ed1028
[2022.11.27-22.08.55:281][  0]LogD3D11RHI:     Revision    : 0002
[2022.11.27-22.08.55:281][  0]LogD3D11RHI:     DedicatedVideoMemory : 134217728 bytes
[2022.11.27-22.08.55:281][  0]LogD3D11RHI:     DedicatedSystemMemory : 0 bytes
[2022.11.27-22.08.55:281][  0]LogD3D11RHI:     SharedSystemMemory : 4169502720 bytes
[2022.11.27-22.08.55:281][  0]LogD3D11RHI:     AdapterLuid : 0 88967
[2022.11.27-22.08.55:596][  0]LogD3D11RHI: RHI does not have support for 64 bit atomics
[2022.11.27-22.08.55:664][  0]LogD3D11RHI: Intel Extensions support version Full=16777216, Major=1, Minor=0, Revision=0
[2022.11.27-22.08.55:664][  0]LogD3D11RHI: Intel Extensions support version Full=16777217, Major=1, Minor=0, Revision=1
[2022.11.27-22.08.55:666][  0]LogD3D11RHI: Intel Extensions Framework enabled
[2022.11.27-22.08.55:678][  0]LogD3D11RHI: [IntelMetricsDiscovery] Started
[2022.11.27-22.08.55:678][  0]LogD3D11RHI: Async texture creation enabled
[2022.11.27-22.08.55:678][  0]LogD3D11RHI: Array index from any shader is supported
[2022.11.27-22.08.55:771][  0]LogD3D11RHI: GPU Timing Frequency: 12.000048 (Debug: 2 0)
[2022.11.27-22.09.01:390][  0]LogTargetPlatformManager: Display: Loaded TargetPlatform 'AllDesktop'
[2022.11.27-22.09.01:606][  0]LogTargetPlatformManager: Display: Loaded TargetPlatform 'Android'
[2022.11.27-22.09.01:606][  0]LogTargetPlatformManager: Display: Loaded TargetPlatform 'Android_ASTC'
[2022.11.27-22.09.01:606][  0]LogTargetPlatformManager: Display: Loaded TargetPlatform 'Android_DXT'
[2022.11.27-22.09.01:606][  0]LogTargetPlatformManager: Display: Loaded TargetPlatform 'Android_ETC2'
[2022.11.27-22.09.01:607][  0]LogTargetPlatformManager: Display: Loaded TargetPlatform 'AndroidClient'
[2022.11.27-22.09.01:607][  0]LogTargetPlatformManager: Display: Loaded TargetPlatform 'Android_ASTCClient'
[2022.11.27-22.09.01:607][  0]LogTargetPlatformManager: Display: Loaded TargetPlatform 'Android_DXTClient'
[2022.11.27-22.09.01:607][  0]LogTargetPlatformManager: Display: Loaded TargetPlatform 'Android_ETC2Client'
[2022.11.27-22.09.01:607][  0]LogTargetPlatformManager: Display: Loaded TargetPlatform 'Android_Multi'
[2022.11.27-22.09.01:607][  0]LogTargetPlatformManager: Display: Loaded TargetPlatform 'Android_MultiClient'
[2022.11.27-22.09.01:777][  0]LogTargetPlatformManager: Display: Loaded TargetPlatform 'IOSClient'
[2022.11.27-22.09.01:777][  0]LogTargetPlatformManager: Display: Loaded TargetPlatform 'IOS'
[2022.11.27-22.09.01:856][  0]LogTargetPlatformManager: Display: Loaded TargetPlatform 'Linux'
[2022.11.27-22.09.01:895][  0]LogTargetPlatformManager: Display: Loaded TargetPlatform 'LinuxNoEditor'
[2022.11.27-22.09.01:933][  0]LogTargetPlatformManager: Display: Loaded TargetPlatform 'LinuxClient'
[2022.11.27-22.09.01:982][  0]LogTargetPlatformManager: Display: Loaded TargetPlatform 'LinuxServer'
[2022.11.27-22.09.02:068][  0]LogTargetPlatformManager: Display: Loaded TargetPlatform 'LinuxAArch64NoEditor'
[2022.11.27-22.09.02:113][  0]LogTargetPlatformManager: Display: Loaded TargetPlatform 'LinuxAArch64Client'
[2022.11.27-22.09.02:155][  0]LogTargetPlatformManager: Display: Loaded TargetPlatform 'LinuxAArch64Server'
[2022.11.27-22.09.02:371][  0]LogTargetPlatformManager: Display: Loaded TargetPlatform 'Lumin'
[2022.11.27-22.09.02:371][  0]LogTargetPlatformManager: Display: Loaded TargetPlatform 'LuminClient'
[2022.11.27-22.09.02:443][  0]LogTargetPlatformManager: Display: Loaded TargetPlatform 'MacNoEditor'
[2022.11.27-22.09.02:490][  0]LogTargetPlatformManager: Display: Loaded TargetPlatform 'Mac'
[2022.11.27-22.09.02:531][  0]LogTargetPlatformManager: Display: Loaded TargetPlatform 'MacClient'
[2022.11.27-22.09.02:576][  0]LogTargetPlatformManager: Display: Loaded TargetPlatform 'MacServer'
[2022.11.27-22.09.02:671][  0]LogTargetPlatformManager: Display: Loaded TargetPlatform 'TVOSClient'
[2022.11.27-22.09.02:671][  0]LogTargetPlatformManager: Display: Loaded TargetPlatform 'TVOS'
[2022.11.27-22.09.02:765][  0]LogTargetPlatformManager: Display: Loaded TargetPlatform 'WindowsNoEditor'
[2022.11.27-22.09.02:809][  0]LogTargetPlatformManager: Display: Loaded TargetPlatform 'Windows'
[2022.11.27-22.09.02:855][  0]LogTargetPlatformManager: Display: Loaded TargetPlatform 'WindowsClient'
[2022.11.27-22.09.03:018][  0]LogTargetPlatformManager: Display: Loaded TargetPlatform 'WindowsServer'
[2022.11.27-22.09.03:019][  0]LogTargetPlatformManager: Display: Building Assets For Windows
[2022.11.27-22.09.03:118][  0]LogAudioDebug: Display: Lib vorbis DLL was dynamically loaded.
[2022.11.27-22.09.03:505][  0]LogTextureFormatOodle: Display: Oodle Texture 2.9.0 init RDO Off
[2022.11.27-22.09.03:946][  0]LogRendererCore: Ray tracing is disabled. Reason: r.RayTracing=0.
[2022.11.27-22.09.03:952][  0]LogShaderCompilers: Guid format shader working directory is -58 characters bigger than the processId version (../../../../../../Users/houccstudent/OneDrive - Houston Community College/Documents/Unreal Projects/Final_game/Intermediate/Shaders/WorkingDirectory/19428/).
[2022.11.27-22.09.03:955][  0]LogShaderCompilers: Cleaned the shader compiler working directory 'C:/Users/houccstudent/AppData/Local/Temp/UnrealShaderWorkingDir/88A3BBD64449256B6F0111BA39F3C72E/'.
[2022.11.27-22.09.03:956][  0]LogXGEController: Cannot use XGE Controller as Incredibuild is not installed on this machine.
[2022.11.27-22.09.03:957][  0]LogShaderCompilers: Cannot use XGE Shader Compiler as Incredibuild is not installed on this machine.
[2022.11.27-22.09.03:957][  0]LogShaderCompilers: Display: Using Local Shader Compiler.
[2022.11.27-22.09.07:207][  0]LogDerivedDataCache: Display: Max Cache Size: 512 MB
[2022.11.27-22.09.07:391][  0]LogDerivedDataCache: Loaded boot cache 0.18s 94MB C:/Users/houccstudent/AppData/Local/UnrealEngine/4.27/DerivedDataCache/Boot.ddc.
[2022.11.27-22.09.07:391][  0]LogDerivedDataCache: Display: Loaded Boot cache: C:/Users/houccstudent/AppData/Local/UnrealEngine/4.27/DerivedDataCache/Boot.ddc
[2022.11.27-22.09.07:393][  0]LogDerivedDataCache: FDerivedDataBackendGraph:  Pak pak cache file ../../../../../../Users/houccstudent/OneDrive - Houston Community College/Documents/Unreal Projects/Final_game/DerivedDataCache/DDC.ddp not found, will not use a pak cache.
[2022.11.27-22.09.07:393][  0]LogDerivedDataCache: Unable to find inner node Pak for hierarchical cache Hierarchy.
[2022.11.27-22.09.07:393][  0]LogDerivedDataCache: FDerivedDataBackendGraph:  CompressedPak pak cache file ../../../../../../Users/houccstudent/OneDrive - Houston Community College/Documents/Unreal Projects/Final_game/DerivedDataCache/Compressed.ddp not found, will not use a pak cache.
[2022.11.27-22.09.07:393][  0]LogDerivedDataCache: Unable to find inner node CompressedPak for hierarchical cache Hierarchy.
[2022.11.27-22.09.07:424][  0]LogDerivedDataCache: Display: Pak cache opened for reading ../../../Engine/DerivedDataCache/Compressed.ddp.
[2022.11.27-22.09.07:424][  0]LogDerivedDataCache: FDerivedDataBackendGraph:  EnterprisePak pak cache file ../../../Enterprise/DerivedDataCache/Compressed.ddp not found, will not use a pak cache.
[2022.11.27-22.09.07:424][  0]LogDerivedDataCache: Unable to find inner node EnterprisePak for hierarchical cache Hierarchy.
[2022.11.27-22.09.07:739][  0]LogDerivedDataCache: Speed tests for C:/Users/houccstudent/AppData/Local/UnrealEngine/Common/DerivedDataCache took 0.31 seconds
[2022.11.27-22.09.07:739][  0]LogDerivedDataCache: Display: Performance to C:/Users/houccstudent/AppData/Local/UnrealEngine/Common/DerivedDataCache: Latency=0.38ms. RandomReadSpeed=130.53MBs, RandomWriteSpeed=3.07MBs. Assigned SpeedClass 'Local'
[2022.11.27-22.09.07:740][  0]LogDerivedDataCache: Using Local data cache path C:/Users/houccstudent/AppData/Local/UnrealEngine/Common/DerivedDataCache: Writable
[2022.11.27-22.09.07:740][  0]LogDerivedDataCache: Shared data cache path not found in *engine.ini, will not use an Shared cache.
[2022.11.27-22.09.07:740][  0]LogDerivedDataCache: Unable to find inner node Shared for hierarchical cache Hierarchy.
[2022.11.27-22.09.07:863][  0]LogSlate: Using FreeType 2.10.0
[2022.11.27-22.09.07:869][  0]LogSlate: SlateFontServices - WITH_FREETYPE: 1, WITH_HARFBUZZ: 1
[2022.11.27-22.09.08:062][  0]LogAssetRegistry: FAssetRegistry took 0.0047 seconds to start up
[2022.11.27-22.09.09:011][  0]LogInit: Selected Device Profile: [Windows]
[2022.11.27-22.09.09:011][  0]LogInit: Active device profile: [000001FC4088AC00][000001FC41026900 49] Windows
[2022.11.27-22.09.09:011][  0]LogInit: Profiles: [000001FC4088AC00][000001FC41026900 49] Windows, [000001FC4082E000][000001FC4102EBC0 49] WindowsNoEditor, [000001FC4088A000][000001FC41032E80 49] WindowsServer, [000001FC4082CA00][000001FC41037140 49] WindowsClient, [000001FC4088A900][000001FC4102B3C0 49] IOS, [000001FC4082F600][000001FC4103F680 49] iPadAir, [000001FC40888C00][000001FC41043940 49] iPadAir2, [000001FC407DD300][000001FC41056300 49] IPadPro, [000001FC407DD400][000001FC41046340 49] iPadAir3, [000001FC4082F400][000001FC4104E600 49] iPadAir4, [000001FC407DE200][000001FC4104A8C0 49] iPadMini2, [000001FC4082D500][000001FC41052B80 49] iPadMini3, [000001FC407DEE00][000001FC4105AE40 49] iPadMini4, [000001FC4082C100][000001FC4105F100 49] iPadMini5, [000001FC40818E00][000001FC4106F5C0 49] iPhone6, [000001FC40818F00][000001FC4103B600 49] iPodTouch6, [000001FC4088AA00][000001FC4107BB40 49] iPhone7, [000001FC4088AB00][000001FC4106BB80 49] iPodTouch7, [000001FC407DF300][000001FC410722C0 49] iPhone5S, [000001FC40889100][000001FC41066580 49] iPhone6Plus, [000001FC407DF500][000001FC41076840 49] iPhone6S, [000001FC4088A500][000001FC4107EB00 49] iPhone6SPlus, [000001FC40888900][000001FC41082DC0 49] iPhone7Plus, [000001FC4081B000][000001FC41087080 49] iPhoneSE, [000001FC40888F00][000001FC4108B340 49] iPhone8, [000001FC40818800][000001FC410635C0 49] iPhone8Plus, [000001FC4081AB00][000001FC4108F840 49] iPhoneX, [000001FC407DDC00][000001FC41097B00 49] iPhoneXS, [000001FC4081A000][000001FC4109A240 49] iPhoneXSMax, [000001FC407DDA00][000001FC4109E500 49] iPhoneXR, [000001FC4081A700][000001FC410A27C0 49] iPhone11, [000001FC407DD900][000001FC410A6A80 49] iPhone11Pro, [000001FC4081A800][000001FC410AAD40 49] iPhone11ProMax, [000001FC407DCC00][000001FC410AF000 49] iPhoneSE2, [000001FC40819700][000001FC410B32C0 49] iPhone12Mini, [000001FC40889000][000001FC410B7580 49] iPhone12, [000001FC4081AE00][000001FC41093800 49] iPhone12Pro, [000001FC40889800][000001FC410BBA80 49] iPhone12ProMax, [000001FC4081BC00][000001FC410C21C0 49] iPadPro105, [000001FC40888300][000001FC410C6480 49] iPadPro129, [000001FC4081A300][000001FC410CA740 49] iPadPro97, [000001FC4088BB00][000001FC410CEA00 49] iPadPro2_129, [000001FC40818600][000001FC410D2CC0 49] iPad5, [000001FC40888100][000001FC410D6F80 49] iPad6, [000001FC4081B200][000001FC410DB240 49] iPad7, [000001FC40888400][000001FC410F1500 49] iPad8, [000001FC4081BA00][000001FC410F57C0 49] iPadPro11, [000001FC4088A400][000001FC410BFA40 49] iPadPro2_11, [000001FC4081B500][000001FC410F8140 49] iPadPro3_129, [000001FC40889200][000001FC41100400 49] iPadPro4_129, [000001FC4081A100][000001FC411046C0 49] AppleTV, [000001FC40888200][000001FC41108980 49] AppleTV4K, [000001FC40818100][000001FC4110CC40 49] TVOS, [000001FC40888700][000001FC41110F00 49] Mac, [000001FC40819600][000001FC411151C0 49] MacClient, [000001FC4088BF00][000001FC41119480 49] MacNoEditor, [000001FC40818300][000001FC4111D740 49] MacServer, [000001FC40889300][000001FC41121A00 49] Linux, [000001FC40819400][000001FC410FC100 49] LinuxAArch64, [000001FC40889D00][000001FC41124380 49] LinuxNoEditor, [000001FC40818D00][000001FC4112C640 49] LinuxAArch64NoEditor, [000001FC40888800][000001FC41130900 49] LinuxClient, [000001FC40818400][000001FC41134BC0 49] LinuxAArch64Client, [000001FC40888A00][000001FC41138E80 49] LinuxServer, [000001FC4081B900][000001FC4113D140 49] LinuxAArch64Server, [000001FC40889500][000001FC41141400 49] Android, [000001FC40819E00][000001FC411456C0 49] Android_Low, [000001FC4088B000][000001FC41149980 49] Android_Mid, [000001FC40819300][000001FC4114C0C0 49] Android_High, [000001FC4088BA00][000001FC41128340 49] Android_Default, [000001FC4081BF00][000001FC411505C0 49] Android_Adreno4xx, [000001FC4088A800][000001FC41158880 49] Android_Adreno5xx_Low, [000001FC4081BD00][000001FC4115CB40 49] Android_Adreno5xx, [000001FC40889C00][000001FC41160E00 49] Android_Adreno6xx, [000001FC4081B600][000001FC411650C0 49] Android_Adreno6xx_Vulkan, [000001FC4088B400][000001FC4116D380 49] Android_Mali_T6xx, [000001FC4081A600][000001FC3A055640 49] Android_Mali_T7xx, [000001FC4088B600][000001FC3A059900 49] Android_Mali_T8xx, [000001FC4081AA00][000001FC3A05DBC0 49] Android_Mali_G71, [000001FC40889900][000001FC3A060300 49] Android_Mali_G72, [000001FC4082FD00][000001FC41154580 49] Android_Mali_G72_Vulkan, [000001FC407DF000][000001FC3A064800 49] Android_Mali_G76, [000001FC4082F200][000001FC3A06CAC0 49] Android_Mali_G76_Vulkan, [000001FC407DE300][000001FC3A070D80 49] Android_Mali_G77, [000001FC4082C200][000001FC3A075040 49] Android_Mali_G77_Vulkan, [000001FC407DE100][000001FC3A079300 49] Android_Mali_G78, [000001FC4082FB00][000001FC3A07D5C0 49] Android_Mali_G78_Vulkan, [000001FC407DCE00][000001FC3A081880 49] Android_Mali_G710, [000001FC4082E800][000001FC3A085B40 49] Android_Mali_G710_Vulkan, [000001FC407DDF00][000001FC3A088280 49] Android_Vulkan_SM5, [000001FC4082EC00][000001FC3A08C540 49] Android_PowerVR_G6xxx, [000001FC407DD500][000001FC3A0687C0 49] Android_PowerVR_GT7xxx, [000001FC4082D100][000001FC3A090A40 49] Android_PowerVR_GE8xxx, [000001FC407DFB00][000001FC3A098D00 49] Android_PowerVR_GM9xxx, [000001FC4082DE00][000001FC3A09CFC0 49] Android_PowerVR_GM9xxx_Vulkan, [000001FC407DDB00][000001FC3A0A1280 49] Android_TegraK1, [000001FC4082E200][000001FC3A0A5540 49] Android_Unknown_Vulkan, [000001FC407DC400][000001FC3A0A9800 49] Lumin, [000001FC4082DD00][000001FC3A0ADAC0 49] Lumin_Desktop, [000001FC407DE400][000001FC3A0B0200 49] HoloLens, 
[2022.11.27-22.09.09:450][  0]LogMeshReduction: Using QuadricMeshReduction for automatic static mesh reduction
[2022.11.27-22.09.09:450][  0]LogMeshReduction: Using SimplygonMeshReduction for automatic skeletal mesh reduction
[2022.11.27-22.09.09:450][  0]LogMeshReduction: Using ProxyLODMeshReduction for automatic mesh merging
[2022.11.27-22.09.09:450][  0]LogMeshReduction: No distributed automatic mesh merging module available
[2022.11.27-22.09.09:451][  0]LogMeshMerging: No distributed automatic mesh merging module available
[2022.11.27-22.09.09:512][  0]LogNetVersion: Final_game 1.0.0, NetCL: 17155196, EngineNetVer: 17, GameNetVer: 0 (Checksum: 162058194)
[2022.11.27-22.09.11:450][  0]LogTexture: Default maximum texture size for cubemaps generated from long-lat sources has been changed from 512 to unlimited. In order to preserve old behaiour for '/Engine/MapTemplates/Sky/DaylightAmbientCubemap.DaylightAmbientCubemap', its maximum texture size has been explicitly set to 512.
[2022.11.27-22.09.11:645][  0]LogHMD: PokeAHoleMaterial loaded successfully
[2022.11.27-22.09.11:660][  0]LogUObjectArray: 17178 objects as part of root set at end of initial load.
[2022.11.27-22.09.11:660][  0]LogUObjectAllocator: 4302048 out of 0 bytes used by permanent object pool.
[2022.11.27-22.09.11:660][  0]LogUObjectArray: CloseDisregardForGC: 0/0 objects in disregard for GC pool
[2022.11.27-22.09.12:190][  0]LogNiagaraDebuggerClient: Niagara Debugger Client Initialized | Session: 2B98787C43FAC6082CBBF4A34802EFCD | Instance: EB03448A4F51AB718463BA9D0D5DB268 (HCCLIB-A-174838-19428).
[2022.11.27-22.09.12:808][  0]LogTcpMessaging: Initializing TcpMessaging bridge
[2022.11.27-22.09.12:817][  0]LogUdpMessaging: Initializing bridge on interface 0.0.0.0:0 to multicast group 230.0.0.1:6666.
[2022.11.27-22.09.12:858][  0]LogPython: Using Python 3.7.7
[2022.11.27-22.09.15:691][  0]SourceControl: Source control is disabled
[2022.11.27-22.09.15:692][  0]SourceControl: Source control is disabled
[2022.11.27-22.09.15:713][  0]SourceControl: Source control is disabled
[2022.11.27-22.09.15:725][  0]SourceControl: Source control is disabled
[2022.11.27-22.09.15:746][  0]SourceControl: Source control is disabled
[2022.11.27-22.09.15:772][  0]LogUProjectInfo: Found projects:
[2022.11.27-22.09.15:788][  0]LogVSAccessor: Display: Unable to create Visual Studio setup instance: 80040154
[2022.11.27-22.09.15:789][  0]LogVSAccessor: Display: Unable to create Visual Studio setup instance: 80040154
[2022.11.27-22.09.15:791][  0]LogVSAccessor: Display: Unable to create Visual Studio setup instance: 80040154
[2022.11.27-22.09.16:478][  0]LogOpenImageDenoise: OIDN starting up
[2022.11.27-22.09.16:530][  0]LogAndroidPermission: UAndroidPermissionCallbackProxy::GetInstance
[2022.11.27-22.09.16:559][  0]LogAudioCaptureCore: Display: No Audio Capture implementations found. Audio input will be silent.
[2022.11.27-22.09.16:559][  0]LogAudioCaptureCore: Display: No Audio Capture implementations found. Audio input will be silent.
[2022.11.27-22.09.17:167][  0]LogCollectionManager: Loaded 0 collections in 0.002819 seconds
[2022.11.27-22.09.17:246][  0]LogFileCache: Scanning file cache for directory 'C:/Users/houccstudent/OneDrive - Houston Community College/Documents/Unreal Projects/Final_game/Saved/Collections/' took 0.00s
[2022.11.27-22.09.17:246][  0]LogFileCache: Scanning file cache for directory 'C:/Users/houccstudent/OneDrive - Houston Community College/Documents/Unreal Projects/Final_game/Content/Developers/houccstudent/Collections/' took 0.00s
[2022.11.27-22.09.17:246][  0]LogFileCache: Scanning file cache for directory 'C:/Users/houccstudent/OneDrive - Houston Community College/Documents/Unreal Projects/Final_game/Content/Collections/' took 0.00s
[2022.11.27-22.09.17:246][  0]LogOcInput: OculusInput pre-init called
[2022.11.27-22.09.19:666][  0]LogEngine: Initializing Engine...
[2022.11.27-22.09.19:681][  0]LogHMD: Failed to enumerate extensions. Please check that you have a valid OpenXR runtime installed.
[2022.11.27-22.09.19:682][  0]LogHMD: Failed to initialize OpenVR with code 110
[2022.11.27-22.09.19:682][  0]LogMagicLeap: Warning: VR disabled because ZI is not enabled.  To enable, in the editor, Edit -> Project Settings -> Plugins -> Magic Leap Plugin -> Enable Zero Iteration
[2022.11.27-22.09.19:687][  0]LogStats: UGameplayTagsManager::InitializeManager -  0.001 s
[2022.11.27-22.09.20:344][  0]LogInit: Initializing FReadOnlyCVARCache
[2022.11.27-22.09.20:441][  0]LogAIModule: Creating AISystem for world Untitled
[2022.11.27-22.09.20:454][  0]LogAudio: Display: Initializing Audio Device Manager...
[2022.11.27-22.09.20:466][  0]LogAudio: Display: Loading Default Audio Settings Objects...
[2022.11.27-22.09.20:469][  0]LogAudio: Display: No default SoundConcurrencyObject specified (or failed to load).
[2022.11.27-22.09.20:476][  0]LogAudio: Display: Audio Device Manager Initialized
[2022.11.27-22.09.20:476][  0]LogAudio: Display: Creating Audio Device:                 Id: 1, Scope: Shared, Realtime: True
[2022.11.27-22.09.20:477][  0]LogAudioMixer: Display: Audio Mixer Platform Settings:
[2022.11.27-22.09.20:477][  0]LogAudioMixer: Display: 	Sample Rate:						  48000
[2022.11.27-22.09.20:477][  0]LogAudioMixer: Display: 	Callback Buffer Frame Size Requested: 1024
[2022.11.27-22.09.20:477][  0]LogAudioMixer: Display: 	Callback Buffer Frame Size To Use:	  1024
[2022.11.27-22.09.20:477][  0]LogAudioMixer: Display: 	Number of buffers to queue:			  2
[2022.11.27-22.09.20:477][  0]LogAudioMixer: Display: 	Max Channels (voices):				  32
[2022.11.27-22.09.20:477][  0]LogAudioMixer: Display: 	Number of Async Source Workers:		  0
[2022.11.27-22.09.20:477][  0]LogAudio: Display: AudioDevice MaxSources: 32
[2022.11.27-22.09.20:484][  0]LogAudio: Display: Audio Spatialization Plugin: None (built-in).
[2022.11.27-22.09.20:484][  0]LogAudio: Display: Audio Reverb Plugin: None (built-in).
[2022.11.27-22.09.20:484][  0]LogAudio: Display: Audio Occlusion Plugin: None (built-in).
[2022.11.27-22.09.20:486][  0]LogAudioMixer: Display: Initializing audio mixer.
[2022.11.27-22.09.20:599][  0]LogAudioMixer: Display: 0: FrontLeft
[2022.11.27-22.09.20:599][  0]LogAudioMixer: Display: 1: FrontRight
[2022.11.27-22.09.20:952][  0]LogAudioMixer: Display: Using Audio Device Speakers (Realtek(R) Audio)
[2022.11.27-22.09.20:965][  0]LogAudioMixer: Display: Initializing Sound Submixes...
[2022.11.27-22.09.20:978][  0]LogAudioMixer: Display: Creating Master Submix 'MasterSubmixDefault'
[2022.11.27-22.09.20:978][  0]LogAudioMixer: Display: Creating Master Submix 'MasterReverbSubmixDefault'
[2022.11.27-22.09.20:983][  0]LogAudioMixer: Display: Creating Master Submix 'MasterEQSubmixDefault'
[2022.11.27-22.09.20:984][  0]LogAudioMixer: FMixerPlatformXAudio2::StartAudioStream() called
[2022.11.27-22.09.20:985][  0]LogAudioMixer: Display: Output buffers initialized: Frames=1024, Channels=2, Samples=2048
[2022.11.27-22.09.20:995][  0]LogAudioMixer: Display: Starting AudioMixerPlatformInterface::RunInternal()
[2022.11.27-22.09.20:995][  0]LogAudioMixer: Display: FMixerPlatformXAudio2::SubmitBuffer() called for the first time
[2022.11.27-22.09.20:995][  0]LogInit: FAudioDevice initialized.
[2022.11.27-22.09.20:996][  0]LogAudio: Display: Audio Device (ID: 1) registered with world 'Untitled'.
[2022.11.27-22.09.20:997][  0]LogNetVersion: Set ProjectVersion to 1.0.0.0. Version Checksum will be recalculated on next use.
[2022.11.27-22.09.21:239][  0]LogDerivedDataCache: Saved boot cache 0.24s 94MB C:/Users/houccstudent/AppData/Local/UnrealEngine/4.27/DerivedDataCache/Boot.ddc.
[2022.11.27-22.09.21:240][  0]LogInit: Texture streaming: Enabled
[2022.11.27-22.09.21:289][  0]LogAnalytics: Display: [UEEditor.Rocket.Release] APIServer = https://datarouter.ol.epicgames.com/. AppVersion = 4.27.2-18319896+++UE4+Release-4.27
[2022.11.27-22.09.21:305][  0]LogEngineSessionManager: EngineSessionManager initialized
[2022.11.27-22.09.21:305][  0]LogEditorSessionSummary: Verbose: Initializing EditorSessionSummaryWriter for editor session tracking
[2022.11.27-22.09.21:311][  0]LogEditorSessionSummary: EditorSessionSummaryWriter initialized
[2022.11.27-22.09.21:718][  0]LogInit: Transaction tracking system initialized
[2022.11.27-22.09.21:838][  0]BlueprintLog: New page: Editor Load
[2022.11.27-22.09.22:140][  0]LocalizationService: Localization service is disabled
[2022.11.27-22.09.22:301][  0]TimingProfiler: Initialize
[2022.11.27-22.09.22:302][  0]TimingProfiler: OnSessionChanged
[2022.11.27-22.09.22:304][  0]LoadingProfiler: Initialize
[2022.11.27-22.09.22:304][  0]LoadingProfiler: OnSessionChanged
[2022.11.27-22.09.22:304][  0]NetworkingProfiler: Initialize
[2022.11.27-22.09.22:306][  0]NetworkingProfiler: OnSessionChanged
[2022.11.27-22.09.22:306][  0]MemoryProfiler: Initialize
[2022.11.27-22.09.22:306][  0]MemoryProfiler: OnSessionChanged
[2022.11.27-22.09.22:813][  0]LogSlate: Took 0.001453 seconds to synchronously load lazily loaded font '../../../Engine/Content/Slate/Fonts/Roboto-Regular.ttf' (155K)
[2022.11.27-22.46.05:770][  0]LogD3D11RHI: Error: Device->CreateBuffer(&Desc, NULL, UniformBufferResource.GetInitReference()) failed 
 at D:/Build/++UE4/Sync/Engine/Source/Runtime/Windows/D3D11RHI/Private/D3D11UniformBuffer.cpp:150 
 with error E_OUTOFMEMORY
[2022.11.27-22.46.24:832][  0]LogConsoleResponse:      7 = 64 KB (2D 128x128 PF_B8G8R8A8) PerlinNoiseGradient
[2022.11.27-22.46.24:832][  0]LogConsoleResponse:     18 = 32 KB (2D 64x64 PF_FloatRGBA VRam) LTCMat VRamInKB(Start/Size):<NONE>
[2022.11.27-22.46.24:833][  0]LogConsoleResponse:     15 = 16 KB (2D 128x32 PF_G16R16) PreintegratedGF
[2022.11.27-22.46.24:833][  0]LogConsoleResponse:     19 = 16 KB (2D 64x64 PF_G16R16F VRam) LTCAmp VRamInKB(Start/Size):<NONE>
[2022.11.27-22.46.24:833][  0]LogConsoleResponse:     16 = 16 KB (3D 16x16x16 PF_B8G8R8A8) PerlinNoise3D
[2022.11.27-22.46.24:833][  0]LogConsoleResponse:     20 = 8 KB (2D 64x64 PF_R8G8) SSAORandomization
[2022.11.27-22.46.24:833][  0]LogConsoleResponse:     21 = 8 KB (3D 16x16x16 PF_R16F) GTAOPreIntegrated
[2022.11.27-22.46.24:833][  0]LogConsoleResponse:      4 = 1 KB (2D 1x1 PF_B8G8R8A8 RT) BlackAlphaOneDummy
[2022.11.27-22.46.24:833][  0]LogConsoleResponse:      2 = 1 KB (2D 1x1 PF_B8G8R8A8 RT) BlackDummy
[2022.11.27-22.46.24:833][  0]LogConsoleResponse:      6 = 1 KB (2D 1x1 PF_B8G8R8A8 RT) DefaultNormal8Bit
[2022.11.27-22.46.24:833][  0]LogConsoleResponse:      5 = 1 KB (2D 1x1 PF_B8G8R8A8 RT) GreenDummy
[2022.11.27-22.46.24:833][  0]LogConsoleResponse:      1 = 1 KB (2D 1x1 PF_B8G8R8A8 RT) WhiteDummy
[2022.11.27-22.46.24:833][  0]LogConsoleResponse:      9 = 1 KB (2D 1x1 PF_DepthStencil) DepthDummy
[2022.11.27-22.46.24:833][  0]LogConsoleResponse:      8 = 1 KB (2D 1x1 PF_FloatRGBA RT) MaxFP16Depth
[2022.11.27-22.46.24:833][  0]LogConsoleResponse:     11 = 1 KB (2D 1x1 PF_FloatRGBA RT) MidGreyDummy
[2022.11.27-22.46.24:833][  0]LogConsoleResponse:      3 = 1 KB (2D 1x1 PF_R32_UINT RT) ZeroUIntDummy
[2022.11.27-22.46.24:833][  0]LogConsoleResponse:     10 = 1 KB (2D 1x1 PF_R8G8B8A8_UINT RT) StencilDummy
[2022.11.27-22.46.24:833][  0]LogConsoleResponse:     12 = 1 KB (2D 32x16 PF_R16_UINT) SobolSampling
[2022.11.27-22.46.24:833][  0]LogConsoleResponse:     17 = 1 KB (2D 4x4 PF_R8G8B8A8) GTAORandomization
[2022.11.27-22.46.24:833][  0]LogConsoleResponse:     14 = 1 KB (3D 1x1x1 PF_B8G8R8A8 RT) HairLUT0
[2022.11.27-22.46.24:833][  0]LogConsoleResponse:     13 = 1 KB (3D 1x1x1 PF_B8G8R8A8 RT) VolumetricBlackDummy
[2022.11.27-22.46.24:833][  0]LogConsoleResponse: 
[2022.11.27-22.46.24:833][  0]LogConsoleResponse: Pool: 1/1 MB (referenced/allocated)
[2022.11.27-22.46.24:839][  0]Cmd: rhi.DumpMemory
[2022.11.27-22.46.24:924][  0]RHI resource memory (not tracked by our allocator)
[2022.11.27-22.46.24:929][  0]               0  -  Pixel buffer memory - STAT_PixelBufferMemory - STATGROUP_RHI - STATCAT_Advanced
[2022.11.27-22.46.24:929][  0]               0  -  Structured buffer memory - STAT_StructuredBufferMemory - STATGROUP_RHI - STATCAT_Advanced
[2022.11.27-22.46.24:929][  0]               0  -  Vertex buffer memory - STAT_VertexBufferMemory - STATGROUP_RHI - STATCAT_Advanced
[2022.11.27-22.46.24:929][  0]               0  -  Index buffer memory - STAT_IndexBufferMemory - STATGROUP_RHI - STATCAT_Advanced
[2022.11.27-22.46.24:929][  0]               0  -  Uniform buffer memory - STAT_UniformBufferMemory - STATGROUP_RHI - STATCAT_Advanced
[2022.11.27-22.46.24:929][  0]               0  -  Texture memory Cube - STAT_TextureMemoryCube - STATGROUP_RHI - STATCAT_Advanced
[2022.11.27-22.46.24:929][  0]               0  -  Texture memory 3D - STAT_TextureMemory3D - STATGROUP_RHI - STATCAT_Advanced
[2022.11.27-22.46.24:929][  0]               0  -  Texture memory 2D - STAT_TextureMemory2D - STATGROUP_RHI - STATCAT_Advanced
[2022.11.27-22.46.24:929][  0]               0  -  Render target memory Cube - STAT_RenderTargetMemoryCube - STATGROUP_RHI - STATCAT_Advanced
[2022.11.27-22.46.24:929][  0]               0  -  Render target memory 3D - STAT_RenderTargetMemory3D - STATGROUP_RHI - STATCAT_Advanced
[2022.11.27-22.46.24:929][  0]               0  -  Render target memory 2D - STAT_RenderTargetMemory2D - STATGROUP_RHI - STATCAT_Advanced
[2022.11.27-22.46.24:931][  0]0.000MB total
[2022.11.27-22.46.24:934][  0]LogWindows: FPlatformMisc::RequestExit(1)
[2022.11.27-22.46.24:934][  0]LogWindows: FPlatformMisc::RequestExitWithStatus(1, 0)
[2022.11.27-22.46.24:934][  0]LogCore: Engine exit requested (reason: Win RequestExit)
[2022.11.27-22.46.24:934][  0]Cmd: Mem FromReport
[2022.11.27-22.46.24:935][  0]LogMemory: Platform Memory Stats for Windows
[2022.11.27-22.46.24:935][  0]LogMemory: Process Physical Memory: 585.91 MB used, 1861.65 MB peak
[2022.11.27-22.46.24:935][  0]LogMemory: Process Virtual Memory: 6226.58 MB used, 6226.58 MB peak
[2022.11.27-22.46.24:935][  0]LogMemory: Physical Memory: 7133.70 MB used,  819.00 MB free, 7952.70 MB total
[2022.11.27-22.46.24:935][  0]LogMemory: Virtual Memory: 134217624.00 MB used,  100.89 MB free, 134217728.00 MB total
[2022.11.27-22.46.24:935][  0]LogMemory: 
[2022.11.27-22.46.24:936][  0]Allocator Stats for TBB: (not implemented)
[2022.11.27-22.46.24:936][  0]LogMemory: Memory Stats:
[2022.11.27-22.46.24:936][  0]LogMemory: FMemStack (gamethread) current size = 0.00 MB
[2022.11.27-22.46.24:936][  0]LogMemory: FPageAllocator (all threads) allocation size [used/ unused] = [0.31 / 0.00] MB
[2022.11.27-22.46.24:936][  0]LogMemory: Nametable memory usage = 6.95 MB
[2022.11.27-22.46.24:939][  0]LogMemory: AssetRegistry memory usage = 0.02 MB
[2022.11.27-22.46.24:948][  0]Log file closed, 11/27/22 16:46:24
