Log file open, 12/02/22 19:55:51
LogWindows: Failed to load 'aqProf.dll' (GetLastError=126)
LogWindows: File 'aqProf.dll' does not exist
LogWindows: Failed to load 'VtuneApi.dll' (GetLastError=126)
LogWindows: File 'VtuneApi.dll' does not exist
LogWindows: Failed to load 'VtuneApi32e.dll' (GetLastError=126)
LogWindows: File 'VtuneApi32e.dll' does not exist
LogConsoleResponse: Display: Failed to find resolution value strings in scalability ini. Falling back to default.
LogConsoleResponse: Display: Failed to find resolution value strings in scalability ini. Falling back to default.
LogInit: Display: Running engine for game: Final_game
LogPlatformFile: Not using cached read wrapper
LogTaskGraph: Started task graph with 5 named threads and 23 total threads with 3 sets of task threads.
LogStats: Stats thread started at 0.505606
LogICUInternationalization: ICU TimeZone Detection - Raw Offset: -6:00, Platform Override: ''
LogInit: Display: Loading text-based GConfig....
LogPluginManager: Mounting plugin MeshPainting
LogPluginManager: Mounting plugin XGEController
LogPluginManager: Mounting plugin Paper2D
LogPluginManager: Mounting plugin AISupport
LogPluginManager: Mounting plugin EnvironmentQueryEditor
LogPluginManager: Mounting plugin LiveLink
LogPluginManager: Mounting plugin LightPropagationVolume
LogPluginManager: Mounting plugin CameraShakePreviewer
LogPluginManager: Mounting plugin GameplayCameras
LogPluginManager: Mounting plugin OodleData
LogPluginManager: Mounting plugin OodleNetwork
LogPluginManager: Mounting plugin AnimationSharing
LogPluginManager: Mounting plugin CLionSourceCodeAccess
LogPluginManager: Mounting plugin GitSourceControl
LogPluginManager: Mounting plugin KDevelopSourceCodeAccess
LogPluginManager: Mounting plugin NullSourceCodeAccess
LogPluginManager: Mounting plugin PerforceSourceControl
LogPluginManager: Mounting plugin CodeLiteSourceCodeAccess
LogPluginManager: Mounting plugin PlasticSourceControl
LogPluginManager: Mounting plugin PixWinPlugin
LogPluginManager: Mounting plugin PluginUtils
LogPluginManager: Mounting plugin PropertyAccessNode
LogPluginManager: Mounting plugin RiderSourceCodeAccess
LogPluginManager: Mounting plugin SubversionSourceControl
LogPluginManager: Mounting plugin TextureFormatOodle
LogPluginManager: Mounting plugin AssetManagerEditor
LogPluginManager: Mounting plugin UObjectPlugin
LogPluginManager: Mounting plugin VisualStudioCodeSourceCodeAccess
LogPluginManager: Mounting plugin VisualStudioSourceCodeAccess
LogPluginManager: Mounting plugin XCodeSourceCodeAccess
LogPluginManager: Mounting plugin CryptoKeys
LogPluginManager: Mounting plugin DataValidation
LogPluginManager: Mounting plugin CurveEditorTools
LogPluginManager: Mounting plugin FacialAnimation
LogPluginManager: Mounting plugin GameplayTagsEditor
LogPluginManager: Mounting plugin GeometryMode
LogPluginManager: Mounting plugin MacGraphicsSwitching
LogPluginManager: Mounting plugin MaterialAnalyzer
LogPluginManager: Mounting plugin MobileLauncherProfileWizard
LogPluginManager: Mounting plugin PluginBrowser
LogPluginManager: Mounting plugin SpeedTreeImporter
LogPluginManager: Mounting plugin DatasmithContent
LogPluginManager: Mounting plugin VariantManagerContent
LogPluginManager: Mounting plugin AlembicImporter
LogPluginManager: Mounting plugin AutomationUtils
LogPluginManager: Mounting plugin BackChannel
LogPluginManager: Mounting plugin ChaosCloth
LogPluginManager: Mounting plugin ChaosClothEditor
LogPluginManager: Mounting plugin ChaosNiagara
LogPluginManager: Mounting plugin ChaosEditor
LogPluginManager: Mounting plugin ChaosSolverPlugin
LogPluginManager: Mounting plugin CharacterAI
LogPluginManager: Mounting plugin GeometryCache
LogPluginManager: Mounting plugin GeometryProcessing
LogPluginManager: Mounting plugin GeometryCollectionPlugin
LogPluginManager: Mounting plugin Niagara
LogPluginManager: Mounting plugin MotoSynth
LogPluginManager: Mounting plugin OpenImageDenoise
LogPluginManager: Mounting plugin PlanarCut
LogPluginManager: Mounting plugin PlatformCrypto
LogPluginManager: Mounting plugin ProxyLODPlugin
LogPluginManager: Mounting plugin PythonScriptPlugin
LogPluginManager: Mounting plugin SkeletalReduction
LogPluginManager: Mounting plugin LuminPlatformFeatures
LogPluginManager: Mounting plugin MagicLeap
LogPluginManager: Mounting plugin MagicLeapLightEstimation
LogPluginManager: Mounting plugin MagicLeapMedia
LogPluginManager: Mounting plugin MagicLeapPassableWorld
LogPluginManager: Mounting plugin MLSDK
LogPluginManager: Mounting plugin AndroidMedia
LogPluginManager: Mounting plugin AvfMedia
LogPluginManager: Mounting plugin ImgMedia
LogPluginManager: Mounting plugin MediaCompositing
LogPluginManager: Mounting plugin MediaPlayerEditor
LogPluginManager: Mounting plugin WmfMedia
LogPluginManager: Mounting plugin WebMMedia
LogPluginManager: Mounting plugin UdpMessaging
LogPluginManager: Mounting plugin TcpMessaging
LogPluginManager: Mounting plugin ActorSequence
LogPluginManager: Mounting plugin LevelSequenceEditor
LogPluginManager: Mounting plugin MatineeToLevelSequence
LogPluginManager: Mounting plugin TemplateSequence
LogPluginManager: Mounting plugin OnlineSubsystem
LogPluginManager: Mounting plugin OnlineSubsystemNull
LogPluginManager: Mounting plugin OnlineSubsystemUtils
LogPluginManager: Mounting plugin LauncherChunkInstaller
LogPluginManager: Mounting plugin ActorLayerUtilities
LogPluginManager: Mounting plugin AndroidPermission
LogPluginManager: Mounting plugin AndroidDeviceProfileSelector
LogPluginManager: Mounting plugin AppleImageUtils
LogPluginManager: Mounting plugin AndroidMoviePlayer
LogPluginManager: Mounting plugin ArchVisCharacter
LogPluginManager: Mounting plugin AppleMoviePlayer
LogPluginManager: Mounting plugin AssetTags
LogPluginManager: Mounting plugin AudioCapture
LogPluginManager: Mounting plugin CableComponent
LogPluginManager: Mounting plugin ChunkDownloader
LogPluginManager: Mounting plugin AudioSynesthesia
LogPluginManager: Mounting plugin CustomMeshComponent
LogPluginManager: Mounting plugin EditableMesh
LogPluginManager: Mounting plugin ExampleDeviceProfileSelector
LogPluginManager: Mounting plugin GooglePAD
LogPluginManager: Mounting plugin GoogleCloudMessaging
LogPluginManager: Mounting plugin IOSDeviceProfileSelector
LogPluginManager: Mounting plugin LocationServicesBPLibrary
LogPluginManager: Mounting plugin LinuxDeviceProfileSelector
LogPluginManager: Mounting plugin MobilePatchingUtils
LogPluginManager: Mounting plugin OpenXR
LogPluginManager: Mounting plugin OpenXREyeTracker
LogPluginManager: Mounting plugin OpenXRHandTracking
LogPluginManager: Mounting plugin PhysXVehicles
LogPluginManager: Mounting plugin PostSplashScreen
LogPluginManager: Mounting plugin ProceduralMeshComponent
LogPluginManager: Mounting plugin PropertyAccessEditor
LogPluginManager: Mounting plugin RuntimePhysXCooking
LogPluginManager: Mounting plugin SignificanceManager
LogPluginManager: Mounting plugin SoundFields
LogPluginManager: Mounting plugin Synthesis
LogPluginManager: Mounting plugin WebMMoviePlayer
LogPluginManager: Mounting plugin WindowsMoviePlayer
LogPluginManager: Mounting plugin ScreenshotTools
LogPluginManager: Mounting plugin Takes
LogPluginManager: Mounting plugin ContentBrowserAssetDataSource
LogPluginManager: Mounting plugin ContentBrowserClassDataSource
LogPluginManager: Mounting plugin ContentBrowserFileDataSource
LogPluginManager: Mounting plugin OnlineSubsystemGooglePlay
LogPluginManager: Mounting plugin OnlineSubsystemIOS
LogPluginManager: Mounting plugin OculusVR
LogPluginManager: Mounting plugin SteamVR
PixWinPlugin: PIX capture plugin failed to initialize! Check that the process is launched from PIX.
LogInit: Using libcurl 7.55.1-DEV
LogInit:  - built for x86_64-pc-win32
LogInit:  - supports SSL with OpenSSL/1.1.1
LogInit:  - supports HTTP deflate (compression) using libz 1.2.8
LogInit:  - other features:
LogInit:      CURL_VERSION_SSL
LogInit:      CURL_VERSION_LIBZ
LogInit:      CURL_VERSION_IPV6
LogInit:      CURL_VERSION_ASYNCHDNS
LogInit:      CURL_VERSION_LARGEFILE
LogInit:      CURL_VERSION_IDN
LogInit:  CurlRequestOptions (configurable via config and command line):
LogInit:  - bVerifyPeer = true  - Libcurl will verify peer certificate
LogInit:  - bUseHttpProxy = false  - Libcurl will NOT use HTTP proxy
LogInit:  - bDontReuseConnections = false  - Libcurl will reuse connections
LogInit:  - MaxHostConnections = 16  - Libcurl will limit the number of connections to a host
LogInit:  - LocalHostAddr = Default
LogInit:  - BufferSize = 65536
LogOnline: OSS: Creating online subsystem instance for: NULL
LogInit: WinSock: version 1.1 (2.2), MaxSocks=32767, MaxUdp=65467
LogOnline: OSS: TryLoadSubsystemAndSetDefault: Loaded subsystem for module [NULL]
LogOculusPluginWrapper: OculusPlugin initialized successfully
LogHMD: Failed initializing OVRPlugin 1.59.0
LogInit: Build: ++UE4+Release-4.27-CL-18319896
LogInit: Engine Version: 4.27.2-18319896+++UE4+Release-4.27
LogInit: Compatible Engine Version: 4.27.0-17155196+++UE4+Release-4.27
LogInit: Net CL: 17155196
LogInit: OS: Windows 10 (Release 2009) (), CPU: Intel(R) Core(TM) i5-10210U CPU @ 1.60GHz, GPU: Intel(R) UHD Graphics
LogInit: Compiled (64-bit): Nov 30 2021 07:12:08
LogInit: Compiled with Visual C++: 19.24.28315.00
LogInit: Build Configuration: Development
LogInit: Branch Name: ++UE4+Release-4.27
LogInit: Command Line: 
LogInit: Base Directory: C:/Program Files/Epic Games/UE_4.27/Engine/Binaries/Win64/
LogInit: Allocator: TBB
LogInit: Installed Engine Build: 1
LogDevObjectVersion: Number of dev versions registered: 29
LogDevObjectVersion:   Dev-Blueprints (B0D832E4-1F89-4F0D-ACCF-7EB736FD4AA2): 10
LogDevObjectVersion:   Dev-Build (E1C64328-A22C-4D53-A36C-8E866417BD8C): 0
LogDevObjectVersion:   Dev-Core (375EC13C-06E4-48FB-B500-84F0262A717E): 4
LogDevObjectVersion:   Dev-Editor (E4B068ED-F494-42E9-A231-DA0B2E46BB41): 40
LogDevObjectVersion:   Dev-Framework (CFFC743F-43B0-4480-9391-14DF171D2073): 37
LogDevObjectVersion:   Dev-Mobile (B02B49B5-BB20-44E9-A304-32B752E40360): 3
LogDevObjectVersion:   Dev-Networking (A4E4105C-59A1-49B5-A7C5-40C4547EDFEE): 0
LogDevObjectVersion:   Dev-Online (39C831C9-5AE6-47DC-9A44-9C173E1C8E7C): 0
LogDevObjectVersion:   Dev-Physics (78F01B33-EBEA-4F98-B9B4-84EACCB95AA2): 14
LogDevObjectVersion:   Dev-Platform (6631380F-2D4D-43E0-8009-CF276956A95A): 0
LogDevObjectVersion:   Dev-Rendering (12F88B9F-8875-4AFC-A67C-D90C383ABD29): 45
LogDevObjectVersion:   Dev-Sequencer (7B5AE74C-D270-4C10-A958-57980B212A5A): 13
LogDevObjectVersion:   Dev-VR (D7296918-1DD6-4BDD-9DE2-64A83CC13884): 3
LogDevObjectVersion:   Dev-LoadTimes (C2A15278-BFE7-4AFE-6C17-90FF531DF755): 1
LogDevObjectVersion:   Private-Geometry (6EACA3D4-40EC-4CC1-B786-8BED09428FC5): 3
LogDevObjectVersion:   Dev-AnimPhys (29E575DD-E0A3-4627-9D10-D276232CDCEA): 17
LogDevObjectVersion:   Dev-Anim (AF43A65D-7FD3-4947-9873-3E8ED9C1BB05): 15
LogDevObjectVersion:   Dev-ReflectionCapture (6B266CEC-1EC7-4B8F-A30B-E4D90942FC07): 1
LogDevObjectVersion:   Dev-Automation (0DF73D61-A23F-47EA-B727-89E90C41499A): 1
LogDevObjectVersion:   FortniteMain (601D1886-AC64-4F84-AA16-D3DE0DEAC7D6): 47
LogDevObjectVersion:   FortniteRelease (E7086368-6B23-4C58-8439-1B7016265E91): 1
LogDevObjectVersion:   Dev-Enterprise (9DFFBCD6-494F-0158-E221-12823C92A888): 10
LogDevObjectVersion:   Dev-Niagara (F2AED0AC-9AFE-416F-8664-AA7FFA26D6FC): 1
LogDevObjectVersion:   Dev-Destruction (174F1F0B-B4C6-45A5-B13F-2EE8D0FB917D): 10
LogDevObjectVersion:   Dev-Physics-Ext (35F94A83-E258-406C-A318-09F59610247C): 41
LogDevObjectVersion:   Dev-PhysicsMaterial-Chaos (B68FC16E-8B1B-42E2-B453-215C058844FE): 1
LogDevObjectVersion:   Dev-CineCamera (B2E18506-4273-CFC2-A54E-F4BB758BBA07): 1
LogDevObjectVersion:   Dev-VirtualProduction (64F58936-FD1B-42BA-BA96-7289D5D0FA4E): 1
LogDevObjectVersion:   Dev-MediaFramework (6F0ED827-A609-4895-9C91-998D90180EA4): 2
LogInit: Presizing for max 25165824 objects, including 0 objects not considered by GC, pre-allocating 0 bytes for permanent pool.
LogConfig: Applying CVar settings from Section [/Script/Engine.StreamingSettings] File [C:/Users/houccstudent/OneDrive - Houston Community College/Documents/Unreal Projects/Final_game/Saved/Config/Windows/Engine.ini]
LogConfig: Setting CVar [[s.MinBulkDataSizeForAsyncLoading:131072]]
LogConfig: Setting CVar [[s.AsyncLoadingThreadEnabled:0]]
LogConfig: Setting CVar [[s.EventDrivenLoaderEnabled:1]]
LogConfig: Setting CVar [[s.WarnIfTimeLimitExceeded:0]]
LogConfig: Setting CVar [[s.TimeLimitExceededMultiplier:1.5]]
LogConfig: Setting CVar [[s.TimeLimitExceededMinTime:0.005]]
LogConfig: Setting CVar [[s.UseBackgroundLevelStreaming:1]]
LogConfig: Setting CVar [[s.PriorityAsyncLoadingExtraTime:15.0]]
LogConfig: Setting CVar [[s.LevelStreamingActorsUpdateTimeLimit:5.0]]
LogConfig: Setting CVar [[s.PriorityLevelStreamingActorsUpdateExtraTime:5.0]]
LogConfig: Setting CVar [[s.LevelStreamingComponentsRegistrationGranularity:10]]
LogConfig: Setting CVar [[s.UnregisterComponentsTimeLimit:1.0]]
LogConfig: Setting CVar [[s.LevelStreamingComponentsUnregistrationGranularity:5]]
LogConfig: Setting CVar [[s.FlushStreamingOnExit:1]]
LogInit: Object subsystem initialized
LogConfig: Setting CVar [[con.DebugEarlyDefault:1]]
LogConfig: Setting CVar [[r.setres:1280x720]]
[2022.12.03-01.55.51:937][  0]LogConfig: Setting CVar [[r.VSync:0]]
[2022.12.03-01.55.51:937][  0]LogConfig: Setting CVar [[r.RHICmdBypass:0]]
[2022.12.03-01.55.51:937][  0]LogConfig: Applying CVar settings from Section [/Script/Engine.RendererSettings] File [C:/Users/houccstudent/OneDrive - Houston Community College/Documents/Unreal Projects/Final_game/Saved/Config/Windows/Engine.ini]
[2022.12.03-01.55.51:937][  0]LogConfig: Setting CVar [[r.GPUCrashDebugging:0]]
[2022.12.03-01.55.51:937][  0]LogConfig: Applying CVar settings from Section [/Script/Engine.RendererOverrideSettings] File [C:/Users/houccstudent/OneDrive - Houston Community College/Documents/Unreal Projects/Final_game/Saved/Config/Windows/Engine.ini]
[2022.12.03-01.55.51:937][  0]LogConfig: Applying CVar settings from Section [/Script/Engine.StreamingSettings] File [C:/Users/houccstudent/OneDrive - Houston Community College/Documents/Unreal Projects/Final_game/Saved/Config/Windows/Engine.ini]
[2022.12.03-01.55.51:937][  0]LogConfig: Setting CVar [[s.MinBulkDataSizeForAsyncLoading:131072]]
[2022.12.03-01.55.51:937][  0]LogConfig: Setting CVar [[s.AsyncLoadingThreadEnabled:0]]
[2022.12.03-01.55.51:937][  0]LogConfig: Setting CVar [[s.EventDrivenLoaderEnabled:1]]
[2022.12.03-01.55.51:937][  0]LogConfig: Setting CVar [[s.WarnIfTimeLimitExceeded:0]]
[2022.12.03-01.55.51:938][  0]LogConfig: Setting CVar [[s.TimeLimitExceededMultiplier:1.5]]
[2022.12.03-01.55.51:938][  0]LogConfig: Setting CVar [[s.TimeLimitExceededMinTime:0.005]]
[2022.12.03-01.55.51:938][  0]LogConfig: Setting CVar [[s.UseBackgroundLevelStreaming:1]]
[2022.12.03-01.55.51:938][  0]LogConfig: Setting CVar [[s.PriorityAsyncLoadingExtraTime:15.0]]
[2022.12.03-01.55.51:938][  0]LogConfig: Setting CVar [[s.LevelStreamingActorsUpdateTimeLimit:5.0]]
[2022.12.03-01.55.51:938][  0]LogConfig: Setting CVar [[s.PriorityLevelStreamingActorsUpdateExtraTime:5.0]]
[2022.12.03-01.55.51:938][  0]LogConfig: Setting CVar [[s.LevelStreamingComponentsRegistrationGranularity:10]]
[2022.12.03-01.55.51:938][  0]LogConfig: Setting CVar [[s.UnregisterComponentsTimeLimit:1.0]]
[2022.12.03-01.55.51:938][  0]LogConfig: Setting CVar [[s.LevelStreamingComponentsUnregistrationGranularity:5]]
[2022.12.03-01.55.51:938][  0]LogConfig: Setting CVar [[s.FlushStreamingOnExit:1]]
[2022.12.03-01.55.51:938][  0]LogConfig: Applying CVar settings from Section [/Script/Engine.GarbageCollectionSettings] File [C:/Users/houccstudent/OneDrive - Houston Community College/Documents/Unreal Projects/Final_game/Saved/Config/Windows/Engine.ini]
[2022.12.03-01.55.51:938][  0]LogConfig: Setting CVar [[gc.MaxObjectsNotConsideredByGC:1]]
[2022.12.03-01.55.51:938][  0]LogConfig: Setting CVar [[gc.SizeOfPermanentObjectPool:0]]
[2022.12.03-01.55.51:938][  0]LogConfig: Setting CVar [[gc.FlushStreamingOnGC:0]]
[2022.12.03-01.55.51:938][  0]LogConfig: Setting CVar [[gc.NumRetriesBeforeForcingGC:10]]
[2022.12.03-01.55.51:938][  0]LogConfig: Setting CVar [[gc.AllowParallelGC:1]]
[2022.12.03-01.55.51:938][  0]LogConfig: Setting CVar [[gc.TimeBetweenPurgingPendingKillObjects:61.1]]
[2022.12.03-01.55.51:938][  0]LogConfig: Setting CVar [[gc.MaxObjectsInEditor:25165824]]
[2022.12.03-01.55.51:938][  0]LogConfig: Setting CVar [[gc.IncrementalBeginDestroyEnabled:1]]
[2022.12.03-01.55.51:938][  0]LogConfig: Setting CVar [[gc.CreateGCClusters:1]]
[2022.12.03-01.55.51:938][  0]LogConfig: Setting CVar [[gc.MinGCClusterSize:5]]
[2022.12.03-01.55.51:938][  0]LogConfig: Setting CVar [[gc.ActorClusteringEnabled:0]]
[2022.12.03-01.55.51:938][  0]LogConfig: Setting CVar [[gc.BlueprintClusteringEnabled:0]]
[2022.12.03-01.55.51:938][  0]LogConfig: Setting CVar [[gc.UseDisregardForGCOnDedicatedServers:0]]
[2022.12.03-01.55.51:938][  0]LogConfig: Setting CVar [[gc.MultithreadedDestructionEnabled:1]]
[2022.12.03-01.55.51:938][  0]LogConfig: Applying CVar settings from Section [/Script/Engine.NetworkSettings] File [C:/Users/houccstudent/OneDrive - Houston Community College/Documents/Unreal Projects/Final_game/Saved/Config/Windows/Engine.ini]
[2022.12.03-01.55.51:938][  0]LogConfig: Applying CVar settings from Section [/Script/UnrealEd.CookerSettings] File [C:/Users/houccstudent/OneDrive - Houston Community College/Documents/Unreal Projects/Final_game/Saved/Config/Windows/Engine.ini]
[2022.12.03-01.55.51:942][  0]LogConfig: Applying CVar settings from Section [ViewDistanceQuality@3] File [C:/Users/houccstudent/OneDrive - Houston Community College/Documents/Unreal Projects/Final_game/Saved/Config/Windows/Scalability.ini]
[2022.12.03-01.55.51:942][  0]LogConfig: Setting CVar [[r.SkeletalMeshLODBias:0]]
[2022.12.03-01.55.51:942][  0]LogConfig: Setting CVar [[r.ViewDistanceScale:1.0]]
[2022.12.03-01.55.51:942][  0]LogConfig: Applying CVar settings from Section [AntiAliasingQuality@3] File [C:/Users/houccstudent/OneDrive - Houston Community College/Documents/Unreal Projects/Final_game/Saved/Config/Windows/Scalability.ini]
[2022.12.03-01.55.51:942][  0]LogConfig: Setting CVar [[r.PostProcessAAQuality:4]]
[2022.12.03-01.55.51:942][  0]LogConfig: Applying CVar settings from Section [ShadowQuality@3] File [C:/Users/houccstudent/OneDrive - Houston Community College/Documents/Unreal Projects/Final_game/Saved/Config/Windows/Scalability.ini]
[2022.12.03-01.55.51:942][  0]LogConfig: Setting CVar [[r.LightFunctionQuality:1]]
[2022.12.03-01.55.51:942][  0]LogConfig: Setting CVar [[r.ShadowQuality:5]]
[2022.12.03-01.55.51:942][  0]LogConfig: Setting CVar [[r.Shadow.CSM.MaxCascades:10]]
[2022.12.03-01.55.51:942][  0]LogConfig: Setting CVar [[r.Shadow.MaxResolution:2048]]
[2022.12.03-01.55.51:942][  0]LogConfig: Setting CVar [[r.Shadow.MaxCSMResolution:2048]]
[2022.12.03-01.55.51:942][  0]LogConfig: Setting CVar [[r.Shadow.RadiusThreshold:0.01]]
[2022.12.03-01.55.51:942][  0]LogConfig: Setting CVar [[r.Shadow.DistanceScale:1.0]]
[2022.12.03-01.55.51:942][  0]LogConfig: Setting CVar [[r.Shadow.CSM.TransitionScale:1.0]]
[2022.12.03-01.55.51:942][  0]LogConfig: Setting CVar [[r.Shadow.PreShadowResolutionFactor:1.0]]
[2022.12.03-01.55.51:942][  0]LogConfig: Setting CVar [[r.DistanceFieldShadowing:1]]
[2022.12.03-01.55.51:942][  0]LogConfig: Setting CVar [[r.DistanceFieldAO:1]]
[2022.12.03-01.55.51:942][  0]LogConfig: Setting CVar [[r.AOQuality:2]]
[2022.12.03-01.55.51:942][  0]LogConfig: Setting CVar [[r.VolumetricFog:1]]
[2022.12.03-01.55.51:943][  0]LogConfig: Setting CVar [[r.VolumetricFog.GridPixelSize:8]]
[2022.12.03-01.55.51:943][  0]LogConfig: Setting CVar [[r.VolumetricFog.GridSizeZ:128]]
[2022.12.03-01.55.51:943][  0]LogConfig: Setting CVar [[r.VolumetricFog.HistoryMissSupersampleCount:4]]
[2022.12.03-01.55.51:943][  0]LogConfig: Setting CVar [[r.LightMaxDrawDistanceScale:1]]
[2022.12.03-01.55.51:943][  0]LogConfig: Setting CVar [[r.CapsuleShadows:1]]
[2022.12.03-01.55.51:943][  0]LogConfig: Applying CVar settings from Section [PostProcessQuality@3] File [C:/Users/houccstudent/OneDrive - Houston Community College/Documents/Unreal Projects/Final_game/Saved/Config/Windows/Scalability.ini]
[2022.12.03-01.55.51:943][  0]LogConfig: Setting CVar [[r.MotionBlurQuality:4]]
[2022.12.03-01.55.51:943][  0]LogConfig: Setting CVar [[r.AmbientOcclusionMipLevelFactor:0.4]]
[2022.12.03-01.55.51:943][  0]LogConfig: Setting CVar [[r.AmbientOcclusionMaxQuality:100]]
[2022.12.03-01.55.51:943][  0]LogConfig: Setting CVar [[r.AmbientOcclusionLevels:-1]]
[2022.12.03-01.55.51:943][  0]LogConfig: Setting CVar [[r.AmbientOcclusionRadiusScale:1.0]]
[2022.12.03-01.55.51:943][  0]LogConfig: Setting CVar [[r.DepthOfFieldQuality:2]]
[2022.12.03-01.55.51:943][  0]LogConfig: Setting CVar [[r.RenderTargetPoolMin:400]]
[2022.12.03-01.55.51:943][  0]LogConfig: Setting CVar [[r.LensFlareQuality:2]]
[2022.12.03-01.55.51:943][  0]LogConfig: Setting CVar [[r.SceneColorFringeQuality:1]]
[2022.12.03-01.55.51:943][  0]LogConfig: Setting CVar [[r.EyeAdaptationQuality:2]]
[2022.12.03-01.55.51:943][  0]LogConfig: Setting CVar [[r.BloomQuality:5]]
[2022.12.03-01.55.51:943][  0]LogConfig: Setting CVar [[r.FastBlurThreshold:100]]
[2022.12.03-01.55.51:943][  0]LogConfig: Setting CVar [[r.Upscale.Quality:3]]
[2022.12.03-01.55.51:943][  0]LogConfig: Setting CVar [[r.Tonemapper.GrainQuantization:1]]
[2022.12.03-01.55.51:943][  0]LogConfig: Setting CVar [[r.LightShaftQuality:1]]
[2022.12.03-01.55.51:943][  0]LogConfig: Setting CVar [[r.Filter.SizeScale:1]]
[2022.12.03-01.55.51:943][  0]LogConfig: Setting CVar [[r.Tonemapper.Quality:5]]
[2022.12.03-01.55.51:943][  0]LogConfig: Setting CVar [[r.DOF.Gather.AccumulatorQuality:1        ; higher gathering accumulator quality]]
[2022.12.03-01.55.51:943][  0]LogConfig: Setting CVar [[r.DOF.Gather.PostfilterMethod:1          ; Median3x3 postfilering method]]
[2022.12.03-01.55.51:943][  0]LogConfig: Setting CVar [[r.DOF.Gather.EnableBokehSettings:0       ; no bokeh simulation when gathering]]
[2022.12.03-01.55.51:943][  0]LogConfig: Setting CVar [[r.DOF.Gather.RingCount:4                 ; medium number of samples when gathering]]
[2022.12.03-01.55.51:943][  0]LogConfig: Setting CVar [[r.DOF.Scatter.ForegroundCompositing:1    ; additive foreground scattering]]
[2022.12.03-01.55.51:943][  0]LogConfig: Setting CVar [[r.DOF.Scatter.BackgroundCompositing:2    ; additive background scattering]]
[2022.12.03-01.55.51:943][  0]LogConfig: Setting CVar [[r.DOF.Scatter.EnableBokehSettings:1      ; bokeh simulation when scattering]]
[2022.12.03-01.55.51:943][  0]LogConfig: Setting CVar [[r.DOF.Scatter.MaxSpriteRatio:0.1         ; only a maximum of 10% of scattered bokeh]]
[2022.12.03-01.55.51:943][  0]LogConfig: Setting CVar [[r.DOF.Recombine.Quality:1                ; cheap slight out of focus]]
[2022.12.03-01.55.51:943][  0]LogConfig: Setting CVar [[r.DOF.Recombine.EnableBokehSettings:0    ; no bokeh simulation on slight out of focus]]
[2022.12.03-01.55.51:943][  0]LogConfig: Setting CVar [[r.DOF.TemporalAAQuality:1                ; more stable temporal accumulation]]
[2022.12.03-01.55.51:943][  0]LogConfig: Setting CVar [[r.DOF.Kernel.MaxForegroundRadius:0.025]]
[2022.12.03-01.55.51:943][  0]LogConfig: Setting CVar [[r.DOF.Kernel.MaxBackgroundRadius:0.025]]
[2022.12.03-01.55.51:943][  0]LogConfig: Applying CVar settings from Section [TextureQuality@3] File [C:/Users/houccstudent/OneDrive - Houston Community College/Documents/Unreal Projects/Final_game/Saved/Config/Windows/Scalability.ini]
[2022.12.03-01.55.51:943][  0]LogConfig: Setting CVar [[r.Streaming.MipBias:0]]
[2022.12.03-01.55.51:943][  0]LogConfig: Setting CVar [[r.Streaming.AmortizeCPUToGPUCopy:0]]
[2022.12.03-01.55.51:943][  0]LogConfig: Setting CVar [[r.Streaming.MaxNumTexturesToStreamPerFrame:0]]
[2022.12.03-01.55.51:943][  0]LogConfig: Setting CVar [[r.Streaming.Boost:1]]
[2022.12.03-01.55.51:943][  0]LogConfig: Setting CVar [[r.MaxAnisotropy:8]]
[2022.12.03-01.55.51:943][  0]LogConfig: Setting CVar [[r.VT.MaxAnisotropy:8]]
[2022.12.03-01.55.51:943][  0]LogConfig: Setting CVar [[r.Streaming.LimitPoolSizeToVRAM:0]]
[2022.12.03-01.55.51:943][  0]LogConfig: Setting CVar [[r.Streaming.PoolSize:1000]]
[2022.12.03-01.55.51:943][  0]LogConfig: Setting CVar [[r.Streaming.MaxEffectiveScreenSize:0]]
[2022.12.03-01.55.51:943][  0]LogConfig: Applying CVar settings from Section [EffectsQuality@3] File [C:/Users/houccstudent/OneDrive - Houston Community College/Documents/Unreal Projects/Final_game/Saved/Config/Windows/Scalability.ini]
[2022.12.03-01.55.51:943][  0]LogConfig: Setting CVar [[r.TranslucencyLightingVolumeDim:64]]
[2022.12.03-01.55.51:943][  0]LogConfig: Setting CVar [[r.RefractionQuality:2]]
[2022.12.03-01.55.51:943][  0]LogConfig: Setting CVar [[r.SSR.Quality:3]]
[2022.12.03-01.55.51:943][  0]LogConfig: Setting CVar [[r.SSR.HalfResSceneColor:0]]
[2022.12.03-01.55.51:943][  0]LogConfig: Setting CVar [[r.SceneColorFormat:4]]
[2022.12.03-01.55.51:943][  0]LogConfig: Setting CVar [[r.DetailMode:2]]
[2022.12.03-01.55.51:943][  0]LogConfig: Setting CVar [[r.TranslucencyVolumeBlur:1]]
[2022.12.03-01.55.51:943][  0]LogConfig: Setting CVar [[r.MaterialQualityLevel:1 ; High quality]]
[2022.12.03-01.55.51:943][  0]LogConfig: Setting CVar [[r.AnisotropicMaterials:1]]
[2022.12.03-01.55.51:943][  0]LogConfig: Setting CVar [[r.SSS.Scale:1]]
[2022.12.03-01.55.51:943][  0]LogConfig: Setting CVar [[r.SSS.SampleSet:2]]
[2022.12.03-01.55.51:943][  0]LogConfig: Setting CVar [[r.SSS.Quality:1]]
[2022.12.03-01.55.51:943][  0]LogConfig: Setting CVar [[r.SSS.HalfRes:0]]
[2022.12.03-01.55.51:943][  0]LogConfig: Setting CVar [[r.SSGI.Quality:3]]
[2022.12.03-01.55.51:943][  0]LogConfig: Setting CVar [[r.EmitterSpawnRateScale:1.0]]
[2022.12.03-01.55.51:943][  0]LogConfig: Setting CVar [[r.ParticleLightQuality:2]]
[2022.12.03-01.55.51:943][  0]LogConfig: Setting CVar [[r.SkyAtmosphere.AerialPerspectiveLUT.FastApplyOnOpaque:1 ; Always have FastSkyLUT 1 in this case to avoid wrong sky]]
[2022.12.03-01.55.51:943][  0]LogConfig: Setting CVar [[r.SkyAtmosphere.AerialPerspectiveLUT.SampleCountMaxPerSlice:4]]
[2022.12.03-01.55.51:943][  0]LogConfig: Setting CVar [[r.SkyAtmosphere.AerialPerspectiveLUT.DepthResolution:16.0]]
[2022.12.03-01.55.51:943][  0]LogConfig: Setting CVar [[r.SkyAtmosphere.FastSkyLUT:1]]
[2022.12.03-01.55.51:943][  0]LogConfig: Setting CVar [[r.SkyAtmosphere.FastSkyLUT.SampleCountMin:4.0]]
[2022.12.03-01.55.51:943][  0]LogConfig: Setting CVar [[r.SkyAtmosphere.FastSkyLUT.SampleCountMax:128.0]]
[2022.12.03-01.55.51:943][  0]LogConfig: Setting CVar [[r.SkyAtmosphere.SampleCountMin:4.0]]
[2022.12.03-01.55.51:943][  0]LogConfig: Setting CVar [[r.SkyAtmosphere.SampleCountMax:128.0]]
[2022.12.03-01.55.51:943][  0]LogConfig: Setting CVar [[r.SkyAtmosphere.TransmittanceLUT.UseSmallFormat:0]]
[2022.12.03-01.55.51:943][  0]LogConfig: Setting CVar [[r.SkyAtmosphere.TransmittanceLUT.SampleCount:10.0]]
[2022.12.03-01.55.51:943][  0]LogConfig: Setting CVar [[r.SkyAtmosphere.MultiScatteringLUT.SampleCount:15.0]]
[2022.12.03-01.55.51:943][  0]LogConfig: Setting CVar [[r.SkyLight.RealTimeReflectionCapture:1]]
[2022.12.03-01.55.51:943][  0]LogConfig: Applying CVar settings from Section [FoliageQuality@3] File [C:/Users/houccstudent/OneDrive - Houston Community College/Documents/Unreal Projects/Final_game/Saved/Config/Windows/Scalability.ini]
[2022.12.03-01.55.51:943][  0]LogConfig: Setting CVar [[foliage.DensityScale:1.0]]
[2022.12.03-01.55.51:943][  0]LogConfig: Setting CVar [[grass.DensityScale:1.0]]
[2022.12.03-01.55.51:944][  0]LogConfig: Applying CVar settings from Section [ShadingQuality@3] File [C:/Users/houccstudent/OneDrive - Houston Community College/Documents/Unreal Projects/Final_game/Saved/Config/Windows/Scalability.ini]
[2022.12.03-01.55.51:944][  0]LogConfig: Setting CVar [[r.HairStrands.SkyLighting.IntegrationType:2]]
[2022.12.03-01.55.51:944][  0]LogConfig: Setting CVar [[r.HairStrands.SkyAO.SampleCount:4]]
[2022.12.03-01.55.51:944][  0]LogConfig: Setting CVar [[r.HairStrands.Visibility.MSAA.SamplePerPixel:4]]
[2022.12.03-01.55.51:944][  0]LogInit: Selected Device Profile: [Windows]
[2022.12.03-01.55.51:944][  0]LogInit: Applying CVar settings loaded from the selected device profile: [Windows]
[2022.12.03-01.55.51:944][  0]LogHAL: Display: Platform has ~ 8 GB [8339005440 / 8589934592 / 8], which maps to Default [LargestMinGB=32, LargerMinGB=12, DefaultMinGB=8, SmallerMinGB=6, SmallestMinGB=0)
[2022.12.03-01.55.51:944][  0]LogInit: Going up to parent DeviceProfile []
[2022.12.03-01.55.51:944][  0]LogConfig: Applying CVar settings from Section [ViewDistanceQuality@3] File [C:/Users/houccstudent/OneDrive - Houston Community College/Documents/Unreal Projects/Final_game/Saved/Config/Windows/Scalability.ini]
[2022.12.03-01.55.51:944][  0]LogConfig: Setting CVar [[r.SkeletalMeshLODBias:0]]
[2022.12.03-01.55.51:944][  0]LogConfig: Setting CVar [[r.ViewDistanceScale:1.0]]
[2022.12.03-01.55.51:944][  0]LogConfig: Applying CVar settings from Section [AntiAliasingQuality@3] File [C:/Users/houccstudent/OneDrive - Houston Community College/Documents/Unreal Projects/Final_game/Saved/Config/Windows/Scalability.ini]
[2022.12.03-01.55.51:944][  0]LogConfig: Setting CVar [[r.PostProcessAAQuality:4]]
[2022.12.03-01.55.51:944][  0]LogConfig: Applying CVar settings from Section [ShadowQuality@3] File [C:/Users/houccstudent/OneDrive - Houston Community College/Documents/Unreal Projects/Final_game/Saved/Config/Windows/Scalability.ini]
[2022.12.03-01.55.51:944][  0]LogConfig: Setting CVar [[r.LightFunctionQuality:1]]
[2022.12.03-01.55.51:944][  0]LogConfig: Setting CVar [[r.ShadowQuality:5]]
[2022.12.03-01.55.51:944][  0]LogConfig: Setting CVar [[r.Shadow.CSM.MaxCascades:10]]
[2022.12.03-01.55.51:944][  0]LogConfig: Setting CVar [[r.Shadow.MaxResolution:2048]]
[2022.12.03-01.55.51:944][  0]LogConfig: Setting CVar [[r.Shadow.MaxCSMResolution:2048]]
[2022.12.03-01.55.51:944][  0]LogConfig: Setting CVar [[r.Shadow.RadiusThreshold:0.01]]
[2022.12.03-01.55.51:944][  0]LogConfig: Setting CVar [[r.Shadow.DistanceScale:1.0]]
[2022.12.03-01.55.51:944][  0]LogConfig: Setting CVar [[r.Shadow.CSM.TransitionScale:1.0]]
[2022.12.03-01.55.51:944][  0]LogConfig: Setting CVar [[r.Shadow.PreShadowResolutionFactor:1.0]]
[2022.12.03-01.55.51:944][  0]LogConfig: Setting CVar [[r.DistanceFieldShadowing:1]]
[2022.12.03-01.55.51:944][  0]LogConfig: Setting CVar [[r.DistanceFieldAO:1]]
[2022.12.03-01.55.51:944][  0]LogConfig: Setting CVar [[r.AOQuality:2]]
[2022.12.03-01.55.51:944][  0]LogConfig: Setting CVar [[r.VolumetricFog:1]]
[2022.12.03-01.55.51:944][  0]LogConfig: Setting CVar [[r.VolumetricFog.GridPixelSize:8]]
[2022.12.03-01.55.51:944][  0]LogConfig: Setting CVar [[r.VolumetricFog.GridSizeZ:128]]
[2022.12.03-01.55.51:944][  0]LogConfig: Setting CVar [[r.VolumetricFog.HistoryMissSupersampleCount:4]]
[2022.12.03-01.55.51:944][  0]LogConfig: Setting CVar [[r.LightMaxDrawDistanceScale:1]]
[2022.12.03-01.55.51:944][  0]LogConfig: Setting CVar [[r.CapsuleShadows:1]]
[2022.12.03-01.55.51:944][  0]LogConfig: Applying CVar settings from Section [PostProcessQuality@3] File [C:/Users/houccstudent/OneDrive - Houston Community College/Documents/Unreal Projects/Final_game/Saved/Config/Windows/Scalability.ini]
[2022.12.03-01.55.51:944][  0]LogConfig: Setting CVar [[r.MotionBlurQuality:4]]
[2022.12.03-01.55.51:944][  0]LogConfig: Setting CVar [[r.AmbientOcclusionMipLevelFactor:0.4]]
[2022.12.03-01.55.51:944][  0]LogConfig: Setting CVar [[r.AmbientOcclusionMaxQuality:100]]
[2022.12.03-01.55.51:944][  0]LogConfig: Setting CVar [[r.AmbientOcclusionLevels:-1]]
[2022.12.03-01.55.51:944][  0]LogConfig: Setting CVar [[r.AmbientOcclusionRadiusScale:1.0]]
[2022.12.03-01.55.51:944][  0]LogConfig: Setting CVar [[r.DepthOfFieldQuality:2]]
[2022.12.03-01.55.51:944][  0]LogConfig: Setting CVar [[r.RenderTargetPoolMin:400]]
[2022.12.03-01.55.51:944][  0]LogConfig: Setting CVar [[r.LensFlareQuality:2]]
[2022.12.03-01.55.51:944][  0]LogConfig: Setting CVar [[r.SceneColorFringeQuality:1]]
[2022.12.03-01.55.51:944][  0]LogConfig: Setting CVar [[r.EyeAdaptationQuality:2]]
[2022.12.03-01.55.51:944][  0]LogConfig: Setting CVar [[r.BloomQuality:5]]
[2022.12.03-01.55.51:944][  0]LogConfig: Setting CVar [[r.FastBlurThreshold:100]]
[2022.12.03-01.55.51:944][  0]LogConfig: Setting CVar [[r.Upscale.Quality:3]]
[2022.12.03-01.55.51:944][  0]LogConfig: Setting CVar [[r.Tonemapper.GrainQuantization:1]]
[2022.12.03-01.55.51:945][  0]LogConfig: Setting CVar [[r.LightShaftQuality:1]]
[2022.12.03-01.55.51:945][  0]LogConfig: Setting CVar [[r.Filter.SizeScale:1]]
[2022.12.03-01.55.51:945][  0]LogConfig: Setting CVar [[r.Tonemapper.Quality:5]]
[2022.12.03-01.55.51:945][  0]LogConfig: Setting CVar [[r.DOF.Gather.AccumulatorQuality:1        ; higher gathering accumulator quality]]
[2022.12.03-01.55.51:945][  0]LogConfig: Setting CVar [[r.DOF.Gather.PostfilterMethod:1          ; Median3x3 postfilering method]]
[2022.12.03-01.55.51:945][  0]LogConfig: Setting CVar [[r.DOF.Gather.EnableBokehSettings:0       ; no bokeh simulation when gathering]]
[2022.12.03-01.55.51:945][  0]LogConfig: Setting CVar [[r.DOF.Gather.RingCount:4                 ; medium number of samples when gathering]]
[2022.12.03-01.55.51:945][  0]LogConfig: Setting CVar [[r.DOF.Scatter.ForegroundCompositing:1    ; additive foreground scattering]]
[2022.12.03-01.55.51:945][  0]LogConfig: Setting CVar [[r.DOF.Scatter.BackgroundCompositing:2    ; additive background scattering]]
[2022.12.03-01.55.51:945][  0]LogConfig: Setting CVar [[r.DOF.Scatter.EnableBokehSettings:1      ; bokeh simulation when scattering]]
[2022.12.03-01.55.51:945][  0]LogConfig: Setting CVar [[r.DOF.Scatter.MaxSpriteRatio:0.1         ; only a maximum of 10% of scattered bokeh]]
[2022.12.03-01.55.51:945][  0]LogConfig: Setting CVar [[r.DOF.Recombine.Quality:1                ; cheap slight out of focus]]
[2022.12.03-01.55.51:945][  0]LogConfig: Setting CVar [[r.DOF.Recombine.EnableBokehSettings:0    ; no bokeh simulation on slight out of focus]]
[2022.12.03-01.55.51:945][  0]LogConfig: Setting CVar [[r.DOF.TemporalAAQuality:1                ; more stable temporal accumulation]]
[2022.12.03-01.55.51:945][  0]LogConfig: Setting CVar [[r.DOF.Kernel.MaxForegroundRadius:0.025]]
[2022.12.03-01.55.51:945][  0]LogConfig: Setting CVar [[r.DOF.Kernel.MaxBackgroundRadius:0.025]]
[2022.12.03-01.55.51:945][  0]LogConfig: Applying CVar settings from Section [TextureQuality@3] File [C:/Users/houccstudent/OneDrive - Houston Community College/Documents/Unreal Projects/Final_game/Saved/Config/Windows/Scalability.ini]
[2022.12.03-01.55.51:945][  0]LogConfig: Setting CVar [[r.Streaming.MipBias:0]]
[2022.12.03-01.55.51:945][  0]LogConfig: Setting CVar [[r.Streaming.AmortizeCPUToGPUCopy:0]]
[2022.12.03-01.55.51:945][  0]LogConfig: Setting CVar [[r.Streaming.MaxNumTexturesToStreamPerFrame:0]]
[2022.12.03-01.55.51:945][  0]LogConfig: Setting CVar [[r.Streaming.Boost:1]]
[2022.12.03-01.55.51:945][  0]LogConfig: Setting CVar [[r.MaxAnisotropy:8]]
[2022.12.03-01.55.51:945][  0]LogConfig: Setting CVar [[r.VT.MaxAnisotropy:8]]
[2022.12.03-01.55.51:945][  0]LogConfig: Setting CVar [[r.Streaming.LimitPoolSizeToVRAM:0]]
[2022.12.03-01.55.51:945][  0]LogConfig: Setting CVar [[r.Streaming.PoolSize:1000]]
[2022.12.03-01.55.51:945][  0]LogConfig: Setting CVar [[r.Streaming.MaxEffectiveScreenSize:0]]
[2022.12.03-01.55.51:945][  0]LogConfig: Applying CVar settings from Section [EffectsQuality@3] File [C:/Users/houccstudent/OneDrive - Houston Community College/Documents/Unreal Projects/Final_game/Saved/Config/Windows/Scalability.ini]
[2022.12.03-01.55.51:945][  0]LogConfig: Setting CVar [[r.TranslucencyLightingVolumeDim:64]]
[2022.12.03-01.55.51:945][  0]LogConfig: Setting CVar [[r.RefractionQuality:2]]
[2022.12.03-01.55.51:945][  0]LogConfig: Setting CVar [[r.SSR.Quality:3]]
[2022.12.03-01.55.51:945][  0]LogConfig: Setting CVar [[r.SSR.HalfResSceneColor:0]]
[2022.12.03-01.55.51:945][  0]LogConfig: Setting CVar [[r.SceneColorFormat:4]]
[2022.12.03-01.55.51:945][  0]LogConfig: Setting CVar [[r.DetailMode:2]]
[2022.12.03-01.55.51:945][  0]LogConfig: Setting CVar [[r.TranslucencyVolumeBlur:1]]
[2022.12.03-01.55.51:945][  0]LogConfig: Setting CVar [[r.MaterialQualityLevel:1 ; High quality]]
[2022.12.03-01.55.51:945][  0]LogConfig: Setting CVar [[r.AnisotropicMaterials:1]]
[2022.12.03-01.55.51:945][  0]LogConfig: Setting CVar [[r.SSS.Scale:1]]
[2022.12.03-01.55.51:945][  0]LogConfig: Setting CVar [[r.SSS.SampleSet:2]]
[2022.12.03-01.55.51:945][  0]LogConfig: Setting CVar [[r.SSS.Quality:1]]
[2022.12.03-01.55.51:945][  0]LogConfig: Setting CVar [[r.SSS.HalfRes:0]]
[2022.12.03-01.55.51:945][  0]LogConfig: Setting CVar [[r.SSGI.Quality:3]]
[2022.12.03-01.55.51:945][  0]LogConfig: Setting CVar [[r.EmitterSpawnRateScale:1.0]]
[2022.12.03-01.55.51:945][  0]LogConfig: Setting CVar [[r.ParticleLightQuality:2]]
[2022.12.03-01.55.51:945][  0]LogConfig: Setting CVar [[r.SkyAtmosphere.AerialPerspectiveLUT.FastApplyOnOpaque:1 ; Always have FastSkyLUT 1 in this case to avoid wrong sky]]
[2022.12.03-01.55.51:945][  0]LogConfig: Setting CVar [[r.SkyAtmosphere.AerialPerspectiveLUT.SampleCountMaxPerSlice:4]]
[2022.12.03-01.55.51:945][  0]LogConfig: Setting CVar [[r.SkyAtmosphere.AerialPerspectiveLUT.DepthResolution:16.0]]
[2022.12.03-01.55.51:945][  0]LogConfig: Setting CVar [[r.SkyAtmosphere.FastSkyLUT:1]]
[2022.12.03-01.55.51:945][  0]LogConfig: Setting CVar [[r.SkyAtmosphere.FastSkyLUT.SampleCountMin:4.0]]
[2022.12.03-01.55.51:945][  0]LogConfig: Setting CVar [[r.SkyAtmosphere.FastSkyLUT.SampleCountMax:128.0]]
[2022.12.03-01.55.51:945][  0]LogConfig: Setting CVar [[r.SkyAtmosphere.SampleCountMin:4.0]]
[2022.12.03-01.55.51:945][  0]LogConfig: Setting CVar [[r.SkyAtmosphere.SampleCountMax:128.0]]
[2022.12.03-01.55.51:945][  0]LogConfig: Setting CVar [[r.SkyAtmosphere.TransmittanceLUT.UseSmallFormat:0]]
[2022.12.03-01.55.51:945][  0]LogConfig: Setting CVar [[r.SkyAtmosphere.TransmittanceLUT.SampleCount:10.0]]
[2022.12.03-01.55.51:945][  0]LogConfig: Setting CVar [[r.SkyAtmosphere.MultiScatteringLUT.SampleCount:15.0]]
[2022.12.03-01.55.51:945][  0]LogConfig: Setting CVar [[r.SkyLight.RealTimeReflectionCapture:1]]
[2022.12.03-01.55.51:945][  0]LogConfig: Applying CVar settings from Section [FoliageQuality@3] File [C:/Users/houccstudent/OneDrive - Houston Community College/Documents/Unreal Projects/Final_game/Saved/Config/Windows/Scalability.ini]
[2022.12.03-01.55.51:945][  0]LogConfig: Setting CVar [[foliage.DensityScale:1.0]]
[2022.12.03-01.55.51:945][  0]LogConfig: Setting CVar [[grass.DensityScale:1.0]]
[2022.12.03-01.55.51:945][  0]LogConfig: Applying CVar settings from Section [ShadingQuality@3] File [C:/Users/houccstudent/OneDrive - Houston Community College/Documents/Unreal Projects/Final_game/Saved/Config/Windows/Scalability.ini]
[2022.12.03-01.55.51:945][  0]LogConfig: Setting CVar [[r.HairStrands.SkyLighting.IntegrationType:2]]
[2022.12.03-01.55.51:945][  0]LogConfig: Setting CVar [[r.HairStrands.SkyAO.SampleCount:4]]
[2022.12.03-01.55.51:945][  0]LogConfig: Setting CVar [[r.HairStrands.Visibility.MSAA.SamplePerPixel:4]]
[2022.12.03-01.55.51:945][  0]LogConfig: Applying CVar settings from Section [Startup] File [../../../Engine/Config/ConsoleVariables.ini]
[2022.12.03-01.55.51:946][  0]LogConfig: Setting CVar [[net.UseAdaptiveNetUpdateFrequency:0]]
[2022.12.03-01.55.51:946][  0]LogConfig: Setting CVar [[p.chaos.AllowCreatePhysxBodies:1]]
[2022.12.03-01.55.51:946][  0]LogConfig: Setting CVar [[fx.SkipVectorVMBackendOptimizations:1]]
[2022.12.03-01.55.51:946][  0]LogConfig: Applying CVar settings from Section [ConsoleVariables] File [C:/Users/houccstudent/OneDrive - Houston Community College/Documents/Unreal Projects/Final_game/Saved/Config/Windows/Engine.ini]
[2022.12.03-01.55.51:946][  0]LogConfig: Applying CVar settings from Section [ConsoleVariables] File [C:/Users/houccstudent/OneDrive - Houston Community College/Documents/Unreal Projects/Final_game/Saved/Config/Windows/Editor.ini]
[2022.12.03-01.55.51:946][  0]LogInit: Computer: HCCLIB-A-174838
[2022.12.03-01.55.51:946][  0]LogInit: User: houccstudent
[2022.12.03-01.55.51:946][  0]LogInit: CPU Page size=4096, Cores=4
[2022.12.03-01.55.51:946][  0]LogInit: High frequency timer resolution =10.000000 MHz
[2022.12.03-01.55.51:946][  0]LogMemory: Memory total: Physical=7.8GB (8GB approx)
[2022.12.03-01.55.51:946][  0]LogMemory: Platform Memory Stats for Windows
[2022.12.03-01.55.51:946][  0]LogMemory: Process Physical Memory: 147.94 MB used, 147.94 MB peak
[2022.12.03-01.55.51:946][  0]LogMemory: Process Virtual Memory: 116.54 MB used, 116.54 MB peak
[2022.12.03-01.55.51:946][  0]LogMemory: Physical Memory: 4940.36 MB used,  3012.34 MB free, 7952.70 MB total
[2022.12.03-01.55.51:946][  0]LogMemory: Virtual Memory: 134213192.00 MB used,  4534.68 MB free, 134217728.00 MB total
[2022.12.03-01.55.51:951][  0]LogWindows: WindowsPlatformFeatures enabled
[2022.12.03-01.55.51:980][  0]LogInit: Physics initialised using underlying interface: PhysX
[2022.12.03-01.55.51:981][  0]LogInit: Using OS detected language (en-US).
[2022.12.03-01.55.51:981][  0]LogInit: Using OS detected locale (en-US).
[2022.12.03-01.55.51:998][  0]LogTextLocalizationManager: No specific localization for 'en-US' exists, so the 'en' localization will be used.
[2022.12.03-01.55.52:254][  0]LogInit: Setting process to per monitor DPI aware
[2022.12.03-01.55.52:262][  0]LogWindowsTextInputMethodSystem: Display: IME system deactivated.
[2022.12.03-01.55.52:278][  0]LogSlate: New Slate User Created.  User Index 0, Is Virtual User: 0
[2022.12.03-01.55.52:278][  0]LogSlate: Slate User Registered.  User Index 0, Is Virtual User: 0
[2022.12.03-01.55.52:578][  0]LogD3D11RHI: Loaded GFSDK_Aftermath_Lib.x64.dll
[2022.12.03-01.55.52:581][  0]LogHMD: Failed to initialize OpenVR with code 110
[2022.12.03-01.55.52:581][  0]LogD3D11RHI: D3D11 min allowed feature level: 11_0
[2022.12.03-01.55.52:581][  0]LogD3D11RHI: D3D11 max allowed feature level: 11_0
[2022.12.03-01.55.52:581][  0]LogD3D11RHI: D3D11 adapters:
[2022.12.03-01.55.52:670][  0]LogD3D11RHI:    0. 'Intel(R) UHD Graphics' (Feature Level 11_0)
[2022.12.03-01.55.52:670][  0]LogD3D11RHI:       128/0/3976 MB DedicatedVideo/DedicatedSystem/SharedSystem, Outputs:1, VendorId:0x8086
[2022.12.03-01.55.52:677][  0]LogD3D11RHI:    1. 'Microsoft Basic Render Driver' (Feature Level 11_0)
[2022.12.03-01.55.52:677][  0]LogD3D11RHI:       0/0/3976 MB DedicatedVideo/DedicatedSystem/SharedSystem, Outputs:0, VendorId:0x1414
[2022.12.03-01.55.52:677][  0]LogD3D11RHI: Chosen D3D11 Adapter:
[2022.12.03-01.55.52:677][  0]LogD3D11RHI:     Description : Intel(R) UHD Graphics
[2022.12.03-01.55.52:677][  0]LogD3D11RHI:     VendorId    : 8086
[2022.12.03-01.55.52:677][  0]LogD3D11RHI:     DeviceId    : 9b41
[2022.12.03-01.55.52:677][  0]LogD3D11RHI:     SubSysId    : 9ed1028
[2022.12.03-01.55.52:677][  0]LogD3D11RHI:     Revision    : 0002
[2022.12.03-01.55.52:677][  0]LogD3D11RHI:     DedicatedVideoMemory : 134217728 bytes
[2022.12.03-01.55.52:677][  0]LogD3D11RHI:     DedicatedSystemMemory : 0 bytes
[2022.12.03-01.55.52:677][  0]LogD3D11RHI:     SharedSystemMemory : 4169502720 bytes
[2022.12.03-01.55.52:677][  0]LogD3D11RHI:     AdapterLuid : 0 93535
[2022.12.03-01.55.52:681][  0]LogD3D11RHI: Creating new Direct3DDevice
[2022.12.03-01.55.52:681][  0]LogD3D11RHI:     GPU DeviceId: 0x9b41 (for the marketing name, search the web for "GPU Device Id")
[2022.12.03-01.55.52:681][  0]LogWindows: EnumDisplayDevices:
[2022.12.03-01.55.52:682][  0]LogWindows:    0. 'Intel(R) UHD Graphics' (P:1 D:1)
[2022.12.03-01.55.52:682][  0]LogWindows:    1. 'Intel(R) UHD Graphics' (P:0 D:0)
[2022.12.03-01.55.52:682][  0]LogWindows:    2. 'Intel(R) UHD Graphics' (P:0 D:0)
[2022.12.03-01.55.52:682][  0]LogWindows: DebugString: FoundDriverCount:3 
[2022.12.03-01.55.52:682][  0]LogD3D11RHI:     Adapter Name: Intel(R) UHD Graphics
[2022.12.03-01.55.52:682][  0]LogD3D11RHI:   Driver Version: 27.20.100.9664 (internal:27.20.100.9664, unified:27.20.100.9664)
[2022.12.03-01.55.52:682][  0]LogD3D11RHI:      Driver Date: 6-1-2021
[2022.12.03-01.55.52:682][  0]LogRHI: Texture pool is 1481 MB (70% of 2116 MB)
[2022.12.03-01.55.52:739][  0]LogD3D11RHI: Creating D3DDevice using adapter:
[2022.12.03-01.55.52:739][  0]LogD3D11RHI:     Description : Intel(R) UHD Graphics
[2022.12.03-01.55.52:739][  0]LogD3D11RHI:     VendorId    : 8086
[2022.12.03-01.55.52:739][  0]LogD3D11RHI:     DeviceId    : 9b41
[2022.12.03-01.55.52:739][  0]LogD3D11RHI:     SubSysId    : 9ed1028
[2022.12.03-01.55.52:739][  0]LogD3D11RHI:     Revision    : 0002
[2022.12.03-01.55.52:739][  0]LogD3D11RHI:     DedicatedVideoMemory : 134217728 bytes
[2022.12.03-01.55.52:739][  0]LogD3D11RHI:     DedicatedSystemMemory : 0 bytes
[2022.12.03-01.55.52:739][  0]LogD3D11RHI:     SharedSystemMemory : 4169502720 bytes
[2022.12.03-01.55.52:739][  0]LogD3D11RHI:     AdapterLuid : 0 93535
[2022.12.03-01.55.52:804][  0]LogD3D11RHI: RHI does not have support for 64 bit atomics
[2022.12.03-01.55.52:821][  0]LogD3D11RHI: Intel Extensions support version Full=16777216, Major=1, Minor=0, Revision=0
[2022.12.03-01.55.52:821][  0]LogD3D11RHI: Intel Extensions support version Full=16777217, Major=1, Minor=0, Revision=1
[2022.12.03-01.55.52:822][  0]LogD3D11RHI: Intel Extensions Framework enabled
[2022.12.03-01.55.52:823][  0]LogD3D11RHI: [IntelMetricsDiscovery] Started
[2022.12.03-01.55.52:823][  0]LogD3D11RHI: Async texture creation enabled
[2022.12.03-01.55.52:823][  0]LogD3D11RHI: Array index from any shader is supported
[2022.12.03-01.55.52:832][  0]LogD3D11RHI: GPU Timing Frequency: 12.000048 (Debug: 2 0)
[2022.12.03-01.55.53:375][  0]LogTargetPlatformManager: Display: Loaded TargetPlatform 'AllDesktop'
[2022.12.03-01.55.53:396][  0]LogTargetPlatformManager: Display: Loaded TargetPlatform 'Android'
[2022.12.03-01.55.53:396][  0]LogTargetPlatformManager: Display: Loaded TargetPlatform 'Android_ASTC'
[2022.12.03-01.55.53:396][  0]LogTargetPlatformManager: Display: Loaded TargetPlatform 'Android_DXT'
[2022.12.03-01.55.53:396][  0]LogTargetPlatformManager: Display: Loaded TargetPlatform 'Android_ETC2'
[2022.12.03-01.55.53:396][  0]LogTargetPlatformManager: Display: Loaded TargetPlatform 'AndroidClient'
[2022.12.03-01.55.53:396][  0]LogTargetPlatformManager: Display: Loaded TargetPlatform 'Android_ASTCClient'
[2022.12.03-01.55.53:396][  0]LogTargetPlatformManager: Display: Loaded TargetPlatform 'Android_DXTClient'
[2022.12.03-01.55.53:396][  0]LogTargetPlatformManager: Display: Loaded TargetPlatform 'Android_ETC2Client'
[2022.12.03-01.55.53:396][  0]LogTargetPlatformManager: Display: Loaded TargetPlatform 'Android_Multi'
[2022.12.03-01.55.53:396][  0]LogTargetPlatformManager: Display: Loaded TargetPlatform 'Android_MultiClient'
[2022.12.03-01.55.53:417][  0]LogTargetPlatformManager: Display: Loaded TargetPlatform 'IOSClient'
[2022.12.03-01.55.53:417][  0]LogTargetPlatformManager: Display: Loaded TargetPlatform 'IOS'
[2022.12.03-01.55.53:430][  0]LogTargetPlatformManager: Display: Loaded TargetPlatform 'Linux'
[2022.12.03-01.55.53:435][  0]LogTargetPlatformManager: Display: Loaded TargetPlatform 'LinuxNoEditor'
[2022.12.03-01.55.53:440][  0]LogTargetPlatformManager: Display: Loaded TargetPlatform 'LinuxClient'
[2022.12.03-01.55.53:445][  0]LogTargetPlatformManager: Display: Loaded TargetPlatform 'LinuxServer'
[2022.12.03-01.55.53:454][  0]LogTargetPlatformManager: Display: Loaded TargetPlatform 'LinuxAArch64NoEditor'
[2022.12.03-01.55.53:459][  0]LogTargetPlatformManager: Display: Loaded TargetPlatform 'LinuxAArch64Client'
[2022.12.03-01.55.53:464][  0]LogTargetPlatformManager: Display: Loaded TargetPlatform 'LinuxAArch64Server'
[2022.12.03-01.55.53:489][  0]LogTargetPlatformManager: Display: Loaded TargetPlatform 'Lumin'
[2022.12.03-01.55.53:489][  0]LogTargetPlatformManager: Display: Loaded TargetPlatform 'LuminClient'
[2022.12.03-01.55.53:499][  0]LogTargetPlatformManager: Display: Loaded TargetPlatform 'MacNoEditor'
[2022.12.03-01.55.53:504][  0]LogTargetPlatformManager: Display: Loaded TargetPlatform 'Mac'
[2022.12.03-01.55.53:509][  0]LogTargetPlatformManager: Display: Loaded TargetPlatform 'MacClient'
[2022.12.03-01.55.53:514][  0]LogTargetPlatformManager: Display: Loaded TargetPlatform 'MacServer'
[2022.12.03-01.55.53:525][  0]LogTargetPlatformManager: Display: Loaded TargetPlatform 'TVOSClient'
[2022.12.03-01.55.53:525][  0]LogTargetPlatformManager: Display: Loaded TargetPlatform 'TVOS'
[2022.12.03-01.55.53:535][  0]LogTargetPlatformManager: Display: Loaded TargetPlatform 'WindowsNoEditor'
[2022.12.03-01.55.53:541][  0]LogTargetPlatformManager: Display: Loaded TargetPlatform 'Windows'
[2022.12.03-01.55.53:546][  0]LogTargetPlatformManager: Display: Loaded TargetPlatform 'WindowsClient'
[2022.12.03-01.55.53:551][  0]LogTargetPlatformManager: Display: Loaded TargetPlatform 'WindowsServer'
[2022.12.03-01.55.53:551][  0]LogTargetPlatformManager: Display: Building Assets For Windows
[2022.12.03-01.55.53:561][  0]LogAudioDebug: Display: Lib vorbis DLL was dynamically loaded.
[2022.12.03-01.55.53:599][  0]LogTextureFormatOodle: Display: Oodle Texture 2.9.0 init RDO Off
[2022.12.03-01.55.53:653][  0]LogRendererCore: Ray tracing is disabled. Reason: r.RayTracing=0.
[2022.12.03-01.55.53:654][  0]LogShaderCompilers: Guid format shader working directory is -58 characters bigger than the processId version (../../../../../../Users/houccstudent/OneDrive - Houston Community College/Documents/Unreal Projects/Final_game/Intermediate/Shaders/WorkingDirectory/10332/).
[2022.12.03-01.55.53:654][  0]LogShaderCompilers: Cleaned the shader compiler working directory 'C:/Users/houccstudent/AppData/Local/Temp/UnrealShaderWorkingDir/938CD8244831D6A3FE901C9875FF561E/'.
[2022.12.03-01.55.53:654][  0]LogXGEController: Cannot use XGE Controller as Incredibuild is not installed on this machine.
[2022.12.03-01.55.53:654][  0]LogShaderCompilers: Cannot use XGE Shader Compiler as Incredibuild is not installed on this machine.
[2022.12.03-01.55.53:654][  0]LogShaderCompilers: Display: Using Local Shader Compiler.
[2022.12.03-01.55.54:670][  0]LogDerivedDataCache: Display: Max Cache Size: 512 MB
[2022.12.03-01.55.54:807][  0]LogDerivedDataCache: Loaded boot cache 0.14s 94MB C:/Users/houccstudent/AppData/Local/UnrealEngine/4.27/DerivedDataCache/Boot.ddc.
[2022.12.03-01.55.54:808][  0]LogDerivedDataCache: Display: Loaded Boot cache: C:/Users/houccstudent/AppData/Local/UnrealEngine/4.27/DerivedDataCache/Boot.ddc
[2022.12.03-01.55.54:808][  0]LogDerivedDataCache: FDerivedDataBackendGraph:  Pak pak cache file ../../../../../../Users/houccstudent/OneDrive - Houston Community College/Documents/Unreal Projects/Final_game/DerivedDataCache/DDC.ddp not found, will not use a pak cache.
[2022.12.03-01.55.54:808][  0]LogDerivedDataCache: Unable to find inner node Pak for hierarchical cache Hierarchy.
[2022.12.03-01.55.54:808][  0]LogDerivedDataCache: FDerivedDataBackendGraph:  CompressedPak pak cache file ../../../../../../Users/houccstudent/OneDrive - Houston Community College/Documents/Unreal Projects/Final_game/DerivedDataCache/Compressed.ddp not found, will not use a pak cache.
[2022.12.03-01.55.54:808][  0]LogDerivedDataCache: Unable to find inner node CompressedPak for hierarchical cache Hierarchy.
[2022.12.03-01.55.54:826][  0]LogDerivedDataCache: Display: Pak cache opened for reading ../../../Engine/DerivedDataCache/Compressed.ddp.
[2022.12.03-01.55.54:826][  0]LogDerivedDataCache: FDerivedDataBackendGraph:  EnterprisePak pak cache file ../../../Enterprise/DerivedDataCache/Compressed.ddp not found, will not use a pak cache.
[2022.12.03-01.55.54:826][  0]LogDerivedDataCache: Unable to find inner node EnterprisePak for hierarchical cache Hierarchy.
[2022.12.03-01.55.55:027][  0]LogDerivedDataCache: Speed tests for C:/Users/houccstudent/AppData/Local/UnrealEngine/Common/DerivedDataCache took 0.20 seconds
[2022.12.03-01.55.55:028][  0]LogDerivedDataCache: Display: Performance to C:/Users/houccstudent/AppData/Local/UnrealEngine/Common/DerivedDataCache: Latency=0.06ms. RandomReadSpeed=203.39MBs, RandomWriteSpeed=4.76MBs. Assigned SpeedClass 'Local'
[2022.12.03-01.55.55:028][  0]LogDerivedDataCache: Using Local data cache path C:/Users/houccstudent/AppData/Local/UnrealEngine/Common/DerivedDataCache: Writable
[2022.12.03-01.55.55:028][  0]LogDerivedDataCache: Shared data cache path not found in *engine.ini, will not use an Shared cache.
[2022.12.03-01.55.55:028][  0]LogDerivedDataCache: Unable to find inner node Shared for hierarchical cache Hierarchy.
[2022.12.03-01.55.55:080][  0]LogSlate: Using FreeType 2.10.0
[2022.12.03-01.55.55:080][  0]LogSlate: SlateFontServices - WITH_FREETYPE: 1, WITH_HARFBUZZ: 1
[2022.12.03-01.55.55:214][  0]LogAssetRegistry: FAssetRegistry took 0.0037 seconds to start up
[2022.12.03-01.55.55:609][  0]LogInit: Selected Device Profile: [Windows]
[2022.12.03-01.55.55:609][  0]LogInit: Active device profile: [0000023149D46C00][000002313C08DAC0 49] Windows
[2022.12.03-01.55.55:609][  0]LogInit: Profiles: [0000023149D46C00][000002313C08DAC0 49] Windows, [0000023149BDA000][000002313C094200 49] WindowsNoEditor, [0000023149D46000][00000231490344C0 49] WindowsServer, [0000023149BD8A00][0000023149038780 49] WindowsClient, [0000023149D46900][000002314903CA40 49] IOS, [0000023149BDB600][0000023149040D00 49] iPadAir, [0000023149D44C00][0000023149044FC0 49] iPadAir2, [0000023149B7D300][000002313BE454C0 49] IPadPro, [0000023149B7D400][0000023149049500 49] iPadAir3, [0000023149BDB400][000002313C091780 49] iPadAir4, [0000023149B7E200][000002314904DA40 49] iPadMini2, [0000023149BD9500][000002313BE48180 49] iPadMini3, [0000023149B7EE00][000002313BE4C440 49] iPadMini4, [0000023149BD8100][000002313BE50700 49] iPadMini5, [0000023149B84E00][000002313BE64C40 49] iPhone6, [0000023149B84F00][000002313BE54C80 49] iPodTouch6, [0000023149D46A00][000002314A0611C0 49] iPhone7, [0000023149D46B00][000002313BE5D200 49] iPodTouch7, [0000023149B7F300][000002313BE614C0 49] iPhone5S, [0000023149D45100][000002313BE41740 49] iPhone6Plus, [0000023149B7F500][000002313BE599C0 49] iPhone6S, [0000023149D46500][000002314A064100 49] iPhone6SPlus, [0000023149D44900][000002314A0683C0 49] iPhone7Plus, [0000023149B87000][000002314A06C680 49] iPhoneSE, [0000023149D44F00][000002314A070940 49] iPhone8, [0000023149B84800][000002314A074C00 49] iPhone8Plus, [0000023149B86B00][000002314A078EC0 49] iPhoneX, [0000023149B7DC00][000002314A07D180 49] iPhoneXS, [0000023149B86000][000002314A081440 49] iPhoneXSMax, [0000023149B7DA00][000002314A085700 49] iPhoneXR, [0000023149B86700][000002313BE69980 49] iPhone11, [0000023149B7D900][000002314A08C0C0 49] iPhone11Pro, [0000023149B86800][000002314A090380 49] iPhone11ProMax, [0000023149B7CC00][000002314A094640 49] iPhoneSE2, [0000023149B85700][000002314A098900 49] iPhone12Mini, [0000023149D45000][000002314A09CBC0 49] iPhone12, [0000023149B86E00][000002314A0A0E80 49] iPhone12Pro, [0000023149D45800][000002314A0A5140 49] iPhone12ProMax, [0000023149B87C00][000002314A0A9400 49] iPadPro105, [0000023149D44300][000002314A0AD6C0 49] iPadPro129, [0000023149B86300][000002314A089940 49] iPadPro97, [0000023149D47B00][000002314A0B1BC0 49] iPadPro2_129, [0000023149B84600][000002314A0B8300 49] iPad5, [0000023149D44100][000002314A0BC5C0 49] iPad6, [0000023149B87200][000002314A0C0880 49] iPad7, [0000023149D44400][000002314A0C4B40 49] iPad8, [0000023149B87A00][000002314A0C8E00 49] iPadPro11, [0000023149D46400][000002314A0CD0C0 49] iPadPro2_11, [0000023149B87500][000002314A0D1380 49] iPadPro3_129, [0000023149D45200][000002314A0D5640 49] iPadPro4_129, [0000023149B86100][000002314A0D9900 49] AppleTV, [0000023149D44200][000002314A0B5B80 49] AppleTV4K, [0000023149B84100][000002314A0DC280 49] TVOS, [0000023149D44700][000002314A0E4540 49] Mac, [0000023149B85600][000002314A0E8800 49] MacClient, [0000023149D47F00][000002314A0ECAC0 49] MacNoEditor, [0000023149B84300][000002314A0F0D80 49] MacServer, [0000023149D45300][000002314A0F5040 49] Linux, [0000023149B85400][000002314A0F9300 49] LinuxAArch64, [0000023149D45D00][000002314A0FD5C0 49] LinuxNoEditor, [0000023149B84D00][000002314A101880 49] LinuxAArch64NoEditor, [0000023149D44800][000002314A105B40 49] LinuxClient, [0000023149B84400][000002314A0E0240 49] LinuxAArch64Client, [0000023149D44A00][000002314A1084C0 49] LinuxServer, [0000023149B87900][000002314A110780 49] LinuxAArch64Server, [0000023149D45500][000002314A114A40 49] Android, [0000023149B85E00][000002314A118D00 49] Android_Low, [0000023149D47000][000002314A11CFC0 49] Android_Mid, [0000023149B85300][000002314A121280 49] Android_High, [0000023149D47A00][000002314A125540 49] Android_Default, [0000023149B87F00][000002314A129800 49] Android_Adreno4xx, [0000023149D46800][000002314A12DAC0 49] Android_Adreno5xx_Low, [0000023149B87D00][000002314A130200 49] Android_Adreno5xx, [0000023149D45C00][000002314A10C480 49] Android_Adreno6xx, [0000023149B87600][000002314A134700 49] Android_Adreno6xx_Vulkan, [0000023149D47400][000002314A13C9C0 49] Android_Mali_T6xx, [0000023149B86600][000002314A140C80 49] Android_Mali_T7xx, [0000023149D47600][000002314A144F40 49] Android_Mali_T8xx, [0000023149B86A00][000002314A149200 49] Android_Mali_G71, [0000023149D45900][000002314A14D4C0 49] Android_Mali_G72, [0000023149BDBD00][000002314A151780 49] Android_Mali_G72_Vulkan, [0000023149B7F000][000002314A155A40 49] Android_Mali_G76, [0000023149BDB200][000002314A158180 49] Android_Mali_G76_Vulkan, [0000023149B7E300][000002314A15C440 49] Android_Mali_G77, [0000023149BD8200][000002314A1386C0 49] Android_Mali_G77_Vulkan, [0000023149B7E100][000002314A160940 49] Android_Mali_G78, [0000023149BDBB00][000002314A168C00 49] Android_Mali_G78_Vulkan, [0000023149B7CE00][000002314A16CEC0 49] Android_Mali_G710, [0000023149BDA800][000002314A171180 49] Android_Mali_G710_Vulkan, [0000023149B7DF00][000002314A175440 49] Android_Vulkan_SM5, [0000023149BDAC00][000002314A179700 49] Android_PowerVR_G6xxx, [0000023149B7D500][000002314A17D9C0 49] Android_PowerVR_GT7xxx, [0000023149BD9100][000002314A180100 49] Android_PowerVR_GE8xxx, [0000023149B7FB00][000002314A1843C0 49] Android_PowerVR_GM9xxx, [0000023149BD9E00][000002314A188680 49] Android_PowerVR_GM9xxx_Vulkan, [0000023149B7DB00][000002314A164900 49] Android_TegraK1, [0000023149BDA200][000002314A18CB80 49] Android_Unknown_Vulkan, [0000023149B7C400][000002314A194E40 49] Lumin, [0000023149BD9D00][000002314A199100 49] Lumin_Desktop, [0000023149B7E400][000002314A19D3C0 49] HoloLens, 
[2022.12.03-01.55.55:991][  0]LogMeshReduction: Using QuadricMeshReduction for automatic static mesh reduction
[2022.12.03-01.55.55:991][  0]LogMeshReduction: Using SimplygonMeshReduction for automatic skeletal mesh reduction
[2022.12.03-01.55.55:991][  0]LogMeshReduction: Using ProxyLODMeshReduction for automatic mesh merging
[2022.12.03-01.55.55:991][  0]LogMeshReduction: No distributed automatic mesh merging module available
[2022.12.03-01.55.55:992][  0]LogMeshMerging: No distributed automatic mesh merging module available
[2022.12.03-01.55.56:019][  0]LogNetVersion: Final_game 1.0.0, NetCL: 17155196, EngineNetVer: 17, GameNetVer: 0 (Checksum: 162058194)
[2022.12.03-01.55.56:804][  0]LogTexture: Default maximum texture size for cubemaps generated from long-lat sources has been changed from 512 to unlimited. In order to preserve old behaiour for '/Engine/MapTemplates/Sky/DaylightAmbientCubemap.DaylightAmbientCubemap', its maximum texture size has been explicitly set to 512.
[2022.12.03-01.55.56:870][  0]LogHMD: PokeAHoleMaterial loaded successfully
[2022.12.03-01.55.56:877][  0]LogUObjectArray: 17178 objects as part of root set at end of initial load.
[2022.12.03-01.55.56:877][  0]LogUObjectAllocator: 4302048 out of 0 bytes used by permanent object pool.
[2022.12.03-01.55.56:877][  0]LogUObjectArray: CloseDisregardForGC: 0/0 objects in disregard for GC pool
[2022.12.03-01.55.57:406][  0]LogNiagaraDebuggerClient: Niagara Debugger Client Initialized | Session: EF12FBE0415A503DF5A1C383AD7BEB36 | Instance: 329F7917478D8BB651C536A8473A83C2 (HCCLIB-A-174838-10332).
[2022.12.03-01.55.57:450][  0]LogPython: Using Python 3.7.7
[2022.12.03-01.55.58:161][  0]LogUdpMessaging: Initializing bridge on interface 0.0.0.0:0 to multicast group 230.0.0.1:6666.
[2022.12.03-01.55.58:168][  0]LogTcpMessaging: Initializing TcpMessaging bridge
[2022.12.03-01.55.58:464][  0]SourceControl: Source control is disabled
[2022.12.03-01.55.58:464][  0]SourceControl: Source control is disabled
[2022.12.03-01.55.58:472][  0]SourceControl: Source control is disabled
[2022.12.03-01.55.58:478][  0]SourceControl: Source control is disabled
[2022.12.03-01.55.58:489][  0]SourceControl: Source control is disabled
[2022.12.03-01.55.58:497][  0]LogUProjectInfo: Found projects:
[2022.12.03-01.55.58:505][  0]LogVSAccessor: Display: Unable to create Visual Studio setup instance: 80040154
[2022.12.03-01.55.58:505][  0]LogVSAccessor: Display: Unable to create Visual Studio setup instance: 80040154
[2022.12.03-01.55.58:506][  0]LogVSAccessor: Display: Unable to create Visual Studio setup instance: 80040154
[2022.12.03-01.55.58:834][  0]LogOpenImageDenoise: OIDN starting up
[2022.12.03-01.55.58:891][  0]LogAndroidPermission: UAndroidPermissionCallbackProxy::GetInstance
[2022.12.03-01.55.58:923][  0]LogAudioCaptureCore: Display: No Audio Capture implementations found. Audio input will be silent.
[2022.12.03-01.55.58:923][  0]LogAudioCaptureCore: Display: No Audio Capture implementations found. Audio input will be silent.
[2022.12.03-01.55.59:081][  0]LogCollectionManager: Loaded 0 collections in 0.001805 seconds
[2022.12.03-01.55.59:117][  0]LogFileCache: Scanning file cache for directory 'C:/Users/houccstudent/OneDrive - Houston Community College/Documents/Unreal Projects/Final_game/Saved/Collections/' took 0.00s
[2022.12.03-01.55.59:117][  0]LogFileCache: Scanning file cache for directory 'C:/Users/houccstudent/OneDrive - Houston Community College/Documents/Unreal Projects/Final_game/Content/Developers/houccstudent/Collections/' took 0.00s
[2022.12.03-01.55.59:117][  0]LogFileCache: Scanning file cache for directory 'C:/Users/houccstudent/OneDrive - Houston Community College/Documents/Unreal Projects/Final_game/Content/Collections/' took 0.00s
[2022.12.03-01.55.59:117][  0]LogOcInput: OculusInput pre-init called
[2022.12.03-01.55.59:515][  0]LogEngine: Initializing Engine...
[2022.12.03-01.55.59:520][  0]LogHMD: Failed to enumerate extensions. Please check that you have a valid OpenXR runtime installed.
[2022.12.03-01.55.59:521][  0]LogHMD: Failed to initialize OpenVR with code 110
[2022.12.03-01.55.59:521][  0]LogMagicLeap: Warning: VR disabled because ZI is not enabled.  To enable, in the editor, Edit -> Project Settings -> Plugins -> Magic Leap Plugin -> Enable Zero Iteration
[2022.12.03-01.55.59:522][  0]LogStats: UGameplayTagsManager::InitializeManager -  0.000 s
[2022.12.03-01.55.59:675][  0]LogInit: Initializing FReadOnlyCVARCache
[2022.12.03-01.55.59:692][  0]LogAIModule: Creating AISystem for world Untitled
[2022.12.03-01.55.59:692][  0]LogAudio: Display: Initializing Audio Device Manager...
[2022.12.03-01.55.59:696][  0]LogAudio: Display: Loading Default Audio Settings Objects...
[2022.12.03-01.55.59:697][  0]LogAudio: Display: No default SoundConcurrencyObject specified (or failed to load).
[2022.12.03-01.55.59:697][  0]LogAudio: Display: Audio Device Manager Initialized
[2022.12.03-01.55.59:697][  0]LogAudio: Display: Creating Audio Device:                 Id: 1, Scope: Shared, Realtime: True
[2022.12.03-01.55.59:698][  0]LogAudioMixer: Display: Audio Mixer Platform Settings:
[2022.12.03-01.55.59:698][  0]LogAudioMixer: Display: 	Sample Rate:						  48000
[2022.12.03-01.55.59:698][  0]LogAudioMixer: Display: 	Callback Buffer Frame Size Requested: 1024
[2022.12.03-01.55.59:698][  0]LogAudioMixer: Display: 	Callback Buffer Frame Size To Use:	  1024
[2022.12.03-01.55.59:698][  0]LogAudioMixer: Display: 	Number of buffers to queue:			  2
[2022.12.03-01.55.59:698][  0]LogAudioMixer: Display: 	Max Channels (voices):				  32
[2022.12.03-01.55.59:698][  0]LogAudioMixer: Display: 	Number of Async Source Workers:		  0
[2022.12.03-01.55.59:698][  0]LogAudio: Display: AudioDevice MaxSources: 32
[2022.12.03-01.55.59:698][  0]LogAudio: Display: Audio Spatialization Plugin: None (built-in).
[2022.12.03-01.55.59:698][  0]LogAudio: Display: Audio Reverb Plugin: None (built-in).
[2022.12.03-01.55.59:698][  0]LogAudio: Display: Audio Occlusion Plugin: None (built-in).
[2022.12.03-01.55.59:698][  0]LogAudioMixer: Display: Initializing audio mixer.
[2022.12.03-01.55.59:714][  0]LogAudioMixer: Display: 0: FrontLeft
[2022.12.03-01.55.59:714][  0]LogAudioMixer: Display: 1: FrontRight
[2022.12.03-01.56.00:374][  0]LogAudioMixer: Display: Using Audio Device Speakers (Realtek(R) Audio)
[2022.12.03-01.56.00:377][  0]LogAudioMixer: Display: Initializing Sound Submixes...
[2022.12.03-01.56.00:381][  0]LogAudioMixer: Display: Creating Master Submix 'MasterSubmixDefault'
[2022.12.03-01.56.00:381][  0]LogAudioMixer: Display: Creating Master Submix 'MasterReverbSubmixDefault'
[2022.12.03-01.56.00:382][  0]LogAudioMixer: Display: Creating Master Submix 'MasterEQSubmixDefault'
[2022.12.03-01.56.00:382][  0]LogAudioMixer: FMixerPlatformXAudio2::StartAudioStream() called
[2022.12.03-01.56.00:382][  0]LogAudioMixer: Display: Output buffers initialized: Frames=1024, Channels=2, Samples=2048
[2022.12.03-01.56.00:383][  0]LogAudioMixer: Display: Starting AudioMixerPlatformInterface::RunInternal()
[2022.12.03-01.56.00:383][  0]LogAudioMixer: Display: FMixerPlatformXAudio2::SubmitBuffer() called for the first time
[2022.12.03-01.56.00:383][  0]LogInit: FAudioDevice initialized.
[2022.12.03-01.56.00:383][  0]LogAudio: Display: Audio Device (ID: 1) registered with world 'Untitled'.
[2022.12.03-01.56.00:383][  0]LogNetVersion: Set ProjectVersion to 1.0.0.0. Version Checksum will be recalculated on next use.
[2022.12.03-01.56.00:455][  0]LogDerivedDataCache: Saved boot cache 0.07s 94MB C:/Users/houccstudent/AppData/Local/UnrealEngine/4.27/DerivedDataCache/Boot.ddc.
[2022.12.03-01.56.00:455][  0]LogInit: Texture streaming: Enabled
[2022.12.03-01.56.00:474][  0]LogAnalytics: Display: [UEEditor.Rocket.Release] APIServer = https://datarouter.ol.epicgames.com/. AppVersion = 4.27.2-18319896+++UE4+Release-4.27
[2022.12.03-01.56.00:479][  0]LogEngineSessionManager: EngineSessionManager initialized
[2022.12.03-01.56.00:480][  0]LogEngineSessionManager: EngineSessionManager sent abnormal shutdown report. Type=Crashed, SessionId={B03A70C5-48D0-68C7-DA28-709DAC760999}
[2022.12.03-01.56.00:480][  0]LogEditorSessionSummary: Verbose: Initializing EditorSessionSummaryWriter for editor session tracking
[2022.12.03-01.56.00:481][  0]LogEditorSessionSummary: EditorSessionSummaryWriter initialized
[2022.12.03-01.56.00:660][  0]LogInit: Transaction tracking system initialized
[2022.12.03-01.56.00:693][  0]BlueprintLog: New page: Editor Load
[2022.12.03-01.56.00:792][  0]LocalizationService: Localization service is disabled
[2022.12.03-01.56.00:832][  0]TimingProfiler: Initialize
[2022.12.03-01.56.00:832][  0]TimingProfiler: OnSessionChanged
[2022.12.03-01.56.00:832][  0]LoadingProfiler: Initialize
[2022.12.03-01.56.00:832][  0]LoadingProfiler: OnSessionChanged
[2022.12.03-01.56.00:832][  0]NetworkingProfiler: Initialize
[2022.12.03-01.56.00:832][  0]NetworkingProfiler: OnSessionChanged
[2022.12.03-01.56.00:832][  0]MemoryProfiler: Initialize
[2022.12.03-01.56.00:832][  0]MemoryProfiler: OnSessionChanged
[2022.12.03-01.56.00:911][  0]LogVSAccessor: Display: Unable to create Visual Studio setup instance: 80040154
[2022.12.03-01.56.00:912][  0]LogVSAccessor: Display: Unable to create Visual Studio setup instance: 80040154
[2022.12.03-01.56.00:912][  0]LogVSAccessor: Display: Unable to create Visual Studio setup instance: 80040154
[2022.12.03-01.56.01:137][  0]LogCook: Display: CookSettings for Memory: MemoryMaxUsedVirtual 0MiB, MemoryMaxUsedPhysical 16384MiB, MemoryMinFreeVirtual 0MiB, MemoryMinFreePhysical 1024MiB
[2022.12.03-01.56.01:137][  0]LogCook: Display: Mobile HDR setting 1
[2022.12.03-01.56.01:371][  0]LogFileCache: Scanning file cache for directory 'C:/Users/houccstudent/OneDrive - Houston Community College/Documents/Unreal Projects/Final_game/Content/' took 0.01s
[2022.12.03-01.56.01:846][  0]LogInit: Display: Engine is initialized. Leaving FEngineLoop::Init()
[2022.12.03-01.56.01:849][  0]SourceControl: Source control is disabled
[2022.12.03-01.56.01:970][  0]LogSlate: Took 0.000280 seconds to synchronously load lazily loaded font '../../../Engine/Content/Slate/Fonts/Roboto-Regular.ttf' (155K)
[2022.12.03-01.56.09:700][  0]LogSlate: Window 'Restore Packages' being destroyed
[2022.12.03-01.56.11:516][  0]LogSlate: Window 'Unable to Check Out From Source Control!' being destroyed
[2022.12.03-01.56.11:524][  0]Message dialog closed, result: Ok, title: Unable to Check Out From Source Control!, text: The following assets could not be successfully checked out from source control:
/Game/Main_character_Assets/PaperCharacter1_Blueprint
[2022.12.03-01.56.11:532][  0]LogUnrealEdMisc: Loading editor; pre map load, took 22.702
[2022.12.03-01.56.11:533][  0]Cmd: MAP LOAD FILE="../../../../../../Users/houccstudent/OneDrive - Houston Community College/Documents/Unreal Projects/Final_game/Content/FINAL_GAME.umap" TEMPLATE=0 SHOWPROGRESS=1 FEATURELEVEL=3
[2022.12.03-01.56.11:534][  0]LightingResults: New page: Lighting Build
[2022.12.03-01.56.11:536][  0]LogWorld: UWorld::CleanupWorld for Untitled, bSessionEnded=true, bCleanupResources=true
[2022.12.03-01.56.11:536][  0]LogSlate: InvalidateAllWidgets triggered.  All widgets were invalidated
[2022.12.03-01.56.11:537][  0]MapCheck: New page: Map Check
[2022.12.03-01.56.11:537][  0]LightingResults: New page: Lighting Build
[2022.12.03-01.56.11:544][  0]LogAudio: Display: Audio Device unregistered from world 'None'.
[2022.12.03-01.56.11:549][  0]LogUObjectHash: Compacting FUObjectHashTables data took   1.01ms
[2022.12.03-01.56.11:672][  0]LogAudio: Display: Audio Device (ID: 1) registered with world 'FINAL_GAME'.
[2022.12.03-01.56.11:674][  0]LogAIModule: Creating AISystem for world FINAL_GAME
[2022.12.03-01.56.11:680][  0]LogEditorServer: Finished looking for orphan Actors (0.000 secs)
[2022.12.03-01.56.11:697][  0]LogUObjectHash: Compacting FUObjectHashTables data took   0.97ms
[2022.12.03-01.56.11:697][  0]Cmd: MAP CHECKDEP NOCLEARLOG
[2022.12.03-01.56.11:697][  0]MapCheck: Map check complete: 0 Error(s), 0 Warning(s), took 0.155ms to complete.
[2022.12.03-01.56.11:698][  0]LogFileHelpers: Loading map 'FINAL_GAME' took 0.164
[2022.12.03-01.56.11:703][  0]LogUnrealEdMisc: Total Editor Startup Time, took 22.873
[2022.12.03-01.56.11:789][  0]LogSlate: Updating window title bar state: overlay mode, drag disabled, window buttons hidden, title bar hidden
[2022.12.03-01.56.11:796][  0]LogSlate: Updating window title bar state: overlay mode, drag disabled, window buttons hidden, title bar hidden
[2022.12.03-01.56.11:802][  0]LogSlate: Updating window title bar state: overlay mode, drag disabled, window buttons hidden, title bar hidden
[2022.12.03-01.56.11:808][  0]LogSlate: Updating window title bar state: overlay mode, drag disabled, window buttons hidden, title bar hidden
[2022.12.03-01.56.11:825][  0]LogNativeClassHierarchy: Verbose: Native class hierarchy populated in 0.0116 seconds. Added 3822 classes and 928 folders.
[2022.12.03-01.56.11:829][  0]LogNativeClassHierarchy: Verbose: Native class hierarchy updated for 'WidgetCarousel' in 0.0003 seconds. Added 0 classes and 0 folders.
[2022.12.03-01.56.11:832][  0]LogPakFile: PakFile PrimaryIndexSize=187
[2022.12.03-01.56.11:832][  0]LogPakFile: PakFile PathHashIndexSize=101
[2022.12.03-01.56.11:832][  0]LogPakFile: PakFile FullDirectoryIndexSize=148
[2022.12.03-01.56.11:832][  0]LogShaderLibrary: Display: ShaderCodeLibraryPakFileMountedCallback: PakFile 'C:/Program Files/Epic Games/UE_4.27/FeaturePacks/FP_FirstPerson.upack' (chunk index -1, root 'root:/') mounted
[2022.12.03-01.56.11:832][  0]LogShaderLibrary: Display: ShaderCodeLibraryPakFileMountedCallback: pending pak file info (ChunkID:-1 Root:root:/ File:C:/Program Files/Epic Games/UE_4.27/FeaturePacks/FP_FirstPerson.upack)
[2022.12.03-01.56.11:832][  0]LogPakFile: OnPakFileMounted2Time == 0.000055
[2022.12.03-01.56.11:834][  0]LogPakFile: PakFile PrimaryIndexSize=189
[2022.12.03-01.56.11:834][  0]LogPakFile: PakFile PathHashIndexSize=101
[2022.12.03-01.56.11:834][  0]LogPakFile: PakFile FullDirectoryIndexSize=152
[2022.12.03-01.56.11:834][  0]LogShaderLibrary: Display: ShaderCodeLibraryPakFileMountedCallback: PakFile 'C:/Program Files/Epic Games/UE_4.27/FeaturePacks/FP_FirstPersonBP.upack' (chunk index -1, root 'root:/') mounted
[2022.12.03-01.56.11:834][  0]LogShaderLibrary: Display: ShaderCodeLibraryPakFileMountedCallback: pending pak file info (ChunkID:-1 Root:root:/ File:C:/Program Files/Epic Games/UE_4.27/FeaturePacks/FP_FirstPersonBP.upack)
[2022.12.03-01.56.11:834][  0]LogPakFile: OnPakFileMounted2Time == 0.000044
[2022.12.03-01.56.11:835][  0]LogPakFile: PakFile PrimaryIndexSize=191
[2022.12.03-01.56.11:836][  0]LogPakFile: PakFile PathHashIndexSize=101
[2022.12.03-01.56.11:836][  0]LogPakFile: PakFile FullDirectoryIndexSize=160
[2022.12.03-01.56.11:836][  0]LogShaderLibrary: Display: ShaderCodeLibraryPakFileMountedCallback: PakFile 'C:/Program Files/Epic Games/UE_4.27/FeaturePacks/MobileStarterContent.upack' (chunk index -1, root 'root:/') mounted
[2022.12.03-01.56.11:836][  0]LogShaderLibrary: Display: ShaderCodeLibraryPakFileMountedCallback: pending pak file info (ChunkID:-1 Root:root:/ File:C:/Program Files/Epic Games/UE_4.27/FeaturePacks/MobileStarterContent.upack)
[2022.12.03-01.56.11:836][  0]LogPakFile: OnPakFileMounted2Time == 0.000039
[2022.12.03-01.56.11:837][  0]LogPakFile: PakFile PrimaryIndexSize=185
[2022.12.03-01.56.11:837][  0]LogPakFile: PakFile PathHashIndexSize=101
[2022.12.03-01.56.11:837][  0]LogPakFile: PakFile FullDirectoryIndexSize=148
[2022.12.03-01.56.11:837][  0]LogShaderLibrary: Display: ShaderCodeLibraryPakFileMountedCallback: PakFile 'C:/Program Files/Epic Games/UE_4.27/FeaturePacks/StarterContent.upack' (chunk index -1, root 'root:/') mounted
[2022.12.03-01.56.11:837][  0]LogShaderLibrary: Display: ShaderCodeLibraryPakFileMountedCallback: pending pak file info (ChunkID:-1 Root:root:/ File:C:/Program Files/Epic Games/UE_4.27/FeaturePacks/StarterContent.upack)
[2022.12.03-01.56.11:837][  0]LogPakFile: OnPakFileMounted2Time == 0.000040
[2022.12.03-01.56.11:838][  0]LogPakFile: PakFile PrimaryIndexSize=190
[2022.12.03-01.56.11:838][  0]LogPakFile: PakFile PathHashIndexSize=101
[2022.12.03-01.56.11:838][  0]LogPakFile: PakFile FullDirectoryIndexSize=154
[2022.12.03-01.56.11:838][  0]LogShaderLibrary: Display: ShaderCodeLibraryPakFileMountedCallback: PakFile 'C:/Program Files/Epic Games/UE_4.27/FeaturePacks/TP_2DSideScroller.upack' (chunk index -1, root 'root:/') mounted
[2022.12.03-01.56.11:838][  0]LogShaderLibrary: Display: ShaderCodeLibraryPakFileMountedCallback: pending pak file info (ChunkID:-1 Root:root:/ File:C:/Program Files/Epic Games/UE_4.27/FeaturePacks/TP_2DSideScroller.upack)
[2022.12.03-01.56.11:838][  0]LogPakFile: OnPakFileMounted2Time == 0.000035
[2022.12.03-01.56.11:840][  0]LogPakFile: PakFile PrimaryIndexSize=192
[2022.12.03-01.56.11:840][  0]LogPakFile: PakFile PathHashIndexSize=101
[2022.12.03-01.56.11:840][  0]LogPakFile: PakFile FullDirectoryIndexSize=158
[2022.12.03-01.56.11:840][  0]LogShaderLibrary: Display: ShaderCodeLibraryPakFileMountedCallback: PakFile 'C:/Program Files/Epic Games/UE_4.27/FeaturePacks/TP_2DSideScrollerBP.upack' (chunk index -1, root 'root:/') mounted
[2022.12.03-01.56.11:840][  0]LogShaderLibrary: Display: ShaderCodeLibraryPakFileMountedCallback: pending pak file info (ChunkID:-1 Root:root:/ File:C:/Program Files/Epic Games/UE_4.27/FeaturePacks/TP_2DSideScrollerBP.upack)
[2022.12.03-01.56.11:840][  0]LogPakFile: OnPakFileMounted2Time == 0.000062
[2022.12.03-01.56.11:841][  0]LogPakFile: PakFile PrimaryIndexSize=182
[2022.12.03-01.56.11:841][  0]LogPakFile: PakFile PathHashIndexSize=101
[2022.12.03-01.56.11:841][  0]LogPakFile: PakFile FullDirectoryIndexSize=138
[2022.12.03-01.56.11:842][  0]LogShaderLibrary: Display: ShaderCodeLibraryPakFileMountedCallback: PakFile 'C:/Program Files/Epic Games/UE_4.27/FeaturePacks/TP_Flying.upack' (chunk index -1, root 'root:/') mounted
[2022.12.03-01.56.11:842][  0]LogShaderLibrary: Display: ShaderCodeLibraryPakFileMountedCallback: pending pak file info (ChunkID:-1 Root:root:/ File:C:/Program Files/Epic Games/UE_4.27/FeaturePacks/TP_Flying.upack)
[2022.12.03-01.56.11:842][  0]LogPakFile: OnPakFileMounted2Time == 0.000040
[2022.12.03-01.56.11:843][  0]LogPakFile: PakFile PrimaryIndexSize=184
[2022.12.03-01.56.11:843][  0]LogPakFile: PakFile PathHashIndexSize=101
[2022.12.03-01.56.11:843][  0]LogPakFile: PakFile FullDirectoryIndexSize=142
[2022.12.03-01.56.11:843][  0]LogShaderLibrary: Display: ShaderCodeLibraryPakFileMountedCallback: PakFile 'C:/Program Files/Epic Games/UE_4.27/FeaturePacks/TP_FlyingBP.upack' (chunk index -1, root 'root:/') mounted
[2022.12.03-01.56.11:843][  0]LogShaderLibrary: Display: ShaderCodeLibraryPakFileMountedCallback: pending pak file info (ChunkID:-1 Root:root:/ File:C:/Program Files/Epic Games/UE_4.27/FeaturePacks/TP_FlyingBP.upack)
[2022.12.03-01.56.11:843][  0]LogPakFile: OnPakFileMounted2Time == 0.000042
[2022.12.03-01.56.11:845][  0]LogPakFile: PakFile PrimaryIndexSize=188
[2022.12.03-01.56.11:845][  0]LogPakFile: PakFile PathHashIndexSize=101
[2022.12.03-01.56.11:845][  0]LogPakFile: PakFile FullDirectoryIndexSize=150
[2022.12.03-01.56.11:845][  0]LogShaderLibrary: Display: ShaderCodeLibraryPakFileMountedCallback: PakFile 'C:/Program Files/Epic Games/UE_4.27/FeaturePacks/TP_HandheldARBP.upack' (chunk index -1, root 'root:/') mounted
[2022.12.03-01.56.11:845][  0]LogShaderLibrary: Display: ShaderCodeLibraryPakFileMountedCallback: pending pak file info (ChunkID:-1 Root:root:/ File:C:/Program Files/Epic Games/UE_4.27/FeaturePacks/TP_HandheldARBP.upack)
[2022.12.03-01.56.11:845][  0]LogPakFile: OnPakFileMounted2Time == 0.000041
[2022.12.03-01.56.11:848][  0]LogPakFile: PakFile PrimaryIndexSize=182
[2022.12.03-01.56.11:848][  0]LogPakFile: PakFile PathHashIndexSize=101
[2022.12.03-01.56.11:848][  0]LogPakFile: PakFile FullDirectoryIndexSize=138
[2022.12.03-01.56.11:848][  0]LogShaderLibrary: Display: ShaderCodeLibraryPakFileMountedCallback: PakFile 'C:/Program Files/Epic Games/UE_4.27/FeaturePacks/TP_Puzzle.upack' (chunk index -1, root 'root:/') mounted
[2022.12.03-01.56.11:848][  0]LogShaderLibrary: Display: ShaderCodeLibraryPakFileMountedCallback: pending pak file info (ChunkID:-1 Root:root:/ File:C:/Program Files/Epic Games/UE_4.27/FeaturePacks/TP_Puzzle.upack)
[2022.12.03-01.56.11:848][  0]LogPakFile: OnPakFileMounted2Time == 0.000037
[2022.12.03-01.56.11:851][  0]LogPakFile: PakFile PrimaryIndexSize=184
[2022.12.03-01.56.11:851][  0]LogPakFile: PakFile PathHashIndexSize=101
[2022.12.03-01.56.11:851][  0]LogPakFile: PakFile FullDirectoryIndexSize=142
[2022.12.03-01.56.11:851][  0]LogShaderLibrary: Display: ShaderCodeLibraryPakFileMountedCallback: PakFile 'C:/Program Files/Epic Games/UE_4.27/FeaturePacks/TP_PuzzleBP.upack' (chunk index -1, root 'root:/') mounted
[2022.12.03-01.56.11:851][  0]LogShaderLibrary: Display: ShaderCodeLibraryPakFileMountedCallback: pending pak file info (ChunkID:-1 Root:root:/ File:C:/Program Files/Epic Games/UE_4.27/FeaturePacks/TP_PuzzleBP.upack)
[2022.12.03-01.56.11:851][  0]LogPakFile: OnPakFileMounted2Time == 0.000036
[2022.12.03-01.56.11:851][  0]LogPakFile: PakFile PrimaryIndexSize=183
[2022.12.03-01.56.11:851][  0]LogPakFile: PakFile PathHashIndexSize=101
[2022.12.03-01.56.11:851][  0]LogPakFile: PakFile FullDirectoryIndexSize=140
[2022.12.03-01.56.11:851][  0]LogShaderLibrary: Display: ShaderCodeLibraryPakFileMountedCallback: PakFile 'C:/Program Files/Epic Games/UE_4.27/FeaturePacks/TP_Rolling.upack' (chunk index -1, root 'root:/') mounted
[2022.12.03-01.56.11:851][  0]LogShaderLibrary: Display: ShaderCodeLibraryPakFileMountedCallback: pending pak file info (ChunkID:-1 Root:root:/ File:C:/Program Files/Epic Games/UE_4.27/FeaturePacks/TP_Rolling.upack)
[2022.12.03-01.56.11:851][  0]LogPakFile: OnPakFileMounted2Time == 0.000032
[2022.12.03-01.56.11:853][  0]LogPakFile: PakFile PrimaryIndexSize=185
[2022.12.03-01.56.11:853][  0]LogPakFile: PakFile PathHashIndexSize=101
[2022.12.03-01.56.11:853][  0]LogPakFile: PakFile FullDirectoryIndexSize=144
[2022.12.03-01.56.11:853][  0]LogShaderLibrary: Display: ShaderCodeLibraryPakFileMountedCallback: PakFile 'C:/Program Files/Epic Games/UE_4.27/FeaturePacks/TP_RollingBP.upack' (chunk index -1, root 'root:/') mounted
[2022.12.03-01.56.11:853][  0]LogShaderLibrary: Display: ShaderCodeLibraryPakFileMountedCallback: pending pak file info (ChunkID:-1 Root:root:/ File:C:/Program Files/Epic Games/UE_4.27/FeaturePacks/TP_RollingBP.upack)
[2022.12.03-01.56.11:853][  0]LogPakFile: OnPakFileMounted2Time == 0.000036
[2022.12.03-01.56.11:855][  0]LogPakFile: PakFile PrimaryIndexSize=188
[2022.12.03-01.56.11:855][  0]LogPakFile: PakFile PathHashIndexSize=101
[2022.12.03-01.56.11:855][  0]LogPakFile: PakFile FullDirectoryIndexSize=150
[2022.12.03-01.56.11:855][  0]LogShaderLibrary: Display: ShaderCodeLibraryPakFileMountedCallback: PakFile 'C:/Program Files/Epic Games/UE_4.27/FeaturePacks/TP_SideScroller.upack' (chunk index -1, root 'root:/') mounted
[2022.12.03-01.56.11:855][  0]LogShaderLibrary: Display: ShaderCodeLibraryPakFileMountedCallback: pending pak file info (ChunkID:-1 Root:root:/ File:C:/Program Files/Epic Games/UE_4.27/FeaturePacks/TP_SideScroller.upack)
[2022.12.03-01.56.11:855][  0]LogPakFile: OnPakFileMounted2Time == 0.000033
[2022.12.03-01.56.11:856][  0]LogPakFile: PakFile PrimaryIndexSize=190
[2022.12.03-01.56.11:856][  0]LogPakFile: PakFile PathHashIndexSize=101
[2022.12.03-01.56.11:856][  0]LogPakFile: PakFile FullDirectoryIndexSize=154
[2022.12.03-01.56.11:856][  0]LogShaderLibrary: Display: ShaderCodeLibraryPakFileMountedCallback: PakFile 'C:/Program Files/Epic Games/UE_4.27/FeaturePacks/TP_SideScrollerBP.upack' (chunk index -1, root 'root:/') mounted
[2022.12.03-01.56.11:856][  0]LogShaderLibrary: Display: ShaderCodeLibraryPakFileMountedCallback: pending pak file info (ChunkID:-1 Root:root:/ File:C:/Program Files/Epic Games/UE_4.27/FeaturePacks/TP_SideScrollerBP.upack)
[2022.12.03-01.56.11:856][  0]LogPakFile: OnPakFileMounted2Time == 0.000033
[2022.12.03-01.56.11:858][  0]LogPakFile: PakFile PrimaryIndexSize=187
[2022.12.03-01.56.11:858][  0]LogPakFile: PakFile PathHashIndexSize=101
[2022.12.03-01.56.11:858][  0]LogPakFile: PakFile FullDirectoryIndexSize=148
[2022.12.03-01.56.11:858][  0]LogShaderLibrary: Display: ShaderCodeLibraryPakFileMountedCallback: PakFile 'C:/Program Files/Epic Games/UE_4.27/FeaturePacks/TP_ThirdPerson.upack' (chunk index -1, root 'root:/') mounted
[2022.12.03-01.56.11:858][  0]LogShaderLibrary: Display: ShaderCodeLibraryPakFileMountedCallback: pending pak file info (ChunkID:-1 Root:root:/ File:C:/Program Files/Epic Games/UE_4.27/FeaturePacks/TP_ThirdPerson.upack)
[2022.12.03-01.56.11:858][  0]LogPakFile: OnPakFileMounted2Time == 0.000039
[2022.12.03-01.56.11:860][  0]LogPakFile: PakFile PrimaryIndexSize=189
[2022.12.03-01.56.11:860][  0]LogPakFile: PakFile PathHashIndexSize=101
[2022.12.03-01.56.11:860][  0]LogPakFile: PakFile FullDirectoryIndexSize=152
[2022.12.03-01.56.11:860][  0]LogShaderLibrary: Display: ShaderCodeLibraryPakFileMountedCallback: PakFile 'C:/Program Files/Epic Games/UE_4.27/FeaturePacks/TP_ThirdPersonBP.upack' (chunk index -1, root 'root:/') mounted
[2022.12.03-01.56.11:860][  0]LogShaderLibrary: Display: ShaderCodeLibraryPakFileMountedCallback: pending pak file info (ChunkID:-1 Root:root:/ File:C:/Program Files/Epic Games/UE_4.27/FeaturePacks/TP_ThirdPersonBP.upack)
[2022.12.03-01.56.11:860][  0]LogPakFile: OnPakFileMounted2Time == 0.000050
[2022.12.03-01.56.11:862][  0]LogPakFile: PakFile PrimaryIndexSize=183
[2022.12.03-01.56.11:862][  0]LogPakFile: PakFile PathHashIndexSize=101
[2022.12.03-01.56.11:862][  0]LogPakFile: PakFile FullDirectoryIndexSize=140
[2022.12.03-01.56.11:862][  0]LogShaderLibrary: Display: ShaderCodeLibraryPakFileMountedCallback: PakFile 'C:/Program Files/Epic Games/UE_4.27/FeaturePacks/TP_TopDown.upack' (chunk index -1, root 'root:/') mounted
[2022.12.03-01.56.11:862][  0]LogShaderLibrary: Display: ShaderCodeLibraryPakFileMountedCallback: pending pak file info (ChunkID:-1 Root:root:/ File:C:/Program Files/Epic Games/UE_4.27/FeaturePacks/TP_TopDown.upack)
[2022.12.03-01.56.11:862][  0]LogPakFile: OnPakFileMounted2Time == 0.000047
[2022.12.03-01.56.11:864][  0]LogPakFile: PakFile PrimaryIndexSize=185
[2022.12.03-01.56.11:864][  0]LogPakFile: PakFile PathHashIndexSize=101
[2022.12.03-01.56.11:864][  0]LogPakFile: PakFile FullDirectoryIndexSize=144
[2022.12.03-01.56.11:864][  0]LogShaderLibrary: Display: ShaderCodeLibraryPakFileMountedCallback: PakFile 'C:/Program Files/Epic Games/UE_4.27/FeaturePacks/TP_TopDownBP.upack' (chunk index -1, root 'root:/') mounted
[2022.12.03-01.56.11:864][  0]LogShaderLibrary: Display: ShaderCodeLibraryPakFileMountedCallback: pending pak file info (ChunkID:-1 Root:root:/ File:C:/Program Files/Epic Games/UE_4.27/FeaturePacks/TP_TopDownBP.upack)
[2022.12.03-01.56.11:864][  0]LogPakFile: OnPakFileMounted2Time == 0.000034
[2022.12.03-01.56.11:865][  0]LogPakFile: PakFile PrimaryIndexSize=185
[2022.12.03-01.56.11:865][  0]LogPakFile: PakFile PathHashIndexSize=101
[2022.12.03-01.56.11:865][  0]LogPakFile: PakFile FullDirectoryIndexSize=144
[2022.12.03-01.56.11:865][  0]LogShaderLibrary: Display: ShaderCodeLibraryPakFileMountedCallback: PakFile 'C:/Program Files/Epic Games/UE_4.27/FeaturePacks/TP_TwinStick.upack' (chunk index -1, root 'root:/') mounted
[2022.12.03-01.56.11:865][  0]LogShaderLibrary: Display: ShaderCodeLibraryPakFileMountedCallback: pending pak file info (ChunkID:-1 Root:root:/ File:C:/Program Files/Epic Games/UE_4.27/FeaturePacks/TP_TwinStick.upack)
[2022.12.03-01.56.11:865][  0]LogPakFile: OnPakFileMounted2Time == 0.000034
[2022.12.03-01.56.11:867][  0]LogPakFile: PakFile PrimaryIndexSize=187
[2022.12.03-01.56.11:867][  0]LogPakFile: PakFile PathHashIndexSize=101
[2022.12.03-01.56.11:867][  0]LogPakFile: PakFile FullDirectoryIndexSize=148
[2022.12.03-01.56.11:867][  0]LogShaderLibrary: Display: ShaderCodeLibraryPakFileMountedCallback: PakFile 'C:/Program Files/Epic Games/UE_4.27/FeaturePacks/TP_TwinStickBP.upack' (chunk index -1, root 'root:/') mounted
[2022.12.03-01.56.11:867][  0]LogShaderLibrary: Display: ShaderCodeLibraryPakFileMountedCallback: pending pak file info (ChunkID:-1 Root:root:/ File:C:/Program Files/Epic Games/UE_4.27/FeaturePacks/TP_TwinStickBP.upack)
[2022.12.03-01.56.11:867][  0]LogPakFile: OnPakFileMounted2Time == 0.000035
[2022.12.03-01.56.11:869][  0]LogPakFile: PakFile PrimaryIndexSize=183
[2022.12.03-01.56.11:869][  0]LogPakFile: PakFile PathHashIndexSize=101
[2022.12.03-01.56.11:869][  0]LogPakFile: PakFile FullDirectoryIndexSize=140
[2022.12.03-01.56.11:869][  0]LogShaderLibrary: Display: ShaderCodeLibraryPakFileMountedCallback: PakFile 'C:/Program Files/Epic Games/UE_4.27/FeaturePacks/TP_Vehicle.upack' (chunk index -1, root 'root:/') mounted
[2022.12.03-01.56.11:869][  0]LogShaderLibrary: Display: ShaderCodeLibraryPakFileMountedCallback: pending pak file info (ChunkID:-1 Root:root:/ File:C:/Program Files/Epic Games/UE_4.27/FeaturePacks/TP_Vehicle.upack)
[2022.12.03-01.56.11:869][  0]LogPakFile: OnPakFileMounted2Time == 0.000036
[2022.12.03-01.56.11:871][  0]LogPakFile: PakFile PrimaryIndexSize=186
[2022.12.03-01.56.11:871][  0]LogPakFile: PakFile PathHashIndexSize=101
[2022.12.03-01.56.11:871][  0]LogPakFile: PakFile FullDirectoryIndexSize=146
[2022.12.03-01.56.11:871][  0]LogShaderLibrary: Display: ShaderCodeLibraryPakFileMountedCallback: PakFile 'C:/Program Files/Epic Games/UE_4.27/FeaturePacks/TP_VehicleAdv.upack' (chunk index -1, root 'root:/') mounted
[2022.12.03-01.56.11:871][  0]LogShaderLibrary: Display: ShaderCodeLibraryPakFileMountedCallback: pending pak file info (ChunkID:-1 Root:root:/ File:C:/Program Files/Epic Games/UE_4.27/FeaturePacks/TP_VehicleAdv.upack)
[2022.12.03-01.56.11:871][  0]LogPakFile: OnPakFileMounted2Time == 0.000034
[2022.12.03-01.56.11:872][  0]LogPakFile: PakFile PrimaryIndexSize=188
[2022.12.03-01.56.11:872][  0]LogPakFile: PakFile PathHashIndexSize=101
[2022.12.03-01.56.11:872][  0]LogPakFile: PakFile FullDirectoryIndexSize=150
[2022.12.03-01.56.11:872][  0]LogShaderLibrary: Display: ShaderCodeLibraryPakFileMountedCallback: PakFile 'C:/Program Files/Epic Games/UE_4.27/FeaturePacks/TP_VehicleAdvBP.upack' (chunk index -1, root 'root:/') mounted
[2022.12.03-01.56.11:872][  0]LogShaderLibrary: Display: ShaderCodeLibraryPakFileMountedCallback: pending pak file info (ChunkID:-1 Root:root:/ File:C:/Program Files/Epic Games/UE_4.27/FeaturePacks/TP_VehicleAdvBP.upack)
[2022.12.03-01.56.11:872][  0]LogPakFile: OnPakFileMounted2Time == 0.000035
[2022.12.03-01.56.11:874][  0]LogPakFile: PakFile PrimaryIndexSize=185
[2022.12.03-01.56.11:874][  0]LogPakFile: PakFile PathHashIndexSize=101
[2022.12.03-01.56.11:874][  0]LogPakFile: PakFile FullDirectoryIndexSize=144
[2022.12.03-01.56.11:874][  0]LogShaderLibrary: Display: ShaderCodeLibraryPakFileMountedCallback: PakFile 'C:/Program Files/Epic Games/UE_4.27/FeaturePacks/TP_VehicleBP.upack' (chunk index -1, root 'root:/') mounted
[2022.12.03-01.56.11:874][  0]LogShaderLibrary: Display: ShaderCodeLibraryPakFileMountedCallback: pending pak file info (ChunkID:-1 Root:root:/ File:C:/Program Files/Epic Games/UE_4.27/FeaturePacks/TP_VehicleBP.upack)
[2022.12.03-01.56.11:874][  0]LogPakFile: OnPakFileMounted2Time == 0.000044
[2022.12.03-01.56.11:876][  0]LogPakFile: PakFile PrimaryIndexSize=192
[2022.12.03-01.56.11:876][  0]LogPakFile: PakFile PathHashIndexSize=101
[2022.12.03-01.56.11:876][  0]LogPakFile: PakFile FullDirectoryIndexSize=158
[2022.12.03-01.56.11:876][  0]LogShaderLibrary: Display: ShaderCodeLibraryPakFileMountedCallback: PakFile 'C:/Program Files/Epic Games/UE_4.27/FeaturePacks/TP_VirtualRealityBP.upack' (chunk index -1, root 'root:/') mounted
[2022.12.03-01.56.11:876][  0]LogShaderLibrary: Display: ShaderCodeLibraryPakFileMountedCallback: pending pak file info (ChunkID:-1 Root:root:/ File:C:/Program Files/Epic Games/UE_4.27/FeaturePacks/TP_VirtualRealityBP.upack)
[2022.12.03-01.56.11:876][  0]LogPakFile: OnPakFileMounted2Time == 0.000039
[2022.12.03-01.56.12:030][  0]LogNativeClassHierarchy: Verbose: Native class hierarchy updated for 'AddContentDialog' in 0.0003 seconds. Added 0 classes and 0 folders.
[2022.12.03-01.56.12:033][  0]LogNativeClassHierarchy: Verbose: Native class hierarchy updated for 'SceneOutliner' in 0.0003 seconds. Added 2 classes and 0 folders.
[2022.12.03-01.56.12:111][  0]LogNativeClassHierarchy: Verbose: Native class hierarchy updated for 'HierarchicalLODOutliner' in 0.0005 seconds. Added 0 classes and 0 folders.
[2022.12.03-01.56.12:111][  0]LogInput: Warning: Action SetDestination uses invalid key OculusGo_Left_Trigger_Click.
[2022.12.03-01.56.12:112][  0]LogInput: Warning: Action ResetVR uses invalid key OculusGo_Left_Back_Click.
[2022.12.03-01.56.12:112][  0]LogInput: Warning: Use -RemoveInvalidKeys to remove instances of these keys from the action mapping.
[2022.12.03-01.56.12:112][  0]LogLoad: (Engine Initialization) Total time: 23.28 seconds
[2022.12.03-01.56.12:112][  0]LogLoad: (Engine Initialization) Total Blueprint compile time: 0.00 seconds
[2022.12.03-01.56.12:167][  0]LogAssetRegistry: Asset discovery search completed in 16.9545 seconds
[2022.12.03-01.56.12:175][  0]LogCollectionManager: Fixed up redirectors for 0 collections in 0.000004 seconds (updated 0 objects)
[2022.12.03-01.56.12:185][  0]LogContentStreaming: Texture pool size now 1000 MB
[2022.12.03-01.56.12:195][  0]LogSlate: Took 0.000594 seconds to synchronously load lazily loaded font '../../../Engine/Content/Editor/Slate/Fonts/FontAwesome.ttf' (139K)
[2022.12.03-01.56.12:195][  0]LogSlate: Took 0.000242 seconds to synchronously load lazily loaded font '../../../Engine/Content/Slate/Fonts/Roboto-Bold.ttf' (160K)
[2022.12.03-01.56.12:393][  1]LogRenderer: Reallocating scene render targets to support 736x560 Format 10 NumSamples 1 (Frame:1).
[2022.12.03-01.56.13:222][ 28]LogSlate: Took 0.003160 seconds to synchronously load lazily loaded font '../../../Engine/Content/Slate/Fonts/Roboto-Light.ttf' (167K)
[2022.12.03-01.56.34:522][982]Cmd: BRUSH ADD SELECTNEWBRUSH
[2022.12.03-01.57.04:208][204]Cmd: TRANSACTION UNDO
[2022.12.03-01.57.04:208][204]LogEditorTransaction: Undo Scale Actors
[2022.12.03-01.57.08:923][406]LogTemp: Warning: Select a mesh. Switch tools to paint vertex colors, blend between textures, or paint directly onto a texture file.
[2022.12.03-01.57.08:926][406]LogSlate: Took 0.000531 seconds to synchronously load lazily loaded font '../../../Engine/Content/Slate/Fonts/Roboto-Italic.ttf' (157K)
[2022.12.03-01.57.24:680][ 98]LogTemp: Warning: Select a mesh. Switch tools to paint vertex colors, blend between textures, or paint directly onto a texture file.
[2022.12.03-01.57.25:434][135]LogTemp: Warning: Select a mesh. Switch tools to paint vertex colors, blend between textures, or paint directly onto a texture file.
[2022.12.03-01.57.35:688][709]LogEditorViewport: Clicking on Actor (context menu): StaticMeshActor (Floor)
[2022.12.03-01.57.37:104][784]LogEditorViewport: Clicking on Actor (context menu): BP_Sky_Sphere_C (Sky Sphere)
[2022.12.03-01.57.45:082][183]Cmd: EDIT COPY
[2022.12.03-01.57.47:235][277]Cmd: EDIT PASTE
[2022.12.03-01.57.51:482][469]Cmd: TRANSACTION UNDO
[2022.12.03-01.57.51:482][469]LogEditorTransaction: Undo Paste
[2022.12.03-01.58.15:337][486]LogEditorViewport: Clicking on Actor (LMB): Brush (Box Brush2)
[2022.12.03-01.58.16:557][515]LogD3D11RHI: Timed out while waiting for GPU to catch up. (0.5 s) (ErrorCode 00000001) (00000000)
